#
# There is insufficient memory for the Java Runtime Environment to continue.
# Native memory allocation (mmap) failed to map 52428800 bytes for Failed to commit area from 0x000000008aa00000 to 0x000000008dc00000 of length 52428800.
# Possible reasons:
#   The system is out of physical RAM or swap space
#   The process is running with CompressedOops enabled, and the Java Heap may be blocking the growth of the native heap
# Possible solutions:
#   Reduce memory load on the system
#   Increase physical memory or swap space
#   Check if swap backing store is full
#   Decrease Java heap size (-Xmx/-Xms)
#   Decrease number of Java threads
#   Decrease Java thread stack sizes (-Xss)
#   Set larger code cache with -XX:ReservedCodeCacheSize=
#   JVM is running with Unscaled Compressed Oops mode in which the Java heap is
#     placed in the first 4GB address space. The Java Heap base address is the
#     maximum limit for the native heap growth. Please use -XX:HeapBaseMinAddress
#     to set the Java Heap base and to place the Java Heap above 4GB virtual address.
# This output file may be truncated or incomplete.
#
#  Out of Memory Error (t:/workspace/open/src/hotspot/os/windows/os_windows.cpp:3271), pid=11552, tid=6348
#
# JRE version: Java(TM) SE Runtime Environment (11.0.6+8) (build 11.0.6+8-LTS)
# Java VM: Java HotSpot(TM) 64-Bit Server VM (11.0.6+8-LTS, mixed mode, tiered, compressed oops, g1 gc, windows-amd64)
# No core dump will be written. Minidumps are not enabled by default on client versions of Windows
#

---------------  S U M M A R Y ------------

Command Line: -Dcom.sun.management.jmxremote -Dcom.sun.management.jmxremote.port=49224 -Dcom.sun.management.jmxremote.authenticate=false -Dcom.sun.management.jmxremote.ssl=false -Djava.rmi.server.hostname=localhost -Dspring.jmx.enabled=true -Dspring.application.admin.enabled=true -Xverify:none -XX:TieredStopAtLevel=1 -Dspring.boot.project.name=Bingofy -Dfile.encoding=UTF-8 com.snapshotprojects.Bingofy.BingofyApplication --spring.output.ansi.enabled=always

Host: Intel(R) Core(TM) i5-4200U CPU @ 1.60GHz, 4 cores, 7G,  Windows 10 , 64 bit Build 18362 (10.0.18362.778)
Time: Thu May  7 13:02:39 2020 India Standard Time elapsed time: 7 seconds (0d 0h 0m 7s)

---------------  T H R E A D  ---------------

Current thread (0x0000028b2a5d6800):  VMThread "VM Thread" [stack: 0x0000009476f00000,0x0000009477000000] [id=6348]

Stack: [0x0000009476f00000,0x0000009477000000]
[error occurred during error reporting (printing stack bounds), id 0xc0000005, EXCEPTION_ACCESS_VIOLATION (0xc0000005) at pc=0x0000028b13e00bad]

Native frames: (J=compiled Java code, j=interpreted, Vv=VM code, C=native code)
V  [jvm.dll+0x63679a]
V  [jvm.dll+0x7755bf]
V  [jvm.dll+0x776c65]
V  [jvm.dll+0x777235]
V  [jvm.dll+0x7771eb]
V  [jvm.dll+0x635e96]
V  [jvm.dll+0x636268]
C  [ntdll.dll+0xa11cf]
C  [ntdll.dll+0x6a209]
C  [ntdll.dll+0x9fe3e]
C  0x0000028b13e00bad

VM_Operation (0x00000094780f9570): CollectForMetadataAllocation, mode: safepoint, requested by thread 0x0000028b2c49d800


---------------  P R O C E S S  ---------------

Threads class SMR info:
_java_thread_list=0x0000028b2ed5bbf0, length=24, elements={
0x0000028b0a2c9800, 0x0000028b2a600000, 0x0000028b2a60b800, 0x0000028b2a61c000,
0x0000028b2a61d000, 0x0000028b2af72800, 0x0000028b2af79000, 0x0000028b2b0a3800,
0x0000028b2b117800, 0x0000028b2b79a000, 0x0000028b2b782000, 0x0000028b2b794000,
0x0000028b2c484800, 0x0000028b2c49d800, 0x0000028b2ca98800, 0x0000028b2cb60000,
0x0000028b2cac6800, 0x0000028b2cfa6000, 0x0000028b2e8c4800, 0x0000028b2d36a800,
0x0000028b2d368800, 0x0000028b2d36a000, 0x0000028b2d369000, 0x0000028b2ed6f000
}

Java Threads: ( => current thread )
  0x0000028b0a2c9800 JavaThread "main" [_thread_blocked, id=13928, stack(0x0000009476900000,0x0000009476a00000)]
  0x0000028b2a600000 JavaThread "Reference Handler" daemon [_thread_blocked, id=7768, stack(0x0000009477000000,0x0000009477100000)]
  0x0000028b2a60b800 JavaThread "Finalizer" daemon [_thread_blocked, id=12820, stack(0x0000009477100000,0x0000009477200000)]
  0x0000028b2a61c000 JavaThread "Signal Dispatcher" daemon [_thread_blocked, id=2664, stack(0x0000009477200000,0x0000009477300000)]
  0x0000028b2a61d000 JavaThread "Attach Listener" daemon [_thread_blocked, id=15828, stack(0x0000009477300000,0x0000009477400000)]
  0x0000028b2af72800 JavaThread "C1 CompilerThread0" daemon [_thread_blocked, id=1276, stack(0x0000009477400000,0x0000009477500000)]
  0x0000028b2af79000 JavaThread "Sweeper thread" daemon [_thread_blocked, id=8564, stack(0x0000009477500000,0x0000009477600000)]
  0x0000028b2b0a3800 JavaThread "Common-Cleaner" daemon [_thread_blocked, id=2992, stack(0x0000009477600000,0x0000009477700000)]
  0x0000028b2b117800 JavaThread "Service Thread" daemon [_thread_blocked, id=15772, stack(0x0000009477700000,0x0000009477800000)]
  0x0000028b2b79a000 JavaThread "RMI TCP Accept-0" daemon [_thread_in_native, id=9460, stack(0x0000009477800000,0x0000009477900000)]
  0x0000028b2b782000 JavaThread "RMI TCP Accept-49224" daemon [_thread_in_native, id=14716, stack(0x0000009477900000,0x0000009477a00000)]
  0x0000028b2b794000 JavaThread "RMI TCP Accept-0" daemon [_thread_in_native, id=12216, stack(0x0000009477a00000,0x0000009477b00000)]
  0x0000028b2c484800 JavaThread "Thread-0" [_thread_blocked, id=13528, stack(0x0000009477f00000,0x0000009478000000)]
  0x0000028b2c49d800 JavaThread "restartedMain" [_thread_blocked, id=13860, stack(0x0000009478000000,0x0000009478100000)]
  0x0000028b2ca98800 JavaThread "RMI TCP Connection(1)-127.0.0.1" daemon [_thread_blocked, id=8352, stack(0x0000009478300000,0x0000009478400000)]
  0x0000028b2cb60000 JavaThread "RMI Scheduler(0)" daemon [_thread_blocked, id=14792, stack(0x0000009478400000,0x0000009478500000)]
  0x0000028b2cac6800 JavaThread "JMX server connection timeout 23" daemon [_thread_blocked, id=9888, stack(0x0000009478500000,0x0000009478600000)]
  0x0000028b2cfa6000 JavaThread "Catalina-utility-1" [_thread_blocked, id=10188, stack(0x0000009478100000,0x0000009478200000)]
  0x0000028b2e8c4800 JavaThread "Catalina-utility-2" [_thread_blocked, id=16172, stack(0x0000009478600000,0x0000009478700000)]
  0x0000028b2d36a800 JavaThread "container-0" [_thread_blocked, id=204, stack(0x0000009478700000,0x0000009478800000)]
  0x0000028b2d368800 JavaThread "mysql-cj-abandoned-connection-cleanup" daemon [_thread_blocked, id=11252, stack(0x0000009478800000,0x0000009478900000)]
  0x0000028b2d36a000 JavaThread "HikariPool-1 housekeeper" daemon [_thread_blocked, id=14496, stack(0x0000009478a00000,0x0000009478b00000)]
  0x0000028b2d369000 JavaThread "HikariPool-1 connection adder" daemon [_thread_blocked, id=12740, stack(0x0000009478b00000,0x0000009478c00000)]
  0x0000028b2ed6f000 JavaThread "Live Reload Server" daemon [_thread_in_native, id=9348, stack(0x0000009478c00000,0x0000009478d00000)]

Other Threads:
=>0x0000028b2a5d6800 VMThread "VM Thread" [stack: 0x0000009476f00000,0x0000009477000000] [id=6348]
  0x0000028b2b809800 WatcherThread [stack: 0x0000009477b00000,0x0000009477c00000] [id=12828]
  0x0000028b0a2e0000 GCTaskThread "GC Thread#0" [stack: 0x0000009476a00000,0x0000009476b00000] [id=244]
  0x0000028b2b822000 GCTaskThread "GC Thread#1" [stack: 0x0000009477c00000,0x0000009477d00000] [id=6568]
  0x0000028b2b822800 GCTaskThread "GC Thread#2" [stack: 0x0000009477d00000,0x0000009477e00000] [id=9504]
  0x0000028b2c6cd000 GCTaskThread "GC Thread#3" [stack: 0x0000009478200000,0x0000009478300000] [id=11212]
  0x0000028b0a310800 ConcurrentGCThread "G1 Main Marker" [stack: 0x0000009476b00000,0x0000009476c00000] [id=5232]
  0x0000028b0a313000 ConcurrentGCThread "G1 Conc#0" [stack: 0x0000009476c00000,0x0000009476d00000] [id=15324]
  0x0000028b0a38d800 ConcurrentGCThread "G1 Refine#0" [stack: 0x0000009476d00000,0x0000009476e00000] [id=11548]
  0x0000028b2b260800 ConcurrentGCThread "G1 Refine#1" [stack: 0x0000009477e00000,0x0000009477f00000] [id=15968]
  0x0000028b2a446800 ConcurrentGCThread "G1 Young RemSet Sampling" [stack: 0x0000009476e00000,0x0000009476f00000] [id=1448]

Threads with active compile tasks:

VM state:at safepoint (normal execution)

VM Mutex/Monitor currently owned by a thread:  ([mutex/lock_event])
[0x0000028b0a2c6040] Threads_lock - owner thread: 0x0000028b2a5d6800
[0x0000028b0a2c5e90] Heap_lock - owner thread: 0x0000028b2c49d800

Heap address: 0x0000000081000000, size: 2032 MB, Compressed Oops mode: 32-bit
Narrow klass base: 0x0000000000000000, Narrow klass shift: 3
Compressed class space size: 1073741824 Address: 0x0000000100000000

Heap:
 garbage-first heap   total 208896K, used 25140K [0x0000000081000000, 0x0000000100000000)
  region size 1024K, 9 young (9216K), 9 survivors (9216K)
 Metaspace       used 57440K, capacity 59082K, committed 59216K, reserved 1110016K
  class space    used 7580K, capacity 8210K, committed 8320K, reserved 1048576K
Heap Regions: E=young(eden), S=young(survivor), O=old, HS=humongous(starts), HC=humongous(continues), CS=collection set, F=free, A=archive, TAMS=top-at-mark-start (previous, next)
|   0|0x0000000081000000, 0x0000000081100000, 0x0000000081100000|100%|HS|  |TAMS 0x0000000081100000, 0x0000000081100000| Complete 
|   1|0x0000000081100000, 0x0000000081200000, 0x0000000081200000|100%| O|  |TAMS 0x0000000081200000, 0x0000000081200000| Untracked 
|   2|0x0000000081200000, 0x0000000081300000, 0x0000000081300000|100%| O|  |TAMS 0x0000000081300000, 0x0000000081300000| Untracked 
|   3|0x0000000081300000, 0x0000000081400000, 0x0000000081400000|100%| O|  |TAMS 0x0000000081400000, 0x0000000081400000| Untracked 
|   4|0x0000000081400000, 0x0000000081500000, 0x0000000081500000|100%| O|  |TAMS 0x0000000081500000, 0x0000000081500000| Untracked 
|   5|0x0000000081500000, 0x0000000081600000, 0x0000000081600000|100%| O|  |TAMS 0x0000000081600000, 0x0000000081600000| Untracked 
|   6|0x0000000081600000, 0x0000000081700000, 0x0000000081700000|100%| O|  |TAMS 0x0000000081700000, 0x0000000081700000| Untracked 
|   7|0x0000000081700000, 0x0000000081800000, 0x0000000081800000|100%| O|  |TAMS 0x00000000817d8a00, 0x0000000081800000| Untracked 
|   8|0x0000000081800000, 0x0000000081900000, 0x0000000081900000|100%| O|  |TAMS 0x0000000081800000, 0x0000000081900000| Untracked 
|   9|0x0000000081900000, 0x0000000081a00000, 0x0000000081a00000|100%| O|  |TAMS 0x0000000081900000, 0x0000000081a00000| Untracked 
|  10|0x0000000081a00000, 0x0000000081b00000, 0x0000000081b00000|100%| O|  |TAMS 0x0000000081a00000, 0x0000000081b00000| Untracked 
|  11|0x0000000081b00000, 0x0000000081c00000, 0x0000000081c00000|100%| O|  |TAMS 0x0000000081b00000, 0x0000000081c00000| Untracked 
|  12|0x0000000081c00000, 0x0000000081d00000, 0x0000000081d00000|100%| O|  |TAMS 0x0000000081c00000, 0x0000000081d00000| Untracked 
|  13|0x0000000081d00000, 0x0000000081e00000, 0x0000000081e00000|100%| O|  |TAMS 0x0000000081d00000, 0x0000000081e00000| Untracked 
|  14|0x0000000081e00000, 0x0000000081f00000, 0x0000000081f00000|100%| O|  |TAMS 0x0000000081e00000, 0x0000000081f00000| Untracked 
|  15|0x0000000081f00000, 0x0000000081faa600, 0x0000000082000000| 66%| O|  |TAMS 0x0000000081f00000, 0x0000000081faa600| Untracked 
|  16|0x0000000082000000, 0x0000000082000000, 0x0000000082100000|  0%| F|  |TAMS 0x0000000082000000, 0x0000000082000000| Untracked 
|  17|0x0000000082100000, 0x0000000082100000, 0x0000000082200000|  0%| F|  |TAMS 0x0000000082100000, 0x0000000082100000| Untracked 
|  18|0x0000000082200000, 0x0000000082200000, 0x0000000082300000|  0%| F|  |TAMS 0x0000000082200000, 0x0000000082200000| Untracked 
|  19|0x0000000082300000, 0x0000000082300000, 0x0000000082400000|  0%| F|  |TAMS 0x0000000082300000, 0x0000000082300000| Untracked 
|  20|0x0000000082400000, 0x0000000082400000, 0x0000000082500000|  0%| F|  |TAMS 0x0000000082400000, 0x0000000082400000| Untracked 
|  21|0x0000000082500000, 0x0000000082500000, 0x0000000082600000|  0%| F|  |TAMS 0x0000000082500000, 0x0000000082500000| Untracked 
|  22|0x0000000082600000, 0x0000000082600000, 0x0000000082700000|  0%| F|  |TAMS 0x0000000082600000, 0x0000000082600000| Untracked 
|  23|0x0000000082700000, 0x0000000082700000, 0x0000000082800000|  0%| F|  |TAMS 0x0000000082700000, 0x0000000082700000| Untracked 
|  24|0x0000000082800000, 0x0000000082800000, 0x0000000082900000|  0%| F|  |TAMS 0x0000000082800000, 0x0000000082800000| Untracked 
|  25|0x0000000082900000, 0x0000000082900000, 0x0000000082a00000|  0%| F|  |TAMS 0x0000000082900000, 0x0000000082900000| Untracked 
|  26|0x0000000082a00000, 0x0000000082a00000, 0x0000000082b00000|  0%| F|  |TAMS 0x0000000082a00000, 0x0000000082a00000| Untracked 
|  27|0x0000000082b00000, 0x0000000082b00000, 0x0000000082c00000|  0%| F|  |TAMS 0x0000000082b00000, 0x0000000082b00000| Untracked 
|  28|0x0000000082c00000, 0x0000000082c00000, 0x0000000082d00000|  0%| F|  |TAMS 0x0000000082c00000, 0x0000000082c00000| Untracked 
|  29|0x0000000082d00000, 0x0000000082d00000, 0x0000000082e00000|  0%| F|  |TAMS 0x0000000082d00000, 0x0000000082d00000| Untracked 
|  30|0x0000000082e00000, 0x0000000082e00000, 0x0000000082f00000|  0%| F|  |TAMS 0x0000000082e00000, 0x0000000082e00000| Untracked 
|  31|0x0000000082f00000, 0x0000000082f00000, 0x0000000083000000|  0%| F|  |TAMS 0x0000000082f00000, 0x0000000082f00000| Untracked 
|  32|0x0000000083000000, 0x0000000083000000, 0x0000000083100000|  0%| F|  |TAMS 0x0000000083000000, 0x0000000083000000| Untracked 
|  33|0x0000000083100000, 0x0000000083100000, 0x0000000083200000|  0%| F|  |TAMS 0x0000000083100000, 0x0000000083100000| Untracked 
|  34|0x0000000083200000, 0x0000000083200000, 0x0000000083300000|  0%| F|  |TAMS 0x0000000083200000, 0x0000000083200000| Untracked 
|  35|0x0000000083300000, 0x0000000083300000, 0x0000000083400000|  0%| F|  |TAMS 0x0000000083300000, 0x0000000083300000| Untracked 
|  36|0x0000000083400000, 0x0000000083400000, 0x0000000083500000|  0%| F|  |TAMS 0x0000000083400000, 0x0000000083400000| Untracked 
|  37|0x0000000083500000, 0x0000000083500000, 0x0000000083600000|  0%| F|  |TAMS 0x0000000083500000, 0x0000000083500000| Untracked 
|  38|0x0000000083600000, 0x0000000083600000, 0x0000000083700000|  0%| F|  |TAMS 0x0000000083600000, 0x0000000083600000| Untracked 
|  39|0x0000000083700000, 0x0000000083700000, 0x0000000083800000|  0%| F|  |TAMS 0x0000000083700000, 0x0000000083700000| Untracked 
|  40|0x0000000083800000, 0x0000000083800000, 0x0000000083900000|  0%| F|  |TAMS 0x0000000083800000, 0x0000000083800000| Untracked 
|  41|0x0000000083900000, 0x0000000083900000, 0x0000000083a00000|  0%| F|  |TAMS 0x0000000083900000, 0x0000000083900000| Untracked 
|  42|0x0000000083a00000, 0x0000000083a00000, 0x0000000083b00000|  0%| F|  |TAMS 0x0000000083a00000, 0x0000000083a00000| Untracked 
|  43|0x0000000083b00000, 0x0000000083b00000, 0x0000000083c00000|  0%| F|  |TAMS 0x0000000083b00000, 0x0000000083b00000| Untracked 
|  44|0x0000000083c00000, 0x0000000083c00000, 0x0000000083d00000|  0%| F|  |TAMS 0x0000000083c00000, 0x0000000083c00000| Untracked 
|  45|0x0000000083d00000, 0x0000000083d00000, 0x0000000083e00000|  0%| F|  |TAMS 0x0000000083d00000, 0x0000000083d00000| Untracked 
|  46|0x0000000083e00000, 0x0000000083e00000, 0x0000000083f00000|  0%| F|  |TAMS 0x0000000083e00000, 0x0000000083e00000| Untracked 
|  47|0x0000000083f00000, 0x0000000083f00000, 0x0000000084000000|  0%| F|  |TAMS 0x0000000083f00000, 0x0000000083f00000| Untracked 
|  48|0x0000000084000000, 0x0000000084000000, 0x0000000084100000|  0%| F|  |TAMS 0x0000000084000000, 0x0000000084000000| Untracked 
|  49|0x0000000084100000, 0x0000000084100000, 0x0000000084200000|  0%| F|  |TAMS 0x0000000084100000, 0x0000000084100000| Untracked 
|  50|0x0000000084200000, 0x0000000084200000, 0x0000000084300000|  0%| F|  |TAMS 0x0000000084200000, 0x0000000084200000| Untracked 
|  51|0x0000000084300000, 0x0000000084300000, 0x0000000084400000|  0%| F|  |TAMS 0x0000000084300000, 0x0000000084300000| Untracked 
|  52|0x0000000084400000, 0x0000000084400000, 0x0000000084500000|  0%| F|  |TAMS 0x0000000084400000, 0x0000000084400000| Untracked 
|  53|0x0000000084500000, 0x0000000084500000, 0x0000000084600000|  0%| F|  |TAMS 0x0000000084500000, 0x0000000084500000| Untracked 
|  54|0x0000000084600000, 0x0000000084600000, 0x0000000084700000|  0%| F|  |TAMS 0x0000000084600000, 0x0000000084600000| Untracked 
|  55|0x0000000084700000, 0x0000000084700000, 0x0000000084800000|  0%| F|  |TAMS 0x0000000084700000, 0x0000000084700000| Untracked 
|  56|0x0000000084800000, 0x0000000084800000, 0x0000000084900000|  0%| F|  |TAMS 0x0000000084800000, 0x0000000084800000| Untracked 
|  57|0x0000000084900000, 0x0000000084900000, 0x0000000084a00000|  0%| F|  |TAMS 0x0000000084900000, 0x0000000084900000| Untracked 
|  58|0x0000000084a00000, 0x0000000084a00000, 0x0000000084b00000|  0%| F|  |TAMS 0x0000000084a00000, 0x0000000084a00000| Untracked 
|  59|0x0000000084b00000, 0x0000000084b00000, 0x0000000084c00000|  0%| F|  |TAMS 0x0000000084b00000, 0x0000000084b00000| Untracked 
|  60|0x0000000084c00000, 0x0000000084c00000, 0x0000000084d00000|  0%| F|  |TAMS 0x0000000084c00000, 0x0000000084c00000| Untracked 
|  61|0x0000000084d00000, 0x0000000084d00000, 0x0000000084e00000|  0%| F|  |TAMS 0x0000000084d00000, 0x0000000084d00000| Untracked 
|  62|0x0000000084e00000, 0x0000000084e00000, 0x0000000084f00000|  0%| F|  |TAMS 0x0000000084e00000, 0x0000000084e00000| Untracked 
|  63|0x0000000084f00000, 0x0000000084f00000, 0x0000000085000000|  0%| F|  |TAMS 0x0000000084f00000, 0x0000000084f00000| Untracked 
|  64|0x0000000085000000, 0x0000000085000000, 0x0000000085100000|  0%| F|  |TAMS 0x0000000085000000, 0x0000000085000000| Untracked 
|  65|0x0000000085100000, 0x0000000085100000, 0x0000000085200000|  0%| F|  |TAMS 0x0000000085100000, 0x0000000085100000| Untracked 
|  66|0x0000000085200000, 0x0000000085200000, 0x0000000085300000|  0%| F|  |TAMS 0x0000000085200000, 0x0000000085200000| Untracked 
|  67|0x0000000085300000, 0x0000000085300000, 0x0000000085400000|  0%| F|  |TAMS 0x0000000085300000, 0x0000000085300000| Untracked 
|  68|0x0000000085400000, 0x0000000085400000, 0x0000000085500000|  0%| F|  |TAMS 0x0000000085400000, 0x0000000085400000| Untracked 
|  69|0x0000000085500000, 0x0000000085500000, 0x0000000085600000|  0%| F|  |TAMS 0x0000000085500000, 0x0000000085500000| Untracked 
|  70|0x0000000085600000, 0x0000000085600000, 0x0000000085700000|  0%| F|  |TAMS 0x0000000085600000, 0x0000000085600000| Untracked 
|  71|0x0000000085700000, 0x0000000085700000, 0x0000000085800000|  0%| F|  |TAMS 0x0000000085700000, 0x0000000085700000| Untracked 
|  72|0x0000000085800000, 0x0000000085800000, 0x0000000085900000|  0%| F|  |TAMS 0x0000000085800000, 0x0000000085800000| Untracked 
|  73|0x0000000085900000, 0x0000000085900000, 0x0000000085a00000|  0%| F|  |TAMS 0x0000000085900000, 0x0000000085900000| Untracked 
|  74|0x0000000085a00000, 0x0000000085a00000, 0x0000000085b00000|  0%| F|  |TAMS 0x0000000085a00000, 0x0000000085a00000| Untracked 
|  75|0x0000000085b00000, 0x0000000085b00000, 0x0000000085c00000|  0%| F|  |TAMS 0x0000000085b00000, 0x0000000085b00000| Untracked 
|  76|0x0000000085c00000, 0x0000000085c00000, 0x0000000085d00000|  0%| F|  |TAMS 0x0000000085c00000, 0x0000000085c00000| Untracked 
|  77|0x0000000085d00000, 0x0000000085d00000, 0x0000000085e00000|  0%| F|  |TAMS 0x0000000085d00000, 0x0000000085d00000| Untracked 
|  78|0x0000000085e00000, 0x0000000085e00000, 0x0000000085f00000|  0%| F|  |TAMS 0x0000000085e00000, 0x0000000085e00000| Untracked 
|  79|0x0000000085f00000, 0x0000000085f00000, 0x0000000086000000|  0%| F|  |TAMS 0x0000000085f00000, 0x0000000085f00000| Untracked 
|  80|0x0000000086000000, 0x0000000086000000, 0x0000000086100000|  0%| F|  |TAMS 0x0000000086000000, 0x0000000086000000| Untracked 
|  81|0x0000000086100000, 0x0000000086100000, 0x0000000086200000|  0%| F|  |TAMS 0x0000000086100000, 0x0000000086100000| Untracked 
|  82|0x0000000086200000, 0x0000000086200000, 0x0000000086300000|  0%| F|  |TAMS 0x0000000086200000, 0x0000000086200000| Untracked 
|  83|0x0000000086300000, 0x0000000086300000, 0x0000000086400000|  0%| F|  |TAMS 0x0000000086300000, 0x0000000086300000| Untracked 
|  84|0x0000000086400000, 0x0000000086400000, 0x0000000086500000|  0%| F|  |TAMS 0x0000000086400000, 0x0000000086400000| Untracked 
|  85|0x0000000086500000, 0x0000000086500000, 0x0000000086600000|  0%| F|  |TAMS 0x0000000086500000, 0x0000000086500000| Untracked 
|  86|0x0000000086600000, 0x0000000086600000, 0x0000000086700000|  0%| F|  |TAMS 0x0000000086600000, 0x0000000086600000| Untracked 
|  87|0x0000000086700000, 0x0000000086700000, 0x0000000086800000|  0%| F|  |TAMS 0x0000000086700000, 0x0000000086700000| Untracked 
|  88|0x0000000086800000, 0x0000000086800000, 0x0000000086900000|  0%| F|  |TAMS 0x0000000086800000, 0x0000000086800000| Untracked 
|  89|0x0000000086900000, 0x0000000086900000, 0x0000000086a00000|  0%| F|  |TAMS 0x0000000086900000, 0x0000000086900000| Untracked 
|  90|0x0000000086a00000, 0x0000000086a00000, 0x0000000086b00000|  0%| F|  |TAMS 0x0000000086a00000, 0x0000000086a00000| Untracked 
|  91|0x0000000086b00000, 0x0000000086b00000, 0x0000000086c00000|  0%| F|  |TAMS 0x0000000086b00000, 0x0000000086b00000| Untracked 
|  92|0x0000000086c00000, 0x0000000086c00000, 0x0000000086d00000|  0%| F|  |TAMS 0x0000000086c00000, 0x0000000086c00000| Untracked 
|  93|0x0000000086d00000, 0x0000000086d00000, 0x0000000086e00000|  0%| F|  |TAMS 0x0000000086d00000, 0x0000000086d00000| Untracked 
|  94|0x0000000086e00000, 0x0000000086e00000, 0x0000000086f00000|  0%| F|  |TAMS 0x0000000086e00000, 0x0000000086e00000| Untracked 
|  95|0x0000000086f00000, 0x0000000086fe2b00, 0x0000000087000000| 88%| S|CS|TAMS 0x0000000086f00000, 0x0000000086f00000| Complete 
|  96|0x0000000087000000, 0x0000000087100000, 0x0000000087100000|100%| S|CS|TAMS 0x0000000087000000, 0x0000000087000000| Complete 
|  97|0x0000000087100000, 0x0000000087200000, 0x0000000087200000|100%| S|CS|TAMS 0x0000000087100000, 0x0000000087100000| Complete 
|  98|0x0000000087200000, 0x0000000087300000, 0x0000000087300000|100%| S|CS|TAMS 0x0000000087200000, 0x0000000087200000| Complete 
|  99|0x0000000087300000, 0x0000000087400000, 0x0000000087400000|100%| S|CS|TAMS 0x0000000087300000, 0x0000000087300000| Complete 
| 100|0x0000000087400000, 0x0000000087500000, 0x0000000087500000|100%| S|CS|TAMS 0x0000000087400000, 0x0000000087400000| Complete 
| 101|0x0000000087500000, 0x0000000087600000, 0x0000000087600000|100%| S|CS|TAMS 0x0000000087500000, 0x0000000087500000| Complete 
| 102|0x0000000087600000, 0x0000000087700000, 0x0000000087700000|100%| S|CS|TAMS 0x0000000087600000, 0x0000000087600000| Complete 
| 103|0x0000000087700000, 0x0000000087800000, 0x0000000087800000|100%| S|CS|TAMS 0x0000000087700000, 0x0000000087700000| Complete 
| 104|0x0000000087800000, 0x0000000087800000, 0x0000000087900000|  0%| F|  |TAMS 0x0000000087800000, 0x0000000087800000| Untracked 
| 105|0x0000000087900000, 0x0000000087900000, 0x0000000087a00000|  0%| F|  |TAMS 0x0000000087900000, 0x0000000087900000| Untracked 
| 106|0x0000000087a00000, 0x0000000087a00000, 0x0000000087b00000|  0%| F|  |TAMS 0x0000000087a00000, 0x0000000087a00000| Untracked 
| 107|0x0000000087b00000, 0x0000000087b00000, 0x0000000087c00000|  0%| F|  |TAMS 0x0000000087b00000, 0x0000000087b00000| Untracked 
| 108|0x0000000087c00000, 0x0000000087c00000, 0x0000000087d00000|  0%| F|  |TAMS 0x0000000087c00000, 0x0000000087c00000| Untracked 
| 109|0x0000000087d00000, 0x0000000087d00000, 0x0000000087e00000|  0%| F|  |TAMS 0x0000000087d00000, 0x0000000087d00000| Untracked 
| 110|0x0000000087e00000, 0x0000000087e00000, 0x0000000087f00000|  0%| F|  |TAMS 0x0000000087e00000, 0x0000000087e00000| Untracked 
| 111|0x0000000087f00000, 0x0000000087f00000, 0x0000000088000000|  0%| F|  |TAMS 0x0000000087f00000, 0x0000000087f00000| Untracked 
| 112|0x0000000088000000, 0x0000000088000000, 0x0000000088100000|  0%| F|  |TAMS 0x0000000088000000, 0x0000000088000000| Untracked 
| 113|0x0000000088100000, 0x0000000088100000, 0x0000000088200000|  0%| F|  |TAMS 0x0000000088100000, 0x0000000088100000| Untracked 
| 114|0x0000000088200000, 0x0000000088200000, 0x0000000088300000|  0%| F|  |TAMS 0x0000000088200000, 0x0000000088200000| Untracked 
| 115|0x0000000088300000, 0x0000000088300000, 0x0000000088400000|  0%| F|  |TAMS 0x0000000088300000, 0x0000000088300000| Untracked 
| 116|0x0000000088400000, 0x0000000088400000, 0x0000000088500000|  0%| F|  |TAMS 0x0000000088400000, 0x0000000088400000| Untracked 
| 117|0x0000000088500000, 0x0000000088500000, 0x0000000088600000|  0%| F|  |TAMS 0x0000000088500000, 0x0000000088500000| Untracked 
| 118|0x0000000088600000, 0x0000000088600000, 0x0000000088700000|  0%| F|  |TAMS 0x0000000088600000, 0x0000000088600000| Untracked 
| 119|0x0000000088700000, 0x0000000088700000, 0x0000000088800000|  0%| F|  |TAMS 0x0000000088700000, 0x0000000088700000| Untracked 
| 120|0x0000000088800000, 0x0000000088800000, 0x0000000088900000|  0%| F|  |TAMS 0x0000000088800000, 0x0000000088800000| Untracked 
| 121|0x0000000088900000, 0x0000000088900000, 0x0000000088a00000|  0%| F|  |TAMS 0x0000000088900000, 0x0000000088900000| Untracked 
| 122|0x0000000088a00000, 0x0000000088a00000, 0x0000000088b00000|  0%| F|  |TAMS 0x0000000088a00000, 0x0000000088a00000| Untracked 
| 123|0x0000000088b00000, 0x0000000088b00000, 0x0000000088c00000|  0%| F|  |TAMS 0x0000000088b00000, 0x0000000088b00000| Untracked 
| 124|0x0000000088c00000, 0x0000000088c00000, 0x0000000088d00000|  0%| F|  |TAMS 0x0000000088c00000, 0x0000000088c00000| Untracked 
| 125|0x0000000088d00000, 0x0000000088d00000, 0x0000000088e00000|  0%| F|  |TAMS 0x0000000088d00000, 0x0000000088d00000| Untracked 
| 126|0x0000000088e00000, 0x0000000088e00000, 0x0000000088f00000|  0%| F|  |TAMS 0x0000000088e00000, 0x0000000088e00000| Untracked 
| 127|0x0000000088f00000, 0x0000000088f00000, 0x0000000089000000|  0%| F|  |TAMS 0x0000000088f00000, 0x0000000088f00000| Untracked 
| 128|0x0000000089000000, 0x0000000089000000, 0x0000000089100000|  0%| F|  |TAMS 0x0000000089000000, 0x0000000089000000| Untracked 
| 129|0x0000000089100000, 0x0000000089100000, 0x0000000089200000|  0%| F|  |TAMS 0x0000000089100000, 0x0000000089100000| Untracked 
| 130|0x0000000089200000, 0x0000000089200000, 0x0000000089300000|  0%| F|  |TAMS 0x0000000089200000, 0x0000000089200000| Untracked 
| 131|0x0000000089300000, 0x0000000089300000, 0x0000000089400000|  0%| F|  |TAMS 0x0000000089300000, 0x0000000089300000| Untracked 
| 132|0x0000000089400000, 0x0000000089400000, 0x0000000089500000|  0%| F|  |TAMS 0x0000000089400000, 0x0000000089400000| Untracked 
| 133|0x0000000089500000, 0x0000000089500000, 0x0000000089600000|  0%| F|  |TAMS 0x0000000089500000, 0x0000000089500000| Untracked 
| 134|0x0000000089600000, 0x0000000089600000, 0x0000000089700000|  0%| F|  |TAMS 0x0000000089600000, 0x0000000089600000| Untracked 
| 135|0x0000000089700000, 0x0000000089700000, 0x0000000089800000|  0%| F|  |TAMS 0x0000000089700000, 0x0000000089700000| Untracked 
| 136|0x0000000089800000, 0x0000000089800000, 0x0000000089900000|  0%| F|  |TAMS 0x0000000089800000, 0x0000000089800000| Untracked 
| 137|0x0000000089900000, 0x0000000089900000, 0x0000000089a00000|  0%| F|  |TAMS 0x0000000089900000, 0x0000000089900000| Untracked 
| 138|0x0000000089a00000, 0x0000000089a00000, 0x0000000089b00000|  0%| F|  |TAMS 0x0000000089a00000, 0x0000000089a00000| Untracked 
| 139|0x0000000089b00000, 0x0000000089b00000, 0x0000000089c00000|  0%| F|  |TAMS 0x0000000089b00000, 0x0000000089b00000| Untracked 
| 140|0x0000000089c00000, 0x0000000089c00000, 0x0000000089d00000|  0%| F|  |TAMS 0x0000000089c00000, 0x0000000089c00000| Untracked 
| 141|0x0000000089d00000, 0x0000000089d00000, 0x0000000089e00000|  0%| F|  |TAMS 0x0000000089d00000, 0x0000000089d00000| Untracked 
| 142|0x0000000089e00000, 0x0000000089e00000, 0x0000000089f00000|  0%| F|  |TAMS 0x0000000089e00000, 0x0000000089e00000| Untracked 
| 143|0x0000000089f00000, 0x0000000089f00000, 0x000000008a000000|  0%| F|  |TAMS 0x0000000089f00000, 0x0000000089f00000| Untracked 
| 144|0x000000008a000000, 0x000000008a000000, 0x000000008a100000|  0%| F|  |TAMS 0x000000008a000000, 0x000000008a000000| Untracked 
| 145|0x000000008a100000, 0x000000008a100000, 0x000000008a200000|  0%| F|  |TAMS 0x000000008a100000, 0x000000008a100000| Untracked 
| 146|0x000000008a200000, 0x000000008a200000, 0x000000008a300000|  0%| F|  |TAMS 0x000000008a200000, 0x000000008a200000| Untracked 
| 147|0x000000008a300000, 0x000000008a300000, 0x000000008a400000|  0%| F|  |TAMS 0x000000008a300000, 0x000000008a300000| Untracked 
| 148|0x000000008a400000, 0x000000008a400000, 0x000000008a500000|  0%| F|  |TAMS 0x000000008a400000, 0x000000008a400000| Untracked 
| 149|0x000000008a500000, 0x000000008a500000, 0x000000008a600000|  0%| F|  |TAMS 0x000000008a500000, 0x000000008a500000| Untracked 
| 150|0x000000008a600000, 0x000000008a600000, 0x000000008a700000|  0%| F|  |TAMS 0x000000008a600000, 0x000000008a600000| Untracked 
| 151|0x000000008a700000, 0x000000008a700000, 0x000000008a800000|  0%| F|  |TAMS 0x000000008a700000, 0x000000008a700000| Untracked 
| 152|0x000000008a800000, 0x000000008a800000, 0x000000008a900000|  0%| F|  |TAMS 0x000000008a800000, 0x000000008a800000| Untracked 
| 153|0x000000008a900000, 0x000000008a900000, 0x000000008aa00000|  0%| F|  |TAMS 0x000000008a900000, 0x000000008a900000| Untracked 

Card table byte_map: [0x0000028b23820000,0x0000028b23c20000] _byte_map_base: 0x0000028b23418000

Marking Bits (Prev, Next): (CMBitMap*) 0x0000028b0a307c48, (CMBitMap*) 0x0000028b0a307c80
 Prev Bits: [0x0000028b24020000, 0x0000028b25fe0000)
 Next Bits: [0x0000028b25fe0000, 0x0000028b27fa0000)

Polling page: 0x0000028b0a070000

Metaspace:

Usage:
  Non-class:     49.68 MB capacity,    48.69 MB ( 98%) used,   820.43 KB (  2%) free+waste,   190.94 KB ( <1%) overhead. 
      Class:      8.02 MB capacity,     7.40 MB ( 92%) used,   536.79 KB (  7%) free+waste,    92.94 KB (  1%) overhead. 
       Both:     57.70 MB capacity,    56.09 MB ( 97%) used,     1.33 MB (  2%) free+waste,   283.88 KB ( <1%) overhead. 

Virtual space:
  Non-class space:       60.00 MB reserved,      49.70 MB ( 83%) committed 
      Class space:        1.00 GB reserved,       8.13 MB ( <1%) committed 
             Both:        1.06 GB reserved,      57.83 MB (  5%) committed 

Chunk freelists:
   Non-Class:  3.00 KB
       Class:  1.75 KB
        Both:  4.75 KB

CodeHeap 'non-profiled nmethods': size=238912Kb used=7912Kb max_used=7912Kb free=230999Kb
 bounds [0x0000028b144b0000, 0x0000028b14c70000, 0x0000028b22e00000]
CodeHeap 'non-nmethods': size=6848Kb used=1236Kb max_used=1236Kb free=5612Kb
 bounds [0x0000028b13e00000, 0x0000028b14070000, 0x0000028b144b0000]
 total_blobs=5487 nmethods=4862 adapters=535
 compilation: enabled
              stopped_count=0, restarted_count=0
 full_count=0

Compilation events (10 events):
Event: 7.854 Thread 0x0000028b2af72800 4858       1       org.springframework.beans.factory.annotation.InjectionMetadata$1::inject (1 bytes)
Event: 7.854 Thread 0x0000028b2af72800 nmethod 4858 0x0000028b14c68a90 code [0x0000028b14c68c40, 0x0000028b14c68d58]
Event: 7.855 Thread 0x0000028b2af72800 4859       1       org.springframework.beans.factory.annotation.InjectionMetadata$1::checkConfigMembers (1 bytes)
Event: 7.855 Thread 0x0000028b2af72800 nmethod 4859 0x0000028b14c68e10 code [0x0000028b14c68fc0, 0x0000028b14c690d8]
Event: 7.855 Thread 0x0000028b2af72800 4861       1       java.lang.reflect.Field::setFieldAccessor (34 bytes)
Event: 7.856 Thread 0x0000028b2af72800 nmethod 4861 0x0000028b14c69190 code [0x0000028b14c69360, 0x0000028b14c69650]
Event: 7.856 Thread 0x0000028b2af72800 4860       1       java.lang.reflect.Field::getRoot (5 bytes)
Event: 7.856 Thread 0x0000028b2af72800 nmethod 4860 0x0000028b14c69710 code [0x0000028b14c698c0, 0x0000028b14c699d8]
Event: 7.857 Thread 0x0000028b2af72800 4862       1       org.springframework.core.annotation.TypeMappedAnnotation$$Lambda$105/0x000000010017a840::extract (6 bytes)
Event: 7.857 Thread 0x0000028b2af72800 nmethod 4862 0x0000028b14c69a90 code [0x0000028b14c69ca0, 0x0000028b14c69fe0]

GC Heap History (10 events):
Event: 2.982 GC heap after
{Heap after GC invocations=7 (full 0):
 garbage-first heap   total 131072K, used 11722K [0x0000000081000000, 0x0000000100000000)
  region size 1024K, 5 young (5120K), 5 survivors (5120K)
 Metaspace       used 26524K, capacity 27309K, committed 27392K, reserved 1073152K
  class space    used 3237K, capacity 3570K, committed 3584K, reserved 1048576K
}
Event: 3.931 GC heap before
{Heap before GC invocations=7 (full 0):
 garbage-first heap   total 131072K, used 83402K [0x0000000081000000, 0x0000000100000000)
  region size 1024K, 76 young (77824K), 5 survivors (5120K)
 Metaspace       used 31032K, capacity 32145K, committed 32384K, reserved 1077248K
  class space    used 3920K, capacity 4371K, committed 4480K, reserved 1048576K
}
Event: 3.943 GC heap after
{Heap after GC invocations=8 (full 0):
 garbage-first heap   total 157696K, used 14526K [0x0000000081000000, 0x0000000100000000)
  region size 1024K, 8 young (8192K), 8 survivors (8192K)
 Metaspace       used 31032K, capacity 32145K, committed 32384K, reserved 1077248K
  class space    used 3920K, capacity 4371K, committed 4480K, reserved 1048576K
}
Event: 4.645 GC heap before
{Heap before GC invocations=8 (full 0):
 garbage-first heap   total 157696K, used 47294K [0x0000000081000000, 0x0000000100000000)
  region size 1024K, 41 young (41984K), 8 survivors (8192K)
 Metaspace       used 34585K, capacity 35829K, committed 35920K, reserved 1081344K
  class space    used 4432K, capacity 4952K, committed 4992K, reserved 1048576K
}
Event: 4.672 GC heap after
{Heap after GC invocations=9 (full 0):
 garbage-first heap   total 157696K, used 16534K [0x0000000081000000, 0x0000000100000000)
  region size 1024K, 9 young (9216K), 9 survivors (9216K)
 Metaspace       used 34585K, capacity 35829K, committed 35920K, reserved 1081344K
  class space    used 4432K, capacity 4952K, committed 4992K, reserved 1048576K
}
Event: 4.938 GC heap before
{Heap before GC invocations=10 (full 0):
 garbage-first heap   total 157696K, used 100502K [0x0000000081000000, 0x0000000100000000)
  region size 1024K, 92 young (94208K), 9 survivors (9216K)
 Metaspace       used 35876K, capacity 37140K, committed 37328K, reserved 1081344K
  class space    used 4556K, capacity 5090K, committed 5120K, reserved 1048576K
}
Event: 4.960 GC heap after
{Heap after GC invocations=11 (full 0):
 garbage-first heap   total 157696K, used 17788K [0x0000000081000000, 0x0000000100000000)
  region size 1024K, 7 young (7168K), 7 survivors (7168K)
 Metaspace       used 35876K, capacity 37140K, committed 37328K, reserved 1081344K
  class space    used 4556K, capacity 5090K, committed 5120K, reserved 1048576K
}
Event: 6.504 GC heap before
{Heap before GC invocations=11 (full 0):
 garbage-first heap   total 157696K, used 103804K [0x0000000081000000, 0x0000000100000000)
  region size 1024K, 92 young (94208K), 7 survivors (7168K)
 Metaspace       used 49979K, capacity 51360K, committed 51664K, reserved 1093632K
  class space    used 6572K, capacity 7114K, committed 7168K, reserved 1048576K
}
Event: 6.519 GC heap after
{Heap after GC invocations=12 (full 0):
 garbage-first heap   total 157696K, used 22430K [0x0000000081000000, 0x0000000100000000)
  region size 1024K, 11 young (11264K), 11 survivors (11264K)
 Metaspace       used 49979K, capacity 51360K, committed 51664K, reserved 1093632K
  class space    used 6572K, capacity 7114K, committed 7168K, reserved 1048576K
}
Event: 7.859 GC heap before
{Heap before GC invocations=12 (full 0):
 garbage-first heap   total 157696K, used 72606K [0x0000000081000000, 0x0000000100000000)
  region size 1024K, 61 young (62464K), 11 survivors (11264K)
 Metaspace       used 57440K, capacity 59082K, committed 59216K, reserved 1110016K
  class space    used 7580K, capacity 8210K, committed 8320K, reserved 1048576K
}

Deoptimization events (0 events):
No events

Classes redefined (0 events):
No events

Internal exceptions (10 events):
Event: 7.296 Thread 0x0000028b2c49d800 Exception <a 'java/lang/ClassNotFoundException'{0x00000000893eba08}: org/springframework/beans/factory/config/PropertiesFactoryBeanCustomizer> (0x00000000893eba08) thrown at [t:/workspace/open/src/hotspot/share/classfile/systemDictionary.cpp, line 231]
Event: 7.299 Thread 0x0000028b2c49d800 Exception <a 'java/lang/ClassNotFoundException'{0x000000008920d678}: org/springframework/beans/factory/FactoryBeanCustomizer> (0x000000008920d678) thrown at [t:/workspace/open/src/hotspot/share/classfile/systemDictionary.cpp, line 231]
Event: 7.299 Thread 0x0000028b2c49d800 Exception <a 'java/lang/ClassNotFoundException'{0x0000000089222188}: org/springframework/beans/factory/InitializingBeanCustomizer> (0x0000000089222188) thrown at [t:/workspace/open/src/hotspot/share/classfile/systemDictionary.cpp, line 231]
Event: 7.452 Thread 0x0000028b2c49d800 Exception <a 'java/lang/NoSuchMethodError'{0x0000000088dd0148}: java.lang.invoke.DirectMethodHandle$Holder.invokeInterface(Ljava/lang/Object;Ljava/lang/Object;Ljava/lang/Object;)Ljava/lang/Object;> (0x0000000088dd0148) thrown at [t:/workspace/open/src/hot
Event: 7.513 Thread 0x0000028b2c49d800 Exception <a 'java/lang/ClassNotFoundException'{0x0000000088ac2de0}: java/lang/ObjectCustomizer> (0x0000000088ac2de0) thrown at [t:/workspace/open/src/hotspot/share/classfile/systemDictionary.cpp, line 231]
Event: 7.514 Thread 0x0000028b2c49d800 Exception <a 'java/lang/ClassNotFoundException'{0x0000000088ad9880}: com/snapshotprojects/Bingofy/entities/ApplicationUserCustomizer> (0x0000000088ad9880) thrown at [t:/workspace/open/src/hotspot/share/classfile/systemDictionary.cpp, line 231]
Event: 7.519 Thread 0x0000028b2c49d800 Exception <a 'java/lang/ClassNotFoundException'{0x000000008890ac20}: org/springframework/security/core/userdetails/UserDetailsCustomizer> (0x000000008890ac20) thrown at [t:/workspace/open/src/hotspot/share/classfile/systemDictionary.cpp, line 231]
Event: 7.545 Thread 0x0000028b2c49d800 Exception <a 'java/lang/NoSuchMethodError'{0x0000000088808d78}: java.lang.invoke.DirectMethodHandle$Holder.invokeVirtual(Ljava/lang/Object;Ljava/lang/Object;Ljava/lang/Object;)I> (0x0000000088808d78) thrown at [t:/workspace/open/src/hotspot/share/interpre
Event: 7.590 Thread 0x0000028b2c49d800 Exception <a 'java/lang/IncompatibleClassChangeError'{0x00000000887bf628}: Found class java.lang.Object, but interface was expected> (0x00000000887bf628) thrown at [t:/workspace/open/src/hotspot/share/interpreter/linkResolver.cpp, line 838]
Event: 7.693 Thread 0x0000028b2c49d800 Exception <a 'java/lang/NoSuchMethodError'{0x000000008810d0c0}: java.lang.invoke.DirectMethodHandle$Holder.invokeStatic(Ljava/lang/Object;ILjava/lang/Object;Ljava/lang/Object;)Ljava/lang/Object;> (0x000000008810d0c0) thrown at [t:/workspace/open/src/hotsp

Events (10 events):
Event: 7.853 loading class org/springframework/security/core/AuthenticatedPrincipal done
Event: 7.857 loading class org/springframework/cglib/proxy/MethodProxy$FastClassInfo
Event: 7.857 loading class org/springframework/cglib/proxy/MethodProxy$FastClassInfo done
Event: 7.857 loading class org/springframework/cglib/reflect/FastClass$Generator
Event: 7.857 loading class org/springframework/cglib/reflect/FastClass$Generator done
Event: 7.858 loading class org/springframework/cglib/reflect/FastClass
Event: 7.858 loading class org/springframework/cglib/reflect/FastClass done
Event: 7.858 loading class org/springframework/cglib/reflect/FastClassEmitter
Event: 7.858 loading class org/springframework/cglib/reflect/FastClassEmitter done
Event: 7.859 Executing VM operation: CollectForMetadataAllocation


Dynamic libraries:
0x00007ff6f7f00000 - 0x00007ff6f7f47000 	C:\Program Files\Java\jdk-11.0.6\bin\javaw.exe
0x00007ffeed400000 - 0x00007ffeed5f0000 	C:\WINDOWS\SYSTEM32\ntdll.dll
0x00007ffeec700000 - 0x00007ffeec7b2000 	C:\WINDOWS\System32\KERNEL32.DLL
0x00007ffeea5f0000 - 0x00007ffeea893000 	C:\WINDOWS\System32\KERNELBASE.dll
0x00007ffeecba0000 - 0x00007ffeecc43000 	C:\WINDOWS\System32\ADVAPI32.dll
0x00007ffeec900000 - 0x00007ffeec99e000 	C:\WINDOWS\System32\msvcrt.dll
0x00007ffeecb00000 - 0x00007ffeecb97000 	C:\WINDOWS\System32\sechost.dll
0x00007ffeed2a0000 - 0x00007ffeed3c0000 	C:\WINDOWS\System32\RPCRT4.dll
0x00007ffeeb960000 - 0x00007ffeebaf4000 	C:\WINDOWS\System32\USER32.dll
0x00007ffeea390000 - 0x00007ffeea3b1000 	C:\WINDOWS\System32\win32u.dll
0x00007ffeeb930000 - 0x00007ffeeb956000 	C:\WINDOWS\System32\GDI32.dll
0x00007ffeeb310000 - 0x00007ffeeb4a4000 	C:\WINDOWS\System32\gdi32full.dll
0x00007ffeea980000 - 0x00007ffeeaa1e000 	C:\WINDOWS\System32\msvcp_win.dll
0x00007ffeeaa70000 - 0x00007ffeeab6a000 	C:\WINDOWS\System32\ucrtbase.dll
0x00007ffeddf00000 - 0x00007ffede185000 	C:\WINDOWS\WinSxS\amd64_microsoft.windows.common-controls_6595b64144ccf1df_6.0.18362.778_none_e6c6b761130d4fb8\COMCTL32.dll
0x00007ffeda3e0000 - 0x00007ffeda3ea000 	C:\WINDOWS\SYSTEM32\VERSION.dll
0x00007ffeebcd0000 - 0x00007ffeec006000 	C:\WINDOWS\System32\combase.dll
0x00007ffeea570000 - 0x00007ffeea5f0000 	C:\WINDOWS\System32\bcryptPrimitives.dll
0x00007ffeecac0000 - 0x00007ffeecaee000 	C:\WINDOWS\System32\IMM32.DLL
0x00007ffee41b0000 - 0x00007ffee41c6000 	C:\Program Files\Java\jdk-11.0.6\bin\vcruntime140.dll
0x00007ffeda640000 - 0x00007ffeda6ea000 	C:\Program Files\Java\jdk-11.0.6\bin\msvcp140.dll
0x00007ffea6390000 - 0x00007ffea6eb9000 	C:\Program Files\Java\jdk-11.0.6\bin\server\jvm.dll
0x00007ffeeb4b0000 - 0x00007ffeeb4b8000 	C:\WINDOWS\System32\PSAPI.DLL
0x00007ffee6f80000 - 0x00007ffee6fa4000 	C:\WINDOWS\SYSTEM32\WINMM.dll
0x00007ffee5850000 - 0x00007ffee5859000 	C:\WINDOWS\SYSTEM32\WSOCK32.dll
0x00007ffeed1b0000 - 0x00007ffeed21f000 	C:\WINDOWS\System32\WS2_32.dll
0x00007ffee6f50000 - 0x00007ffee6f7d000 	C:\WINDOWS\SYSTEM32\WINMMBASE.dll
0x00007ffeeaa20000 - 0x00007ffeeaa6a000 	C:\WINDOWS\System32\cfgmgr32.dll
0x00007ffeea2f0000 - 0x00007ffeea301000 	C:\WINDOWS\System32\kernel.appcore.dll
0x00007ffed5aa0000 - 0x00007ffed5ab1000 	C:\Program Files\Java\jdk-11.0.6\bin\verify.dll
0x00007ffed8b40000 - 0x00007ffed8d34000 	C:\WINDOWS\SYSTEM32\DBGHELP.DLL
0x00007ffed8ac0000 - 0x00007ffed8aea000 	C:\WINDOWS\SYSTEM32\dbgcore.DLL
0x00007ffeccbd0000 - 0x00007ffeccbf9000 	C:\Program Files\Java\jdk-11.0.6\bin\java.dll
0x00007ffed5a10000 - 0x00007ffed5a26000 	C:\Program Files\Java\jdk-11.0.6\bin\zip.dll
0x00007ffeddde0000 - 0x00007ffedddea000 	C:\Program Files\Java\jdk-11.0.6\bin\jimage.dll
0x00007ffeec010000 - 0x00007ffeec6f5000 	C:\WINDOWS\System32\SHELL32.dll
0x00007ffeec9a0000 - 0x00007ffeeca49000 	C:\WINDOWS\System32\shcore.dll
0x00007ffeeab70000 - 0x00007ffeeb2f0000 	C:\WINDOWS\System32\windows.storage.dll
0x00007ffeea360000 - 0x00007ffeea383000 	C:\WINDOWS\System32\profapi.dll
0x00007ffeea310000 - 0x00007ffeea35a000 	C:\WINDOWS\System32\powrprof.dll
0x00007ffeea2c0000 - 0x00007ffeea2d0000 	C:\WINDOWS\System32\UMPDC.dll
0x00007ffeeb4c0000 - 0x00007ffeeb512000 	C:\WINDOWS\System32\shlwapi.dll
0x00007ffeeb2f0000 - 0x00007ffeeb307000 	C:\WINDOWS\System32\cryptsp.dll
0x00007ffed4ef0000 - 0x00007ffed4f09000 	C:\Program Files\Java\jdk-11.0.6\bin\net.dll
0x00007ffedbd60000 - 0x00007ffedbe50000 	C:\WINDOWS\SYSTEM32\WINHTTP.dll
0x00007ffee9b30000 - 0x00007ffee9b97000 	C:\WINDOWS\system32\mswsock.dll
0x00007ffed1820000 - 0x00007ffed1833000 	C:\Program Files\Java\jdk-11.0.6\bin\nio.dll
0x00007ffee6de0000 - 0x00007ffee6de9000 	C:\Program Files\Java\jdk-11.0.6\bin\management.dll
0x00007ffee60e0000 - 0x00007ffee60ec000 	C:\Program Files\Java\jdk-11.0.6\bin\management_ext.dll
0x00007ffed8590000 - 0x00007ffed85a6000 	C:\WINDOWS\system32\napinsp.dll
0x00007ffed8520000 - 0x00007ffed853a000 	C:\WINDOWS\system32\pnrpnsp.dll
0x00007ffee9880000 - 0x00007ffee994a000 	C:\WINDOWS\SYSTEM32\DNSAPI.dll
0x00007ffeecaf0000 - 0x00007ffeecaf8000 	C:\WINDOWS\System32\NSI.dll
0x00007ffee9840000 - 0x00007ffee987a000 	C:\WINDOWS\SYSTEM32\IPHLPAPI.DLL
0x00007ffed8510000 - 0x00007ffed851e000 	C:\WINDOWS\System32\winrnr.dll
0x00007ffee6b00000 - 0x00007ffee6b1c000 	C:\WINDOWS\system32\NLAapi.dll
0x00007ffedde70000 - 0x00007ffedde85000 	C:\WINDOWS\system32\wshbth.dll
0x00007ffedc470000 - 0x00007ffedc47a000 	C:\Windows\System32\rasadhlp.dll
0x00007ffedfb10000 - 0x00007ffedfb87000 	C:\WINDOWS\System32\fwpuclnt.dll
0x00007ffeea950000 - 0x00007ffeea976000 	C:\WINDOWS\System32\bcrypt.dll
0x00007ffee96a0000 - 0x00007ffee96d3000 	C:\WINDOWS\system32\rsaenh.dll
0x00007ffeea1b0000 - 0x00007ffeea1d5000 	C:\WINDOWS\SYSTEM32\USERENV.dll
0x00007ffee9d00000 - 0x00007ffee9d0c000 	C:\WINDOWS\SYSTEM32\CRYPTBASE.dll
0x00007ffee0d00000 - 0x00007ffee0d16000 	C:\WINDOWS\SYSTEM32\dhcpcsvc6.DLL
0x00007ffee1e40000 - 0x00007ffee1e5c000 	C:\WINDOWS\SYSTEM32\dhcpcsvc.DLL

dbghelp: loaded successfully - version: 4.0.5 - missing functions: none
symbol engine: initialized successfully - sym options: 0x614 - pdb path: .;C:\Program Files\Java\jdk-11.0.6\bin;C:\WINDOWS\SYSTEM32;C:\WINDOWS\WinSxS\amd64_microsoft.windows.common-controls_6595b64144ccf1df_6.0.18362.778_none_e6c6b761130d4fb8;C:\Program Files\Java\jdk-11.0.6\bin\server

VM Arguments:
jvm_args: -Dcom.sun.management.jmxremote -Dcom.sun.management.jmxremote.port=49224 -Dcom.sun.management.jmxremote.authenticate=false -Dcom.sun.management.jmxremote.ssl=false -Djava.rmi.server.hostname=localhost -Dspring.jmx.enabled=true -Dspring.application.admin.enabled=true -Xverify:none -XX:TieredStopAtLevel=1 -Dspring.boot.project.name=Bingofy -Dfile.encoding=UTF-8 
java_command: com.snapshotprojects.Bingofy.BingofyApplication --spring.output.ansi.enabled=always
java_class_path (initial): C:\Users\Priya\Downloads\Bingofy\target\classes;C:\Users\Priya\.m2\repository\org\springframework\boot\spring-boot-starter-data-jpa\2.2.6.RELEASE\spring-boot-starter-data-jpa-2.2.6.RELEASE.jar;C:\Users\Priya\.m2\repository\org\springframework\boot\spring-boot-starter-aop\2.2.6.RELEASE\spring-boot-starter-aop-2.2.6.RELEASE.jar;C:\Users\Priya\.m2\repository\org\aspectj\aspectjweaver\1.9.5\aspectjweaver-1.9.5.jar;C:\Users\Priya\.m2\repository\org\springframework\boot\spring-boot-starter-jdbc\2.2.6.RELEASE\spring-boot-starter-jdbc-2.2.6.RELEASE.jar;C:\Users\Priya\.m2\repository\com\zaxxer\HikariCP\3.4.2\HikariCP-3.4.2.jar;C:\Users\Priya\.m2\repository\org\springframework\spring-jdbc\5.2.5.RELEASE\spring-jdbc-5.2.5.RELEASE.jar;C:\Users\Priya\.m2\repository\jakarta\activation\jakarta.activation-api\1.2.2\jakarta.activation-api-1.2.2.jar;C:\Users\Priya\.m2\repository\jakarta\persistence\jakarta.persistence-api\2.2.3\jakarta.persistence-api-2.2.3.jar;C:\Users\Priya\.m2\repository\jakarta\transaction\jakarta.transaction-api\1.3.3\jakarta.transaction-api-1.3.3.jar;C:\Users\Priya\.m2\repository\org\hibernate\hibernate-core\5.4.12.Final\hibernate-core-5.4.12.Final.jar;C:\Users\Priya\.m2\repository\org\jboss\logging\jboss-logging\3.4.1.Final\jboss-logging-3.4.1.Final.jar;C:\Users\Priya\.m2\repository\org\javassist\javassist\3.24.0-GA\javassist-3.24.0-GA.jar;C:\Users\Priya\.m2\repository\net\bytebuddy\byte-buddy\1.10.8\byte-buddy-1.10.8.jar;C:\Users\Priya\.m2\repository\antlr\antlr\2.7.7\antlr-2.7.7.jar;C:\Users\Priya\.m2\repository\org\jboss\jandex\2.1.1.Final\jandex-2.1.1.Final.jar;C:\Users\Priya\.m2\repository\com\fasterxml\classmate\1.5.1\classmate-1.5.1.jar;C:\Users\Priya\.m2\repository\org\dom4j\dom4j\2.1.1\dom4j-2.1.1.jar;C:\Users\Priya\.m2\repository\org\hibernate\common\hibernate-commons-annotations\5.1.0.Final\hibernate-commons-annotations-5.1.0.Final.jar;C:\Users\Priya\.m2\repository\org\glassfish\jaxb\jaxb-runtime\2.3.2\jaxb-runtime-2.3.2.
Launcher Type: SUN_STANDARD

[Global flags]
     bool BytecodeVerificationLocal                = false                                     {product} {command line}
     bool BytecodeVerificationRemote               = false                                     {product} {command line}
     intx CICompilerCount                          = 3                                         {product} {ergonomic}
     uint ConcGCThreads                            = 1                                         {product} {ergonomic}
     uint G1ConcRefinementThreads                  = 4                                         {product} {ergonomic}
   size_t G1HeapRegionSize                         = 1048576                                   {product} {ergonomic}
    uintx GCDrainStackTargetSize                   = 64                                        {product} {ergonomic}
   size_t InitialHeapSize                          = 134217728                                 {product} {ergonomic}
     bool ManagementServer                         = true                                      {product} {command line}
   size_t MarkStackSize                            = 4194304                                   {product} {ergonomic}
   size_t MaxHeapSize                              = 2130706432                                {product} {ergonomic}
   size_t MaxNewSize                               = 1278214144                                {product} {ergonomic}
   size_t MinHeapDeltaBytes                        = 1048576                                   {product} {ergonomic}
    uintx NonNMethodCodeHeapSize                   = 6973028                                {pd product} {ergonomic}
    uintx NonProfiledCodeHeapSize                  = 244685212                              {pd product} {ergonomic}
    uintx ProfiledCodeHeapSize                     = 0                                      {pd product} {ergonomic}
    uintx ReservedCodeCacheSize                    = 251658240                              {pd product} {ergonomic}
     bool SegmentedCodeCache                       = true                                      {product} {ergonomic}
     intx TieredStopAtLevel                        = 1                                         {product} {command line}
     bool UseCompressedClassPointers               = true                                 {lp64_product} {ergonomic}
     bool UseCompressedOops                        = true                                 {lp64_product} {ergonomic}
     bool UseG1GC                                  = true                                      {product} {ergonomic}
     bool UseLargePagesIndividualAllocation        = false                                  {pd product} {ergonomic}

Logging:
Log output configuration:
 #0: stdout all=warning uptime,level,tags
 #1: stderr all=off uptime,level,tags

Environment Variables:
JAVA_HOME=C:\Program Files\Java\jdk-11.0.6
PATH=C:/Program Files/Java/jdk-11.0.6/bin/server;C:/Program Files/Java/jdk-11.0.6/bin;C:\Program Files\Java\jdk-11.0.6\bin;C:\Users\Priya\AppData\Local\Android\Sdk;C:\Program Files (x86)\Common Files\Oracle\Java\javapath;C:\ProgramData\Oracle\Java\javapath;C:\Users\Nikhil\AppData\Local\Android\android-sdk\platform-tools;C:\Program Files (x86)\Intel\iCLS Client\;C:\Program Files\Intel\iCLS Client\;C:\WINDOWS\system32;C:\WINDOWS;C:\WINDOWS\System32\Wbem;C:\WINDOWS\System32\WindowsPowerShell\v1.0\;C:\Program Files\Hewlett-Packard\SimplePass\;C:\Program Files (x86)\Windows Live\Shared;C:\Program Files\Intel\Intel(R) Management Engine Components\DAL;C:\Program Files\Intel\Intel(R) Management Engine Components\IPT;C:\Program Files (x86)\Intel\Intel(R) Management Engine Components\DAL;C:\Program Files (x86)\Intel\Intel(R) Management Engine Components\IPT;C:\Program Files (x86)\ATI Technologies\ATI.ACE\Core-Static;F:\Development\Tools;C:\Program Files (x86)\Microsoft SQL Server\100\Tools\Binn\;C:\Program Files\Microsoft SQL Server\100\Tools\Binn\;C:\Program Files\Microsoft SQL Server\100\DTS\Binn\;C:\Android;C:\Windows\System32;C:\Program Files\PuTTY\;C:\WINDOWS\System32\OpenSSH\;C:\Program Files\Git\cmd;C:\xampp\mysql\bin;C:\Program Files\nodejs\;C:\Program Files\TortoiseSVN\bin;C:\Program Files\Java\jdk-11.0.6\bin;C:\Program Files (x86)\Yarn\bin\;C:\Program Files\Microsoft SQL Server\130\Tools\Binn\;C:\Users\Priya\AppData\Local\Microsoft\WindowsApps;C:\Users\Priya\AppData\Roaming\npm;C:\Users\Priya\AppData\Local\Yarn\bin;C:\Users\Priya\eclipse\jee-2020-03\eclipse;
USERNAME=Priya
OS=Windows_NT
PROCESSOR_IDENTIFIER=Intel64 Family 6 Model 69 Stepping 1, GenuineIntel



---------------  S Y S T E M  ---------------

OS: Windows 10 , 64 bit Build 18362 (10.0.18362.778)

CPU:total 4 (initial active 4) (2 cores per cpu, 2 threads per core) family 6 model 69 stepping 1, cmov, cx8, fxsr, mmx, sse, sse2, sse3, ssse3, sse4.1, sse4.2, popcnt, avx, avx2, aes, clmul, erms, lzcnt, ht, tsc, tscinvbit, bmi1, bmi2, fma

Memory: 4k page, system-wide physical 8122M (1124M free)
TotalPageFile size 10545M (AvailPageFile size 0M)
current process WorkingSet (physical memory assigned to process): 248M, peak: 248M
current process commit charge ("private bytes"): 314M, peak: 364M

vm_info: Java HotSpot(TM) 64-Bit Server VM (11.0.6+8-LTS) for windows-amd64 JRE (11.0.6+8-LTS), built on Dec 11 2019 09:17:57 by "mach5one" with MS VC++ 15.5 (VS2017)

END.
