#
# There is insufficient memory for the Java Runtime Environment to continue.
# Native memory allocation (malloc) failed to allocate 2428336 bytes for Chunk::new
# Possible reasons:
#   The system is out of physical RAM or swap space
#   The process is running with CompressedOops enabled, and the Java Heap may be blocking the growth of the native heap
# Possible solutions:
#   Reduce memory load on the system
#   Increase physical memory or swap space
#   Check if swap backing store is full
#   Decrease Java heap size (-Xmx/-Xms)
#   Decrease number of Java threads
#   Decrease Java thread stack sizes (-Xss)
#   Set larger code cache with -XX:ReservedCodeCacheSize=
#   JVM is running with Unscaled Compressed Oops mode in which the Java heap is
#     placed in the first 4GB address space. The Java Heap base address is the
#     maximum limit for the native heap growth. Please use -XX:HeapBaseMinAddress
#     to set the Java Heap base and to place the Java Heap above 4GB virtual address.
# This output file may be truncated or incomplete.
#
#  Out of Memory Error (t:/workspace/open/src/hotspot/share/memory/arena.cpp:197), pid=11072, tid=22252
#
# JRE version: Java(TM) SE Runtime Environment (11.0.6+8) (build 11.0.6+8-LTS)
# Java VM: Java HotSpot(TM) 64-Bit Server VM (11.0.6+8-LTS, mixed mode, tiered, compressed oops, g1 gc, windows-amd64)
# No core dump will be written. Minidumps are not enabled by default on client versions of Windows
#

---------------  S U M M A R Y ------------

Command Line: -Dfile.encoding=UTF-8 com.snapshotprojects.Bingofy.BingofyApplication

Host: Intel(R) Core(TM) i5-4200U CPU @ 1.60GHz, 4 cores, 7G,  Windows 10 , 64 bit Build 18362 (10.0.18362.329)
Time: Tue Apr 14 16:45:35 2020 India Standard Time elapsed time: 22 seconds (0d 0h 0m 22s)

---------------  T H R E A D  ---------------

Current thread (0x00000252426c8800):  JavaThread "C2 CompilerThread0" daemon [_thread_in_native, id=22252, stack(0x000000ee84000000,0x000000ee84100000)]


Current CompileTask:
C2:  22037 6091       4       org.springframework.core.ResolvableType::as (86 bytes)

Stack: [0x000000ee84000000,0x000000ee84100000]
Native frames: (J=compiled Java code, j=interpreted, Vv=VM code, C=native code)
V  [jvm.dll+0x63679a]
V  [jvm.dll+0x7755bf]
V  [jvm.dll+0x776c65]
V  [jvm.dll+0x7772d3]
V  [jvm.dll+0x25e7f8]
V  [jvm.dll+0xc1c01]
V  [jvm.dll+0xc219c]
V  [jvm.dll+0x36d932]
V  [jvm.dll+0x33a7b3]
V  [jvm.dll+0x339b8a]
V  [jvm.dll+0x218355]
V  [jvm.dll+0x2174fa]
V  [jvm.dll+0x193a2c]
V  [jvm.dll+0x226544]
V  [jvm.dll+0x224b28]
V  [jvm.dll+0x73a9c5]
V  [jvm.dll+0x733905]
V  [jvm.dll+0x635846]
C  [ucrtbase.dll+0x20e72]
C  [KERNEL32.DLL+0x17bd4]
C  [ntdll.dll+0x6ced1]


---------------  P R O C E S S  ---------------

Threads class SMR info:
_java_thread_list=0x0000025248e88f70, length=30, elements={
0x00000252426b0800, 0x00000252426b9800, 0x0000025243022800, 0x00000252426c4800,
0x00000252426c8800, 0x00000252426d9800, 0x00000252426de800, 0x00000252431b5800,
0x00000252431b8800, 0x000002524366a000, 0x0000025248e30800, 0x0000025246b3d800,
0x00000252479c6000, 0x0000025249f89000, 0x0000025246bed000, 0x0000025246bee800,
0x0000025246bf1800, 0x0000025246bef000, 0x0000025246bf0000, 0x0000025246bf1000,
0x0000025246bec000, 0x0000025246bf2800, 0x0000025246bed800, 0x0000025249012800,
0x0000025249013000, 0x0000025249010000, 0x0000025249014000, 0x0000025249015000,
0x0000025249011000, 0x0000025249015800
}

Java Threads: ( => current thread )
  0x00000252426b0800 JavaThread "Reference Handler" daemon [_thread_blocked, id=10700, stack(0x000000ee83c00000,0x000000ee83d00000)]
  0x00000252426b9800 JavaThread "Finalizer" daemon [_thread_blocked, id=9640, stack(0x000000ee83d00000,0x000000ee83e00000)]
  0x0000025243022800 JavaThread "Signal Dispatcher" daemon [_thread_blocked, id=17896, stack(0x000000ee83e00000,0x000000ee83f00000)]
  0x00000252426c4800 JavaThread "Attach Listener" daemon [_thread_blocked, id=3400, stack(0x000000ee83f00000,0x000000ee84000000)]
=>0x00000252426c8800 JavaThread "C2 CompilerThread0" daemon [_thread_in_native, id=22252, stack(0x000000ee84000000,0x000000ee84100000)]
  0x00000252426d9800 JavaThread "C1 CompilerThread0" daemon [_thread_blocked, id=13856, stack(0x000000ee84100000,0x000000ee84200000)]
  0x00000252426de800 JavaThread "Sweeper thread" daemon [_thread_blocked, id=10348, stack(0x000000ee84200000,0x000000ee84300000)]
  0x00000252431b5800 JavaThread "Service Thread" daemon [_thread_blocked, id=17416, stack(0x000000ee84300000,0x000000ee84400000)]
  0x00000252431b8800 JavaThread "Common-Cleaner" daemon [_thread_blocked, id=6360, stack(0x000000ee84500000,0x000000ee84600000)]
  0x000002524366a000 JavaThread "Catalina-utility-1" [_thread_blocked, id=16440, stack(0x000000ee84b00000,0x000000ee84c00000)]
  0x0000025248e30800 JavaThread "Catalina-utility-2" [_thread_blocked, id=7272, stack(0x000000ee84d00000,0x000000ee84e00000)]
  0x0000025246b3d800 JavaThread "container-0" [_thread_blocked, id=14272, stack(0x000000ee84e00000,0x000000ee84f00000)]
  0x00000252479c6000 JavaThread "mysql-cj-abandoned-connection-cleanup" daemon [_thread_blocked, id=24664, stack(0x000000ee84f00000,0x000000ee85000000)]
  0x0000025249f89000 JavaThread "HikariPool-1 housekeeper" daemon [_thread_blocked, id=16756, stack(0x000000ee85100000,0x000000ee85200000)]
  0x0000025246bed000 JavaThread "Live Reload Server" daemon [_thread_in_native, id=16732, stack(0x000000ee85400000,0x000000ee85500000)]
  0x0000025246bee800 JavaThread "File Watcher" daemon [_thread_blocked, id=21052, stack(0x000000ee85200000,0x000000ee85300000)]
  0x0000025246bf1800 JavaThread "http-nio-8081-BlockPoller" daemon [_thread_in_native, id=15328, stack(0x000000ee85300000,0x000000ee85400000)]
  0x0000025246bef000 JavaThread "http-nio-8081-exec-1" daemon [_thread_blocked, id=4620, stack(0x000000ee85500000,0x000000ee85600000)]
  0x0000025246bf0000 JavaThread "http-nio-8081-exec-2" daemon [_thread_blocked, id=18024, stack(0x000000ee85600000,0x000000ee85700000)]
  0x0000025246bf1000 JavaThread "http-nio-8081-exec-3" daemon [_thread_blocked, id=23976, stack(0x000000ee85700000,0x000000ee85800000)]
  0x0000025246bec000 JavaThread "http-nio-8081-exec-4" daemon [_thread_blocked, id=16604, stack(0x000000ee85800000,0x000000ee85900000)]
  0x0000025246bf2800 JavaThread "http-nio-8081-exec-5" daemon [_thread_blocked, id=6124, stack(0x000000ee85900000,0x000000ee85a00000)]
  0x0000025246bed800 JavaThread "http-nio-8081-exec-6" daemon [_thread_blocked, id=17248, stack(0x000000ee85a00000,0x000000ee85b00000)]
  0x0000025249012800 JavaThread "http-nio-8081-exec-7" daemon [_thread_blocked, id=21708, stack(0x000000ee85b00000,0x000000ee85c00000)]
  0x0000025249013000 JavaThread "http-nio-8081-exec-8" daemon [_thread_blocked, id=13188, stack(0x000000ee85c00000,0x000000ee85d00000)]
  0x0000025249010000 JavaThread "http-nio-8081-exec-9" daemon [_thread_blocked, id=12060, stack(0x000000ee85d00000,0x000000ee85e00000)]
  0x0000025249014000 JavaThread "http-nio-8081-exec-10" daemon [_thread_blocked, id=26300, stack(0x000000ee85e00000,0x000000ee85f00000)]
  0x0000025249015000 JavaThread "http-nio-8081-ClientPoller" daemon [_thread_in_native, id=8536, stack(0x000000ee85f00000,0x000000ee86000000)]
  0x0000025249011000 JavaThread "http-nio-8081-Acceptor" daemon [_thread_in_native, id=18732, stack(0x000000ee86000000,0x000000ee86100000)]
  0x0000025249015800 JavaThread "DestroyJavaVM" [_thread_blocked, id=22368, stack(0x000000ee83500000,0x000000ee83600000)]

Other Threads:
  0x000002524268a800 VMThread "VM Thread" [stack: 0x000000ee83b00000,0x000000ee83c00000] [id=22848]
  0x00000252431bc000 WatcherThread [stack: 0x000000ee84400000,0x000000ee84500000] [id=16048]
  0x00000252242be000 GCTaskThread "GC Thread#0" [stack: 0x000000ee83600000,0x000000ee83700000] [id=23120]
  0x0000025243e59800 GCTaskThread "GC Thread#1" [stack: 0x000000ee84700000,0x000000ee84800000] [id=26204]
  0x0000025243e96800 GCTaskThread "GC Thread#2" [stack: 0x000000ee84800000,0x000000ee84900000] [id=9196]
  0x0000025244473000 GCTaskThread "GC Thread#3" [stack: 0x000000ee84c00000,0x000000ee84d00000] [id=28516]
  0x00000252242ec800 ConcurrentGCThread "G1 Main Marker" [stack: 0x000000ee83700000,0x000000ee83800000] [id=25016]
  0x00000252242ee000 ConcurrentGCThread "G1 Conc#0" [stack: 0x000000ee83800000,0x000000ee83900000] [id=11448]
  0x00000252424f6800 ConcurrentGCThread "G1 Refine#0" [stack: 0x000000ee83900000,0x000000ee83a00000] [id=6692]
  0x00000252424f7800 ConcurrentGCThread "G1 Young RemSet Sampling" [stack: 0x000000ee83a00000,0x000000ee83b00000] [id=25068]

Threads with active compile tasks:
C2 CompilerThread06091       4       org.springframework.core.ResolvableType::as (86 bytes)

VM state:not at safepoint (normal execution)

VM Mutex/Monitor currently owned by a thread: None

Heap address: 0x0000000081000000, size: 2032 MB, Compressed Oops mode: 32-bit
Narrow klass base: 0x0000000000000000, Narrow klass shift: 3
Compressed class space size: 1073741824 Address: 0x0000000100000000

Heap:
 garbage-first heap   total 189440K, used 53248K [0x0000000081000000, 0x0000000100000000)
  region size 1024K, 26 young (26624K), 2 survivors (2048K)
 Metaspace       used 72493K, capacity 74203K, committed 74328K, reserved 1114112K
  class space    used 9296K, capacity 9988K, committed 10112K, reserved 1048576K
Heap Regions: E=young(eden), S=young(survivor), O=old, HS=humongous(starts), HC=humongous(continues), CS=collection set, F=free, A=archive, TAMS=top-at-mark-start (previous, next)
|   0|0x0000000081000000, 0x0000000081100000, 0x0000000081100000|100%|HS|  |TAMS 0x0000000081100000, 0x0000000081000000| Complete 
|   1|0x0000000081100000, 0x0000000081200000, 0x0000000081200000|100%| O|  |TAMS 0x0000000081200000, 0x0000000081100000| Untracked 
|   2|0x0000000081200000, 0x0000000081300000, 0x0000000081300000|100%| O|  |TAMS 0x0000000081300000, 0x0000000081200000| Untracked 
|   3|0x0000000081300000, 0x0000000081400000, 0x0000000081400000|100%| O|  |TAMS 0x0000000081400000, 0x0000000081300000| Untracked 
|   4|0x0000000081400000, 0x0000000081500000, 0x0000000081500000|100%| O|  |TAMS 0x0000000081500000, 0x0000000081400000| Untracked 
|   5|0x0000000081500000, 0x0000000081600000, 0x0000000081600000|100%| O|  |TAMS 0x0000000081600000, 0x0000000081500000| Untracked 
|   6|0x0000000081600000, 0x0000000081700000, 0x0000000081700000|100%| O|  |TAMS 0x0000000081700000, 0x0000000081600000| Untracked 
|   7|0x0000000081700000, 0x0000000081800000, 0x0000000081800000|100%| O|  |TAMS 0x0000000081800000, 0x0000000081700000| Untracked 
|   8|0x0000000081800000, 0x0000000081900000, 0x0000000081900000|100%| O|  |TAMS 0x0000000081900000, 0x0000000081800000| Untracked 
|   9|0x0000000081900000, 0x0000000081a00000, 0x0000000081a00000|100%| O|  |TAMS 0x0000000081a00000, 0x0000000081900000| Untracked 
|  10|0x0000000081a00000, 0x0000000081b00000, 0x0000000081b00000|100%| O|  |TAMS 0x0000000081b00000, 0x0000000081a00000| Untracked 
|  11|0x0000000081b00000, 0x0000000081c00000, 0x0000000081c00000|100%| O|  |TAMS 0x0000000081c00000, 0x0000000081b00000| Untracked 
|  12|0x0000000081c00000, 0x0000000081d00000, 0x0000000081d00000|100%| O|  |TAMS 0x0000000081d00000, 0x0000000081c00000| Untracked 
|  13|0x0000000081d00000, 0x0000000081e00000, 0x0000000081e00000|100%| O|  |TAMS 0x0000000081de5a00, 0x0000000081d00000| Untracked 
|  14|0x0000000081e00000, 0x0000000081e00000, 0x0000000081f00000|  0%| F|  |TAMS 0x0000000081e00000, 0x0000000081e00000| Untracked 
|  15|0x0000000081f00000, 0x0000000082000000, 0x0000000082000000|100%| O|  |TAMS 0x0000000081f00000, 0x0000000081f00000| Untracked 
|  16|0x0000000082000000, 0x0000000082100000, 0x0000000082100000|100%| O|  |TAMS 0x0000000082000000, 0x0000000082000000| Untracked 
|  17|0x0000000082100000, 0x0000000082200000, 0x0000000082200000|100%| O|  |TAMS 0x0000000082100000, 0x0000000082100000| Untracked 
|  18|0x0000000082200000, 0x0000000082300000, 0x0000000082300000|100%| O|  |TAMS 0x0000000082200000, 0x0000000082200000| Untracked 
|  19|0x0000000082300000, 0x0000000082400000, 0x0000000082400000|100%| O|  |TAMS 0x0000000082300000, 0x0000000082300000| Untracked 
|  20|0x0000000082400000, 0x0000000082400000, 0x0000000082500000|  0%| F|  |TAMS 0x0000000082400000, 0x0000000082400000| Untracked 
|  21|0x0000000082500000, 0x0000000082600000, 0x0000000082600000|100%| O|  |TAMS 0x0000000082500000, 0x0000000082500000| Untracked 
|  22|0x0000000082600000, 0x0000000082700000, 0x0000000082700000|100%| O|  |TAMS 0x0000000082600000, 0x0000000082600000| Untracked 
|  23|0x0000000082700000, 0x0000000082800000, 0x0000000082800000|100%| O|  |TAMS 0x0000000082700000, 0x0000000082700000| Untracked 
|  24|0x0000000082800000, 0x0000000082900000, 0x0000000082900000|100%| O|  |TAMS 0x0000000082800000, 0x0000000082800000| Untracked 
|  25|0x0000000082900000, 0x0000000082a00000, 0x0000000082a00000|100%| O|  |TAMS 0x0000000082900000, 0x0000000082900000| Untracked 
|  26|0x0000000082a00000, 0x0000000082b00000, 0x0000000082b00000|100%| O|  |TAMS 0x0000000082a00000, 0x0000000082a00000| Untracked 
|  27|0x0000000082b00000, 0x0000000082c00000, 0x0000000082c00000|100%| O|  |TAMS 0x0000000082b00000, 0x0000000082b00000| Untracked 
|  28|0x0000000082c00000, 0x0000000082d00000, 0x0000000082d00000|100%| O|  |TAMS 0x0000000082c00000, 0x0000000082c00000| Untracked 
|  29|0x0000000082d00000, 0x0000000082d00000, 0x0000000082e00000|  0%| F|  |TAMS 0x0000000082d00000, 0x0000000082d00000| Untracked 
|  30|0x0000000082e00000, 0x0000000082e00000, 0x0000000082f00000|  0%| F|  |TAMS 0x0000000082e00000, 0x0000000082e00000| Untracked 
|  31|0x0000000082f00000, 0x0000000082f00000, 0x0000000083000000|  0%| F|  |TAMS 0x0000000082f00000, 0x0000000082f00000| Untracked 
|  32|0x0000000083000000, 0x0000000083000000, 0x0000000083100000|  0%| F|  |TAMS 0x0000000083000000, 0x0000000083000000| Untracked 
|  33|0x0000000083100000, 0x0000000083100000, 0x0000000083200000|  0%| F|  |TAMS 0x0000000083100000, 0x0000000083100000| Untracked 
|  34|0x0000000083200000, 0x0000000083200000, 0x0000000083300000|  0%| F|  |TAMS 0x0000000083200000, 0x0000000083200000| Untracked 
|  35|0x0000000083300000, 0x0000000083300000, 0x0000000083400000|  0%| F|  |TAMS 0x0000000083300000, 0x0000000083300000| Untracked 
|  36|0x0000000083400000, 0x0000000083400000, 0x0000000083500000|  0%| F|  |TAMS 0x0000000083400000, 0x0000000083400000| Untracked 
|  37|0x0000000083500000, 0x0000000083500000, 0x0000000083600000|  0%| F|  |TAMS 0x0000000083500000, 0x0000000083500000| Untracked 
|  38|0x0000000083600000, 0x0000000083600000, 0x0000000083700000|  0%| F|  |TAMS 0x0000000083600000, 0x0000000083600000| Untracked 
|  39|0x0000000083700000, 0x0000000083700000, 0x0000000083800000|  0%| F|  |TAMS 0x0000000083700000, 0x0000000083700000| Untracked 
|  40|0x0000000083800000, 0x0000000083800000, 0x0000000083900000|  0%| F|  |TAMS 0x0000000083800000, 0x0000000083800000| Untracked 
|  41|0x0000000083900000, 0x0000000083900000, 0x0000000083a00000|  0%| F|  |TAMS 0x0000000083900000, 0x0000000083900000| Untracked 
|  42|0x0000000083a00000, 0x0000000083a00000, 0x0000000083b00000|  0%| F|  |TAMS 0x0000000083a00000, 0x0000000083a00000| Untracked 
|  43|0x0000000083b00000, 0x0000000083b00000, 0x0000000083c00000|  0%| F|  |TAMS 0x0000000083b00000, 0x0000000083b00000| Untracked 
|  44|0x0000000083c00000, 0x0000000083c00000, 0x0000000083d00000|  0%| F|  |TAMS 0x0000000083c00000, 0x0000000083c00000| Untracked 
|  45|0x0000000083d00000, 0x0000000083d00000, 0x0000000083e00000|  0%| F|  |TAMS 0x0000000083d00000, 0x0000000083d00000| Untracked 
|  46|0x0000000083e00000, 0x0000000083e00000, 0x0000000083f00000|  0%| F|  |TAMS 0x0000000083e00000, 0x0000000083e00000| Untracked 
|  47|0x0000000083f00000, 0x0000000083f00000, 0x0000000084000000|  0%| F|  |TAMS 0x0000000083f00000, 0x0000000083f00000| Untracked 
|  48|0x0000000084000000, 0x0000000084000000, 0x0000000084100000|  0%| F|  |TAMS 0x0000000084000000, 0x0000000084000000| Untracked 
|  49|0x0000000084100000, 0x0000000084100000, 0x0000000084200000|  0%| F|  |TAMS 0x0000000084100000, 0x0000000084100000| Untracked 
|  50|0x0000000084200000, 0x0000000084200000, 0x0000000084300000|  0%| F|  |TAMS 0x0000000084200000, 0x0000000084200000| Untracked 
|  51|0x0000000084300000, 0x0000000084300000, 0x0000000084400000|  0%| F|  |TAMS 0x0000000084300000, 0x0000000084300000| Untracked 
|  52|0x0000000084400000, 0x0000000084400000, 0x0000000084500000|  0%| F|  |TAMS 0x0000000084400000, 0x0000000084400000| Untracked 
|  53|0x0000000084500000, 0x0000000084500000, 0x0000000084600000|  0%| F|  |TAMS 0x0000000084500000, 0x0000000084500000| Untracked 
|  54|0x0000000084600000, 0x0000000084600000, 0x0000000084700000|  0%| F|  |TAMS 0x0000000084600000, 0x0000000084600000| Untracked 
|  55|0x0000000084700000, 0x0000000084700000, 0x0000000084800000|  0%| F|  |TAMS 0x0000000084700000, 0x0000000084700000| Untracked 
|  56|0x0000000084800000, 0x0000000084800000, 0x0000000084900000|  0%| F|  |TAMS 0x0000000084800000, 0x0000000084800000| Untracked 
|  57|0x0000000084900000, 0x0000000084900000, 0x0000000084a00000|  0%| F|  |TAMS 0x0000000084900000, 0x0000000084900000| Untracked 
|  58|0x0000000084a00000, 0x0000000084a00000, 0x0000000084b00000|  0%| F|  |TAMS 0x0000000084a00000, 0x0000000084a00000| Untracked 
|  59|0x0000000084b00000, 0x0000000084b00000, 0x0000000084c00000|  0%| F|  |TAMS 0x0000000084b00000, 0x0000000084b00000| Untracked 
|  60|0x0000000084c00000, 0x0000000084c00000, 0x0000000084d00000|  0%| F|  |TAMS 0x0000000084c00000, 0x0000000084c00000| Untracked 
|  61|0x0000000084d00000, 0x0000000084d00000, 0x0000000084e00000|  0%| F|  |TAMS 0x0000000084d00000, 0x0000000084d00000| Untracked 
|  62|0x0000000084e00000, 0x0000000084e00000, 0x0000000084f00000|  0%| F|  |TAMS 0x0000000084e00000, 0x0000000084e00000| Untracked 
|  63|0x0000000084f00000, 0x0000000084f00000, 0x0000000085000000|  0%| F|  |TAMS 0x0000000084f00000, 0x0000000084f00000| Untracked 
|  64|0x0000000085000000, 0x0000000085000000, 0x0000000085100000|  0%| F|  |TAMS 0x0000000085000000, 0x0000000085000000| Untracked 
|  65|0x0000000085100000, 0x0000000085100000, 0x0000000085200000|  0%| F|  |TAMS 0x0000000085100000, 0x0000000085100000| Untracked 
|  66|0x0000000085200000, 0x0000000085200000, 0x0000000085300000|  0%| F|  |TAMS 0x0000000085200000, 0x0000000085200000| Untracked 
|  67|0x0000000085300000, 0x0000000085300000, 0x0000000085400000|  0%| F|  |TAMS 0x0000000085300000, 0x0000000085300000| Untracked 
|  68|0x0000000085400000, 0x0000000085400000, 0x0000000085500000|  0%| F|  |TAMS 0x0000000085400000, 0x0000000085400000| Untracked 
|  69|0x0000000085500000, 0x0000000085500000, 0x0000000085600000|  0%| F|  |TAMS 0x0000000085500000, 0x0000000085500000| Untracked 
|  70|0x0000000085600000, 0x0000000085600000, 0x0000000085700000|  0%| F|  |TAMS 0x0000000085600000, 0x0000000085600000| Untracked 
|  71|0x0000000085700000, 0x0000000085700000, 0x0000000085800000|  0%| F|  |TAMS 0x0000000085700000, 0x0000000085700000| Untracked 
|  72|0x0000000085800000, 0x0000000085800000, 0x0000000085900000|  0%| F|  |TAMS 0x0000000085800000, 0x0000000085800000| Untracked 
|  73|0x0000000085900000, 0x0000000085900000, 0x0000000085a00000|  0%| F|  |TAMS 0x0000000085900000, 0x0000000085900000| Untracked 
|  74|0x0000000085a00000, 0x0000000085a00000, 0x0000000085b00000|  0%| F|  |TAMS 0x0000000085a00000, 0x0000000085a00000| Untracked 
|  75|0x0000000085b00000, 0x0000000085b00000, 0x0000000085c00000|  0%| F|  |TAMS 0x0000000085b00000, 0x0000000085b00000| Untracked 
|  76|0x0000000085c00000, 0x0000000085c00000, 0x0000000085d00000|  0%| F|  |TAMS 0x0000000085c00000, 0x0000000085c00000| Untracked 
|  77|0x0000000085d00000, 0x0000000085d00000, 0x0000000085e00000|  0%| F|  |TAMS 0x0000000085d00000, 0x0000000085d00000| Untracked 
|  78|0x0000000085e00000, 0x0000000085e00000, 0x0000000085f00000|  0%| F|  |TAMS 0x0000000085e00000, 0x0000000085e00000| Untracked 
|  79|0x0000000085f00000, 0x0000000085f00000, 0x0000000086000000|  0%| F|  |TAMS 0x0000000085f00000, 0x0000000085f00000| Untracked 
|  80|0x0000000086000000, 0x0000000086000000, 0x0000000086100000|  0%| F|  |TAMS 0x0000000086000000, 0x0000000086000000| Untracked 
|  81|0x0000000086100000, 0x0000000086100000, 0x0000000086200000|  0%| F|  |TAMS 0x0000000086100000, 0x0000000086100000| Untracked 
|  82|0x0000000086200000, 0x0000000086200000, 0x0000000086300000|  0%| F|  |TAMS 0x0000000086200000, 0x0000000086200000| Untracked 
|  83|0x0000000086300000, 0x0000000086300000, 0x0000000086400000|  0%| F|  |TAMS 0x0000000086300000, 0x0000000086300000| Untracked 
|  84|0x0000000086400000, 0x0000000086400000, 0x0000000086500000|  0%| F|  |TAMS 0x0000000086400000, 0x0000000086400000| Untracked 
|  85|0x0000000086500000, 0x0000000086500000, 0x0000000086600000|  0%| F|  |TAMS 0x0000000086500000, 0x0000000086500000| Untracked 
|  86|0x0000000086600000, 0x0000000086700000, 0x0000000086700000|100%| S|CS|TAMS 0x0000000086600000, 0x0000000086600000| Complete 
|  87|0x0000000086700000, 0x0000000086800000, 0x0000000086800000|100%| S|CS|TAMS 0x0000000086700000, 0x0000000086700000| Complete 
|  88|0x0000000086800000, 0x0000000086800000, 0x0000000086900000|  0%| F|  |TAMS 0x0000000086800000, 0x0000000086800000| Untracked 
|  89|0x0000000086900000, 0x0000000086900000, 0x0000000086a00000|  0%| F|  |TAMS 0x0000000086900000, 0x0000000086900000| Untracked 
|  90|0x0000000086a00000, 0x0000000086a00000, 0x0000000086b00000|  0%| F|  |TAMS 0x0000000086a00000, 0x0000000086a00000| Untracked 
|  91|0x0000000086b00000, 0x0000000086b00000, 0x0000000086c00000|  0%| F|  |TAMS 0x0000000086b00000, 0x0000000086b00000| Untracked 
|  92|0x0000000086c00000, 0x0000000086c00000, 0x0000000086d00000|  0%| F|  |TAMS 0x0000000086c00000, 0x0000000086c00000| Untracked 
|  93|0x0000000086d00000, 0x0000000086d00000, 0x0000000086e00000|  0%| F|  |TAMS 0x0000000086d00000, 0x0000000086d00000| Untracked 
|  94|0x0000000086e00000, 0x0000000086e00000, 0x0000000086f00000|  0%| F|  |TAMS 0x0000000086e00000, 0x0000000086e00000| Untracked 
|  95|0x0000000086f00000, 0x0000000086f00000, 0x0000000087000000|  0%| F|  |TAMS 0x0000000086f00000, 0x0000000086f00000| Untracked 
|  96|0x0000000087000000, 0x0000000087000000, 0x0000000087100000|  0%| F|  |TAMS 0x0000000087000000, 0x0000000087000000| Untracked 
|  97|0x0000000087100000, 0x0000000087100000, 0x0000000087200000|  0%| F|  |TAMS 0x0000000087100000, 0x0000000087100000| Untracked 
|  98|0x0000000087200000, 0x0000000087200000, 0x0000000087300000|  0%| F|  |TAMS 0x0000000087200000, 0x0000000087200000| Untracked 
|  99|0x0000000087300000, 0x0000000087300000, 0x0000000087400000|  0%| F|  |TAMS 0x0000000087300000, 0x0000000087300000| Untracked 
| 100|0x0000000087400000, 0x0000000087400000, 0x0000000087500000|  0%| F|  |TAMS 0x0000000087400000, 0x0000000087400000| Untracked 
| 101|0x0000000087500000, 0x0000000087500000, 0x0000000087600000|  0%| F|  |TAMS 0x0000000087500000, 0x0000000087500000| Untracked 
| 102|0x0000000087600000, 0x0000000087600000, 0x0000000087700000|  0%| F|  |TAMS 0x0000000087600000, 0x0000000087600000| Untracked 
| 103|0x0000000087700000, 0x0000000087700000, 0x0000000087800000|  0%| F|  |TAMS 0x0000000087700000, 0x0000000087700000| Untracked 
| 104|0x0000000087800000, 0x0000000087800000, 0x0000000087900000|  0%| F|  |TAMS 0x0000000087800000, 0x0000000087800000| Untracked 
| 105|0x0000000087900000, 0x0000000087900000, 0x0000000087a00000|  0%| F|  |TAMS 0x0000000087900000, 0x0000000087900000| Untracked 
| 106|0x0000000087a00000, 0x0000000087a00000, 0x0000000087b00000|  0%| F|  |TAMS 0x0000000087a00000, 0x0000000087a00000| Untracked 
| 107|0x0000000087b00000, 0x0000000087b00000, 0x0000000087c00000|  0%| F|  |TAMS 0x0000000087b00000, 0x0000000087b00000| Untracked 
| 108|0x0000000087c00000, 0x0000000087c00000, 0x0000000087d00000|  0%| F|  |TAMS 0x0000000087c00000, 0x0000000087c00000| Untracked 
| 109|0x0000000087d00000, 0x0000000087d00000, 0x0000000087e00000|  0%| F|  |TAMS 0x0000000087d00000, 0x0000000087d00000| Untracked 
| 110|0x0000000087e00000, 0x0000000087e00000, 0x0000000087f00000|  0%| F|  |TAMS 0x0000000087e00000, 0x0000000087e00000| Untracked 
| 111|0x0000000087f00000, 0x0000000087f00000, 0x0000000088000000|  0%| F|  |TAMS 0x0000000087f00000, 0x0000000087f00000| Untracked 
| 112|0x0000000088000000, 0x0000000088000000, 0x0000000088100000|  0%| F|  |TAMS 0x0000000088000000, 0x0000000088000000| Untracked 
| 113|0x0000000088100000, 0x0000000088100000, 0x0000000088200000|  0%| F|  |TAMS 0x0000000088100000, 0x0000000088100000| Untracked 
| 114|0x0000000088200000, 0x0000000088200000, 0x0000000088300000|  0%| F|  |TAMS 0x0000000088200000, 0x0000000088200000| Untracked 
| 115|0x0000000088300000, 0x0000000088300000, 0x0000000088400000|  0%| F|  |TAMS 0x0000000088300000, 0x0000000088300000| Untracked 
| 116|0x0000000088400000, 0x0000000088400000, 0x0000000088500000|  0%| F|  |TAMS 0x0000000088400000, 0x0000000088400000| Untracked 
| 117|0x0000000088500000, 0x0000000088500000, 0x0000000088600000|  0%| F|  |TAMS 0x0000000088500000, 0x0000000088500000| Untracked 
| 118|0x0000000088600000, 0x0000000088600000, 0x0000000088700000|  0%| F|  |TAMS 0x0000000088600000, 0x0000000088600000| Untracked 
| 119|0x0000000088700000, 0x0000000088700000, 0x0000000088800000|  0%| F|  |TAMS 0x0000000088700000, 0x0000000088700000| Untracked 
| 120|0x0000000088800000, 0x0000000088800000, 0x0000000088900000|  0%| F|  |TAMS 0x0000000088800000, 0x0000000088800000| Untracked 
| 121|0x0000000088900000, 0x0000000088900000, 0x0000000088a00000|  0%| F|  |TAMS 0x0000000088900000, 0x0000000088900000| Untracked 
| 122|0x0000000088a00000, 0x0000000088a00000, 0x0000000088b00000|  0%| F|  |TAMS 0x0000000088a00000, 0x0000000088a00000| Untracked 
| 123|0x0000000088b00000, 0x0000000088b00000, 0x0000000088c00000|  0%| F|  |TAMS 0x0000000088b00000, 0x0000000088b00000| Untracked 
| 124|0x0000000088c00000, 0x0000000088c00000, 0x0000000088d00000|  0%| F|  |TAMS 0x0000000088c00000, 0x0000000088c00000| Untracked 
| 125|0x0000000088d00000, 0x0000000088d00000, 0x0000000088e00000|  0%| F|  |TAMS 0x0000000088d00000, 0x0000000088d00000| Untracked 
| 126|0x0000000088e00000, 0x0000000088e00000, 0x0000000088f00000|  0%| F|  |TAMS 0x0000000088e00000, 0x0000000088e00000| Untracked 
| 127|0x0000000088f00000, 0x0000000088f00000, 0x0000000089000000|  0%| F|  |TAMS 0x0000000088f00000, 0x0000000088f00000| Untracked 
| 128|0x0000000089000000, 0x0000000089000000, 0x0000000089100000|  0%| F|  |TAMS 0x0000000089000000, 0x0000000089000000| Untracked 
| 129|0x0000000089100000, 0x0000000089100000, 0x0000000089200000|  0%| F|  |TAMS 0x0000000089100000, 0x0000000089100000| Untracked 
| 130|0x0000000089200000, 0x0000000089200000, 0x0000000089300000|  0%| F|  |TAMS 0x0000000089200000, 0x0000000089200000| Untracked 
| 131|0x0000000089300000, 0x0000000089300000, 0x0000000089400000|  0%| F|  |TAMS 0x0000000089300000, 0x0000000089300000| Untracked 
| 132|0x0000000089400000, 0x0000000089400000, 0x0000000089500000|  0%| F|  |TAMS 0x0000000089400000, 0x0000000089400000| Untracked 
| 133|0x0000000089500000, 0x0000000089500000, 0x0000000089600000|  0%| F|  |TAMS 0x0000000089500000, 0x0000000089500000| Untracked 
| 134|0x0000000089600000, 0x0000000089600000, 0x0000000089700000|  0%| F|  |TAMS 0x0000000089600000, 0x0000000089600000| Untracked 
| 135|0x0000000089700000, 0x0000000089700000, 0x0000000089800000|  0%| F|  |TAMS 0x0000000089700000, 0x0000000089700000| Untracked 
| 136|0x0000000089800000, 0x0000000089800000, 0x0000000089900000|  0%| F|  |TAMS 0x0000000089800000, 0x0000000089800000| Untracked 
| 137|0x0000000089900000, 0x0000000089900000, 0x0000000089a00000|  0%| F|  |TAMS 0x0000000089900000, 0x0000000089900000| Untracked 
| 138|0x0000000089a00000, 0x0000000089a00000, 0x0000000089b00000|  0%| F|  |TAMS 0x0000000089a00000, 0x0000000089a00000| Untracked 
| 139|0x0000000089b00000, 0x0000000089b00000, 0x0000000089c00000|  0%| F|  |TAMS 0x0000000089b00000, 0x0000000089b00000| Untracked 
| 140|0x0000000089c00000, 0x0000000089c00000, 0x0000000089d00000|  0%| F|  |TAMS 0x0000000089c00000, 0x0000000089c00000| Untracked 
| 141|0x0000000089d00000, 0x0000000089d00000, 0x0000000089e00000|  0%| F|  |TAMS 0x0000000089d00000, 0x0000000089d00000| Untracked 
| 142|0x0000000089e00000, 0x0000000089e00000, 0x0000000089f00000|  0%| F|  |TAMS 0x0000000089e00000, 0x0000000089e00000| Untracked 
| 143|0x0000000089f00000, 0x0000000089f00000, 0x000000008a000000|  0%| F|  |TAMS 0x0000000089f00000, 0x0000000089f00000| Untracked 
| 144|0x000000008a000000, 0x000000008a000000, 0x000000008a100000|  0%| F|  |TAMS 0x000000008a000000, 0x000000008a000000| Untracked 
| 145|0x000000008a100000, 0x000000008a100000, 0x000000008a200000|  0%| F|  |TAMS 0x000000008a100000, 0x000000008a100000| Untracked 
| 146|0x000000008a200000, 0x000000008a200000, 0x000000008a300000|  0%| F|  |TAMS 0x000000008a200000, 0x000000008a200000| Untracked 
| 147|0x000000008a300000, 0x000000008a300000, 0x000000008a400000|  0%| F|  |TAMS 0x000000008a300000, 0x000000008a300000| Untracked 
| 148|0x000000008a400000, 0x000000008a400000, 0x000000008a500000|  0%| F|  |TAMS 0x000000008a400000, 0x000000008a400000| Untracked 
| 149|0x000000008a500000, 0x000000008a500000, 0x000000008a600000|  0%| F|  |TAMS 0x000000008a500000, 0x000000008a500000| Untracked 
| 150|0x000000008a600000, 0x000000008a600000, 0x000000008a700000|  0%| F|  |TAMS 0x000000008a600000, 0x000000008a600000| Untracked 
| 151|0x000000008a700000, 0x000000008a700000, 0x000000008a800000|  0%| F|  |TAMS 0x000000008a700000, 0x000000008a700000| Untracked 
| 152|0x000000008a800000, 0x000000008a800000, 0x000000008a900000|  0%| F|  |TAMS 0x000000008a800000, 0x000000008a800000| Untracked 
| 153|0x000000008a900000, 0x000000008a900000, 0x000000008aa00000|  0%| F|  |TAMS 0x000000008a900000, 0x000000008a900000| Untracked 
| 154|0x000000008aa00000, 0x000000008aa00000, 0x000000008ab00000|  0%| F|  |TAMS 0x000000008aa00000, 0x000000008aa00000| Untracked 
| 155|0x000000008ab00000, 0x000000008ab00000, 0x000000008ac00000|  0%| F|  |TAMS 0x000000008ab00000, 0x000000008ab00000| Untracked 
| 156|0x000000008ac00000, 0x000000008ac00000, 0x000000008ad00000|  0%| F|  |TAMS 0x000000008ac00000, 0x000000008ac00000| Untracked 
| 157|0x000000008ad00000, 0x000000008ad00000, 0x000000008ae00000|  0%| F|  |TAMS 0x000000008ad00000, 0x000000008ad00000| Untracked 
| 158|0x000000008ae00000, 0x000000008ae00000, 0x000000008af00000|  0%| F|  |TAMS 0x000000008ae00000, 0x000000008ae00000| Untracked 
| 159|0x000000008af00000, 0x000000008af00000, 0x000000008b000000|  0%| F|  |TAMS 0x000000008af00000, 0x000000008af00000| Untracked 
| 160|0x000000008b000000, 0x000000008b000000, 0x000000008b100000|  0%| F|  |TAMS 0x000000008b000000, 0x000000008b000000| Untracked 
| 161|0x000000008b100000, 0x000000008b16b060, 0x000000008b200000| 41%| E|  |TAMS 0x000000008b100000, 0x000000008b100000| Complete 
| 162|0x000000008b200000, 0x000000008b300000, 0x000000008b300000|100%| E|CS|TAMS 0x000000008b200000, 0x000000008b200000| Complete 
| 163|0x000000008b300000, 0x000000008b400000, 0x000000008b400000|100%| E|CS|TAMS 0x000000008b300000, 0x000000008b300000| Complete 
| 164|0x000000008b400000, 0x000000008b500000, 0x000000008b500000|100%| E|CS|TAMS 0x000000008b400000, 0x000000008b400000| Complete 
| 165|0x000000008b500000, 0x000000008b600000, 0x000000008b600000|100%| E|CS|TAMS 0x000000008b500000, 0x000000008b500000| Complete 
| 166|0x000000008b600000, 0x000000008b700000, 0x000000008b700000|100%| E|CS|TAMS 0x000000008b600000, 0x000000008b600000| Complete 
| 167|0x000000008b700000, 0x000000008b800000, 0x000000008b800000|100%| E|CS|TAMS 0x000000008b700000, 0x000000008b700000| Complete 
| 168|0x000000008b800000, 0x000000008b900000, 0x000000008b900000|100%| E|CS|TAMS 0x000000008b800000, 0x000000008b800000| Complete 
| 169|0x000000008b900000, 0x000000008ba00000, 0x000000008ba00000|100%| E|CS|TAMS 0x000000008b900000, 0x000000008b900000| Complete 
| 170|0x000000008ba00000, 0x000000008bb00000, 0x000000008bb00000|100%| E|CS|TAMS 0x000000008ba00000, 0x000000008ba00000| Complete 
| 171|0x000000008bb00000, 0x000000008bc00000, 0x000000008bc00000|100%| E|CS|TAMS 0x000000008bb00000, 0x000000008bb00000| Complete 
| 172|0x000000008bc00000, 0x000000008bd00000, 0x000000008bd00000|100%| E|CS|TAMS 0x000000008bc00000, 0x000000008bc00000| Complete 
| 173|0x000000008bd00000, 0x000000008be00000, 0x000000008be00000|100%| E|CS|TAMS 0x000000008bd00000, 0x000000008bd00000| Complete 
| 174|0x000000008be00000, 0x000000008bf00000, 0x000000008bf00000|100%| E|CS|TAMS 0x000000008be00000, 0x000000008be00000| Complete 
| 175|0x000000008bf00000, 0x000000008c000000, 0x000000008c000000|100%| E|CS|TAMS 0x000000008bf00000, 0x000000008bf00000| Complete 
| 176|0x000000008c000000, 0x000000008c100000, 0x000000008c100000|100%| E|CS|TAMS 0x000000008c000000, 0x000000008c000000| Complete 
| 177|0x000000008c100000, 0x000000008c200000, 0x000000008c200000|100%| E|CS|TAMS 0x000000008c100000, 0x000000008c100000| Complete 
| 178|0x000000008c200000, 0x000000008c300000, 0x000000008c300000|100%| E|CS|TAMS 0x000000008c200000, 0x000000008c200000| Complete 
| 179|0x000000008c300000, 0x000000008c400000, 0x000000008c400000|100%| E|CS|TAMS 0x000000008c300000, 0x000000008c300000| Complete 
| 180|0x000000008c400000, 0x000000008c500000, 0x000000008c500000|100%| E|CS|TAMS 0x000000008c400000, 0x000000008c400000| Complete 
| 181|0x000000008c500000, 0x000000008c600000, 0x000000008c600000|100%| E|CS|TAMS 0x000000008c500000, 0x000000008c500000| Complete 
| 182|0x000000008c600000, 0x000000008c700000, 0x000000008c700000|100%| E|CS|TAMS 0x000000008c600000, 0x000000008c600000| Complete 
| 183|0x000000008c700000, 0x000000008c800000, 0x000000008c800000|100%| E|CS|TAMS 0x000000008c700000, 0x000000008c700000| Complete 
| 184|0x000000008c800000, 0x000000008c900000, 0x000000008c900000|100%| E|CS|TAMS 0x000000008c800000, 0x000000008c800000| Complete 

Card table byte_map: [0x000002523ba20000,0x000002523be20000] _byte_map_base: 0x000002523b618000

Marking Bits (Prev, Next): (CMBitMap*) 0x00000252242e3fa0, (CMBitMap*) 0x00000252242e3f68
 Prev Bits: [0x000002523e1e0000, 0x00000252401a0000)
 Next Bits: [0x000002523c220000, 0x000002523e1e0000)

Polling page: 0x0000025222120000

Metaspace:

Usage:
  Non-class:     62.71 MB capacity,    61.72 MB ( 98%) used,   801.35 KB (  1%) free+waste,   216.19 KB ( <1%) overhead. 
      Class:      9.75 MB capacity,     9.08 MB ( 93%) used,   592.55 KB (  6%) free+waste,    99.44 KB ( <1%) overhead. 
       Both:     72.46 MB capacity,    70.79 MB ( 98%) used,     1.36 MB (  2%) free+waste,   315.63 KB ( <1%) overhead. 

Virtual space:
  Non-class space:       64.00 MB reserved,      62.71 MB ( 98%) committed 
      Class space:        1.00 GB reserved,       9.88 MB ( <1%) committed 
             Both:        1.06 GB reserved,      72.59 MB (  7%) committed 

Chunk freelists:
   Non-Class:  128 bytes
       Class:  3.50 KB
        Both:  3.63 KB

CodeHeap 'non-profiled nmethods': size=120064Kb used=4039Kb max_used=4039Kb free=116024Kb
 bounds [0x00000252340e0000, 0x00000252344e0000, 0x000002523b620000]
CodeHeap 'profiled nmethods': size=120000Kb used=13801Kb max_used=13801Kb free=106198Kb
 bounds [0x000002522cbb0000, 0x000002522d940000, 0x00000252340e0000]
CodeHeap 'non-nmethods': size=5696Kb used=1233Kb max_used=1285Kb free=4462Kb
 bounds [0x000002522c620000, 0x000002522c890000, 0x000002522cbb0000]
 total_blobs=7945 nmethods=5711 adapters=522
 compilation: enabled
              stopped_count=0, restarted_count=0
 full_count=0

Compilation events (10 events):
Event: 21.632 Thread 0x00000252426d9800 nmethod 6086 0x000002522d92db10 code [0x000002522d92dd00, 0x000002522d92e070]
Event: 21.634 Thread 0x00000252426d9800 6087       3       java.nio.Buffer::nextPutIndex (31 bytes)
Event: 21.634 Thread 0x00000252426d9800 nmethod 6087 0x000002522d92e190 code [0x000002522d92e360, 0x000002522d92e5d0]
Event: 21.634 Thread 0x00000252426d9800 6088       3       java.nio.ByteBuffer::<init> (45 bytes)
Event: 21.634 Thread 0x00000252426d9800 nmethod 6088 0x000002522d92e690 code [0x000002522d92e860, 0x000002522d92ead0]
Event: 21.634 Thread 0x00000252426d9800 6089       3       org.apache.tomcat.util.buf.AbstractChunk::getLength (10 bytes)
Event: 21.634 Thread 0x00000252426d9800 nmethod 6089 0x000002522ce0e690 code [0x000002522ce0e840, 0x000002522ce0e998]
Event: 21.639 Thread 0x00000252426c8800 6090       4       org.springframework.core.SerializableTypeWrapper::unwrap (34 bytes)
Event: 21.672 Thread 0x00000252426c8800 nmethod 6090 0x00000252344d0410 code [0x00000252344d0680, 0x00000252344d1528]
Event: 21.672 Thread 0x00000252426c8800 6091       4       org.springframework.core.ResolvableType::as (86 bytes)

GC Heap History (10 events):
Event: 7.273 GC heap before
{Heap before GC invocations=10 (full 0):
 garbage-first heap   total 157696K, used 96185K [0x0000000081000000, 0x0000000100000000)
  region size 1024K, 89 young (91136K), 8 survivors (8192K)
 Metaspace       used 38604K, capacity 39636K, committed 39936K, reserved 1083392K
  class space    used 4644K, capacity 5066K, committed 5120K, reserved 1048576K
}
Event: 7.292 GC heap after
{Heap after GC invocations=11 (full 0):
 garbage-first heap   total 157696K, used 17044K [0x0000000081000000, 0x0000000100000000)
  region size 1024K, 9 young (9216K), 9 survivors (9216K)
 Metaspace       used 38604K, capacity 39636K, committed 39936K, reserved 1083392K
  class space    used 4644K, capacity 5066K, committed 5120K, reserved 1048576K
}
Event: 10.483 GC heap before
{Heap before GC invocations=11 (full 0):
 garbage-first heap   total 157696K, used 101012K [0x0000000081000000, 0x0000000100000000)
  region size 1024K, 92 young (94208K), 9 survivors (9216K)
 Metaspace       used 50643K, capacity 51830K, committed 51968K, reserved 1093632K
  class space    used 6343K, capacity 6826K, committed 6912K, reserved 1048576K
}
Event: 10.507 GC heap after
{Heap after GC invocations=12 (full 0):
 garbage-first heap   total 189440K, used 21567K [0x0000000081000000, 0x0000000100000000)
  region size 1024K, 11 young (11264K), 11 survivors (11264K)
 Metaspace       used 50643K, capacity 51830K, committed 51968K, reserved 1093632K
  class space    used 6343K, capacity 6826K, committed 6912K, reserved 1048576K
}
Event: 12.708 GC heap before
{Heap before GC invocations=12 (full 0):
 garbage-first heap   total 189440K, used 58431K [0x0000000081000000, 0x0000000100000000)
  region size 1024K, 48 young (49152K), 11 survivors (11264K)
 Metaspace       used 58373K, capacity 59633K, committed 59736K, reserved 1101824K
  class space    used 7503K, capacity 7991K, committed 8064K, reserved 1048576K
}
Event: 12.729 GC heap after
{Heap after GC invocations=13 (full 0):
 garbage-first heap   total 189440K, used 22883K [0x0000000081000000, 0x0000000100000000)
  region size 1024K, 9 young (9216K), 9 survivors (9216K)
 Metaspace       used 58373K, capacity 59633K, committed 59736K, reserved 1101824K
  class space    used 7503K, capacity 7991K, committed 8064K, reserved 1048576K
}
Event: 16.104 GC heap before
{Heap before GC invocations=14 (full 0):
 garbage-first heap   total 189440K, used 128355K [0x0000000081000000, 0x0000000100000000)
  region size 1024K, 111 young (113664K), 9 survivors (9216K)
 Metaspace       used 68081K, capacity 69768K, committed 69848K, reserved 1110016K
  class space    used 8767K, capacity 9408K, committed 9472K, reserved 1048576K
}
Event: 16.132 GC heap after
{Heap after GC invocations=15 (full 0):
 garbage-first heap   total 189440K, used 34239K [0x0000000081000000, 0x0000000100000000)
  region size 1024K, 14 young (14336K), 14 survivors (14336K)
 Metaspace       used 68081K, capacity 69768K, committed 69848K, reserved 1110016K
  class space    used 8767K, capacity 9408K, committed 9472K, reserved 1048576K
}
Event: 17.267 GC heap before
{Heap before GC invocations=15 (full 0):
 garbage-first heap   total 189440K, used 133567K [0x0000000081000000, 0x0000000100000000)
  region size 1024K, 111 young (113664K), 14 survivors (14336K)
 Metaspace       used 68920K, capacity 70627K, committed 70744K, reserved 1110016K
  class space    used 8850K, capacity 9522K, committed 9600K, reserved 1048576K
}
Event: 17.285 GC heap after
{Heap after GC invocations=16 (full 0):
 garbage-first heap   total 189440K, used 29696K [0x0000000081000000, 0x0000000100000000)
  region size 1024K, 2 young (2048K), 2 survivors (2048K)
 Metaspace       used 68920K, capacity 70627K, committed 70744K, reserved 1110016K
  class space    used 8850K, capacity 9522K, committed 9600K, reserved 1048576K
}

Deoptimization events (10 events):
Event: 21.113 Thread 0x0000025246bf0000 Uncommon trap: reason=unstable_fused_if action=reinterpret pc=0x00000252344782f4 method=sun.util.calendar.BaseCalendar.getFixedDate(IIILsun/util/calendar/BaseCalendar$Date;)J @ 67 c2
Event: 21.170 Thread 0x0000025246bf0000 Uncommon trap: reason=speculate_class_check action=maybe_recompile pc=0x00000252344407e8 method=java.lang.reflect.Executable.declaredAnnotations()Ljava/util/Map; @ 23 c2
Event: 21.173 Thread 0x0000025246bf0000 Uncommon trap: reason=speculate_class_check action=maybe_recompile pc=0x00000252344407e8 method=java.lang.reflect.Executable.declaredAnnotations()Ljava/util/Map; @ 23 c2
Event: 21.179 Thread 0x0000025246bf0000 Uncommon trap: reason=speculate_class_check action=maybe_recompile pc=0x00000252344407e8 method=java.lang.reflect.Executable.declaredAnnotations()Ljava/util/Map; @ 23 c2
Event: 21.274 Thread 0x0000025246bf0000 Uncommon trap: reason=class_check action=maybe_recompile pc=0x000002523442cff8 method=org.springframework.core.annotation.AnnotationsScanner.processMethodHierarchy(Ljava/lang/Object;[ILjava/lang/Class;Lorg/springframework/core/annotation/AnnotationsProces
Event: 21.275 Thread 0x0000025246bf0000 Uncommon trap: reason=class_check action=maybe_recompile pc=0x000002523442cff8 method=org.springframework.core.annotation.AnnotationsScanner.processMethodHierarchy(Ljava/lang/Object;[ILjava/lang/Class;Lorg/springframework/core/annotation/AnnotationsProces
Event: 21.275 Thread 0x0000025246bf0000 Uncommon trap: reason=class_check action=maybe_recompile pc=0x000002523442cff8 method=org.springframework.core.annotation.AnnotationsScanner.processMethodHierarchy(Ljava/lang/Object;[ILjava/lang/Class;Lorg/springframework/core/annotation/AnnotationsProces
Event: 21.282 Thread 0x0000025246bf0000 Uncommon trap: reason=class_check action=maybe_recompile pc=0x000002523442cff8 method=org.springframework.core.annotation.AnnotationsScanner.processMethodHierarchy(Ljava/lang/Object;[ILjava/lang/Class;Lorg/springframework/core/annotation/AnnotationsProces
Event: 21.315 Thread 0x0000025246bf0000 Uncommon trap: reason=unstable_if action=reinterpret pc=0x0000025234146af8 method=java.util.Objects.equals(Ljava/lang/Object;Ljava/lang/Object;)Z @ 6 c2
Event: 21.319 Thread 0x0000025246bf0000 Uncommon trap: reason=unstable_if action=reinterpret pc=0x00000252341b9a34 method=java.nio.Buffer.<init>(IIII)V @ 44 c2

Classes redefined (0 events):
No events

Internal exceptions (10 events):
Event: 16.897 Thread 0x0000025246bef000 Exception <a 'java/io/IOException'{0x00000000879a7df8}> (0x00000000879a7df8) thrown at [t:/workspace/open/src/hotspot/share/prims/jni.cpp, line 615]
Event: 16.909 Thread 0x0000025246bed800 Exception <a 'java/io/IOException'{0x00000000877024d0}> (0x00000000877024d0) thrown at [t:/workspace/open/src/hotspot/share/prims/jni.cpp, line 615]
Event: 16.917 Thread 0x0000025246bf1800 Exception <a 'java/io/IOException'{0x0000000087501f20}> (0x0000000087501f20) thrown at [t:/workspace/open/src/hotspot/share/prims/jni.cpp, line 615]
Event: 16.928 Thread 0x0000025246bed800 Exception <a 'java/io/IOException'{0x00000000874a7de8}> (0x00000000874a7de8) thrown at [t:/workspace/open/src/hotspot/share/prims/jni.cpp, line 615]
Event: 16.936 Thread 0x0000025246bf0000 Exception <a 'java/io/IOException'{0x0000000087253790}> (0x0000000087253790) thrown at [t:/workspace/open/src/hotspot/share/prims/jni.cpp, line 615]
Event: 17.016 Thread 0x0000025243b8b000 Exception <a 'java/lang/NoSuchMethodError'{0x0000000086f4eac8}: java.lang.invoke.DirectMethodHandle$Holder.invokeStaticInit(Ljava/lang/Object;Ljava/lang/Object;Ljava/lang/Object;Ljava/lang/Object;)I> (0x0000000086f4eac8) thrown at [t:/workspace/open/src/h
Event: 21.224 Thread 0x0000025246bf0000 Exception <a 'java/lang/NoSuchMethodError'{0x000000008bc34aa8}: java.lang.invoke.DirectMethodHandle$Holder.invokeStaticInit(Ljava/lang/Object;Ljava/lang/Object;Ljava/lang/Object;)V> (0x000000008bc34aa8) thrown at [t:/workspace/open/src/hotspot/share/inter
Event: 21.534 Thread 0x0000025246bf0000 Exception <a 'java/lang/NoSuchMethodError'{0x000000008b469eb8}: java.lang.invoke.Invokers$Holder.linkToTargetMethod(Ljava/lang/Object;Ljava/lang/Object;Ljava/lang/Object;Ljava/lang/Object;Ljava/lang/Object;Ljava/lang/Object;Ljava/lang/Object;)Ljava/lang/O
Event: 21.567 Thread 0x0000025246bf0000 Exception <a 'java/lang/ClassNotFoundException'{0x000000008b378f68}: java/lang/ObjectCustomizer> (0x000000008b378f68) thrown at [t:/workspace/open/src/hotspot/share/classfile/systemDictionary.cpp, line 231]
Event: 21.571 Thread 0x0000025246bf0000 Exception <a 'java/lang/ClassNotFoundException'{0x000000008b38e4b0}: com/snapshotprojects/Bingofy/request/UserDTOCustomizer> (0x000000008b38e4b0) thrown at [t:/workspace/open/src/hotspot/share/classfile/systemDictionary.cpp, line 231]

Events (10 events):
Event: 21.634 loading class org/apache/tomcat/util/buf/HexUtils
Event: 21.634 loading class org/apache/tomcat/util/buf/HexUtils done
Event: 21.635 loading class org/apache/tomcat/util/net/NioBlockingSelector$KeyReference
Event: 21.635 loading class org/apache/tomcat/util/net/NioBlockingSelector$KeyReference done
Event: 21.635 loading class org/apache/tomcat/util/net/NioBlockingSelector$BlockPoller$RunnableRemove
Event: 21.635 loading class org/apache/tomcat/util/net/NioBlockingSelector$BlockPoller$RunnableRemove done
Event: 21.636 Executing VM operation: RevokeBias
Event: 21.636 Executing VM operation: RevokeBias done
Event: 21.638 Executing VM operation: RevokeBias
Event: 21.638 Executing VM operation: RevokeBias done


Dynamic libraries:
0x00007ff62b7b0000 - 0x00007ff62b7f7000 	C:\Program Files\Java\jdk-11.0.6\bin\javaw.exe
0x00007ffaed240000 - 0x00007ffaed430000 	C:\WINDOWS\SYSTEM32\ntdll.dll
0x00007ffaebbd0000 - 0x00007ffaebc82000 	C:\WINDOWS\System32\KERNEL32.DLL
0x00007ffaea670000 - 0x00007ffaea913000 	C:\WINDOWS\System32\KERNELBASE.dll
0x00007ffaebcb0000 - 0x00007ffaebd53000 	C:\WINDOWS\System32\ADVAPI32.dll
0x00007ffaecfe0000 - 0x00007ffaed07e000 	C:\WINDOWS\System32\msvcrt.dll
0x00007ffaec590000 - 0x00007ffaec627000 	C:\WINDOWS\System32\sechost.dll
0x00007ffaeb810000 - 0x00007ffaeb930000 	C:\WINDOWS\System32\RPCRT4.dll
0x00007ffaec9b0000 - 0x00007ffaecb44000 	C:\WINDOWS\System32\USER32.dll
0x00007ffaea940000 - 0x00007ffaea961000 	C:\WINDOWS\System32\win32u.dll
0x00007ffaed080000 - 0x00007ffaed0a6000 	C:\WINDOWS\System32\GDI32.dll
0x00007ffaeb150000 - 0x00007ffaeb2e4000 	C:\WINDOWS\System32\gdi32full.dll
0x00007ffaea3a0000 - 0x00007ffaea43e000 	C:\WINDOWS\System32\msvcp_win.dll
0x00007ffaea2a0000 - 0x00007ffaea39a000 	C:\WINDOWS\System32\ucrtbase.dll
0x00007ffadc330000 - 0x00007ffadc5b5000 	C:\WINDOWS\WinSxS\amd64_microsoft.windows.common-controls_6595b64144ccf1df_6.0.18362.720_none_e6beb5c51314836b\COMCTL32.dll
0x00007ffaecbb0000 - 0x00007ffaecee6000 	C:\WINDOWS\System32\combase.dll
0x00007ffade230000 - 0x00007ffade23a000 	C:\WINDOWS\SYSTEM32\VERSION.dll
0x00007ffaea1d0000 - 0x00007ffaea250000 	C:\WINDOWS\System32\bcryptPrimitives.dll
0x00007ffaecfb0000 - 0x00007ffaecfde000 	C:\WINDOWS\System32\IMM32.DLL
0x00007ffae2920000 - 0x00007ffae2936000 	C:\Program Files\Java\jdk-11.0.6\bin\vcruntime140.dll
0x00007ffabd910000 - 0x00007ffabd9ba000 	C:\Program Files\Java\jdk-11.0.6\bin\msvcp140.dll
0x00007ffaa5410000 - 0x00007ffaa5f39000 	C:\Program Files\Java\jdk-11.0.6\bin\server\jvm.dll
0x00007ffaed190000 - 0x00007ffaed198000 	C:\WINDOWS\System32\PSAPI.DLL
0x00007ffae6dc0000 - 0x00007ffae6de4000 	C:\WINDOWS\SYSTEM32\WINMM.dll
0x00007ffae1b20000 - 0x00007ffae1b29000 	C:\WINDOWS\SYSTEM32\WSOCK32.dll
0x00007ffaebe30000 - 0x00007ffaebe9f000 	C:\WINDOWS\System32\WS2_32.dll
0x00007ffae6d90000 - 0x00007ffae6dbd000 	C:\WINDOWS\SYSTEM32\WINMMBASE.dll
0x00007ffaea250000 - 0x00007ffaea29a000 	C:\WINDOWS\System32\cfgmgr32.dll
0x00007ffaea160000 - 0x00007ffaea171000 	C:\WINDOWS\System32\kernel.appcore.dll
0x00007ffae3110000 - 0x00007ffae3121000 	C:\Program Files\Java\jdk-11.0.6\bin\verify.dll
0x00007ffade600000 - 0x00007ffade7f4000 	C:\WINDOWS\SYSTEM32\DBGHELP.DLL
0x00007ffade5d0000 - 0x00007ffade5fa000 	C:\WINDOWS\SYSTEM32\dbgcore.DLL
0x00007ffad9830000 - 0x00007ffad9859000 	C:\Program Files\Java\jdk-11.0.6\bin\java.dll
0x00007ffae30f0000 - 0x00007ffae3106000 	C:\Program Files\Java\jdk-11.0.6\bin\zip.dll
0x00007ffae6df0000 - 0x00007ffae6dfa000 	C:\Program Files\Java\jdk-11.0.6\bin\jimage.dll
0x00007ffaebea0000 - 0x00007ffaec585000 	C:\WINDOWS\System32\SHELL32.dll
0x00007ffaecf00000 - 0x00007ffaecfa9000 	C:\WINDOWS\System32\shcore.dll
0x00007ffaea970000 - 0x00007ffaeb0f0000 	C:\WINDOWS\System32\windows.storage.dll
0x00007ffaea180000 - 0x00007ffaea1a3000 	C:\WINDOWS\System32\profapi.dll
0x00007ffaea110000 - 0x00007ffaea15a000 	C:\WINDOWS\System32\powrprof.dll
0x00007ffaea100000 - 0x00007ffaea110000 	C:\WINDOWS\System32\UMPDC.dll
0x00007ffaed130000 - 0x00007ffaed182000 	C:\WINDOWS\System32\shlwapi.dll
0x00007ffaea920000 - 0x00007ffaea937000 	C:\WINDOWS\System32\cryptsp.dll
0x00007ffadbfe0000 - 0x00007ffadbff9000 	C:\Program Files\Java\jdk-11.0.6\bin\net.dll
0x00007ffadf3a0000 - 0x00007ffadf491000 	C:\WINDOWS\SYSTEM32\WINHTTP.dll
0x00007ffae9970000 - 0x00007ffae99d7000 	C:\WINDOWS\system32\mswsock.dll
0x00007fface1d0000 - 0x00007fface1e3000 	C:\Program Files\Java\jdk-11.0.6\bin\nio.dll
0x00007ffae30d0000 - 0x00007ffae30d9000 	C:\Program Files\Java\jdk-11.0.6\bin\management.dll
0x00007ffae2940000 - 0x00007ffae294c000 	C:\Program Files\Java\jdk-11.0.6\bin\management_ext.dll
0x00007ffad7230000 - 0x00007ffad7246000 	C:\WINDOWS\system32\napinsp.dll
0x00007ffad7210000 - 0x00007ffad722a000 	C:\WINDOWS\system32\pnrpnsp.dll
0x00007ffae96c0000 - 0x00007ffae978a000 	C:\WINDOWS\SYSTEM32\DNSAPI.dll
0x00007ffaec7e0000 - 0x00007ffaec7e8000 	C:\WINDOWS\System32\NSI.dll
0x00007ffae9680000 - 0x00007ffae96ba000 	C:\WINDOWS\SYSTEM32\IPHLPAPI.DLL
0x00007ffad7200000 - 0x00007ffad720e000 	C:\WINDOWS\System32\winrnr.dll
0x00007ffae1a80000 - 0x00007ffae1a9c000 	C:\WINDOWS\system32\NLAapi.dll
0x00007ffae4f10000 - 0x00007ffae4f25000 	C:\WINDOWS\system32\wshbth.dll
0x00007ffae2490000 - 0x00007ffae249a000 	C:\Windows\System32\rasadhlp.dll
0x00007ffadf910000 - 0x00007ffadf987000 	C:\WINDOWS\System32\fwpuclnt.dll
0x00007ffaea440000 - 0x00007ffaea466000 	C:\WINDOWS\System32\bcrypt.dll
0x00007ffae94e0000 - 0x00007ffae9513000 	C:\WINDOWS\system32\rsaenh.dll
0x00007ffae9ff0000 - 0x00007ffaea015000 	C:\WINDOWS\SYSTEM32\USERENV.dll
0x00007ffae9b40000 - 0x00007ffae9b4c000 	C:\WINDOWS\SYSTEM32\CRYPTBASE.dll
0x00007ffae0af0000 - 0x00007ffae0b06000 	C:\WINDOWS\SYSTEM32\dhcpcsvc6.DLL
0x00007ffae17f0000 - 0x00007ffae180c000 	C:\WINDOWS\SYSTEM32\dhcpcsvc.DLL

dbghelp: loaded successfully - version: 4.0.5 - missing functions: none
symbol engine: initialized successfully - sym options: 0x614 - pdb path: .;C:\Program Files\Java\jdk-11.0.6\bin;C:\WINDOWS\SYSTEM32;C:\WINDOWS\WinSxS\amd64_microsoft.windows.common-controls_6595b64144ccf1df_6.0.18362.720_none_e6beb5c51314836b;C:\Program Files\Java\jdk-11.0.6\bin\server

VM Arguments:
jvm_args: -Dfile.encoding=UTF-8 
java_command: com.snapshotprojects.Bingofy.BingofyApplication
java_class_path (initial): C:\Users\Priya\Downloads\Bingofy\target\classes;C:\Users\Priya\.m2\repository\org\springframework\boot\spring-boot-starter-data-jpa\2.2.6.RELEASE\spring-boot-starter-data-jpa-2.2.6.RELEASE.jar;C:\Users\Priya\.m2\repository\org\springframework\boot\spring-boot-starter-aop\2.2.6.RELEASE\spring-boot-starter-aop-2.2.6.RELEASE.jar;C:\Users\Priya\.m2\repository\org\aspectj\aspectjweaver\1.9.5\aspectjweaver-1.9.5.jar;C:\Users\Priya\.m2\repository\org\springframework\boot\spring-boot-starter-jdbc\2.2.6.RELEASE\spring-boot-starter-jdbc-2.2.6.RELEASE.jar;C:\Users\Priya\.m2\repository\com\zaxxer\HikariCP\3.4.2\HikariCP-3.4.2.jar;C:\Users\Priya\.m2\repository\org\springframework\spring-jdbc\5.2.5.RELEASE\spring-jdbc-5.2.5.RELEASE.jar;C:\Users\Priya\.m2\repository\jakarta\activation\jakarta.activation-api\1.2.2\jakarta.activation-api-1.2.2.jar;C:\Users\Priya\.m2\repository\jakarta\persistence\jakarta.persistence-api\2.2.3\jakarta.persistence-api-2.2.3.jar;C:\Users\Priya\.m2\repository\jakarta\transaction\jakarta.transaction-api\1.3.3\jakarta.transaction-api-1.3.3.jar;C:\Users\Priya\.m2\repository\org\hibernate\hibernate-core\5.4.12.Final\hibernate-core-5.4.12.Final.jar;C:\Users\Priya\.m2\repository\org\jboss\logging\jboss-logging\3.4.1.Final\jboss-logging-3.4.1.Final.jar;C:\Users\Priya\.m2\repository\org\javassist\javassist\3.24.0-GA\javassist-3.24.0-GA.jar;C:\Users\Priya\.m2\repository\net\bytebuddy\byte-buddy\1.10.8\byte-buddy-1.10.8.jar;C:\Users\Priya\.m2\repository\antlr\antlr\2.7.7\antlr-2.7.7.jar;C:\Users\Priya\.m2\repository\org\jboss\jandex\2.1.1.Final\jandex-2.1.1.Final.jar;C:\Users\Priya\.m2\repository\com\fasterxml\classmate\1.5.1\classmate-1.5.1.jar;C:\Users\Priya\.m2\repository\org\dom4j\dom4j\2.1.1\dom4j-2.1.1.jar;C:\Users\Priya\.m2\repository\org\hibernate\common\hibernate-commons-annotations\5.1.0.Final\hibernate-commons-annotations-5.1.0.Final.jar;C:\Users\Priya\.m2\repository\org\glassfish\jaxb\jaxb-runtime\2.3.2\jaxb-runtime-2.3.2.
Launcher Type: SUN_STANDARD

[Global flags]
     intx CICompilerCount                          = 3                                         {product} {ergonomic}
     uint ConcGCThreads                            = 1                                         {product} {ergonomic}
     uint G1ConcRefinementThreads                  = 4                                         {product} {ergonomic}
   size_t G1HeapRegionSize                         = 1048576                                   {product} {ergonomic}
    uintx GCDrainStackTargetSize                   = 64                                        {product} {ergonomic}
   size_t InitialHeapSize                          = 134217728                                 {product} {ergonomic}
   size_t MarkStackSize                            = 4194304                                   {product} {ergonomic}
   size_t MaxHeapSize                              = 2130706432                                {product} {ergonomic}
   size_t MaxNewSize                               = 1278214144                                {product} {ergonomic}
   size_t MinHeapDeltaBytes                        = 1048576                                   {product} {ergonomic}
    uintx NonNMethodCodeHeapSize                   = 5830732                                {pd product} {ergonomic}
    uintx NonProfiledCodeHeapSize                  = 122913754                              {pd product} {ergonomic}
    uintx ProfiledCodeHeapSize                     = 122913754                              {pd product} {ergonomic}
    uintx ReservedCodeCacheSize                    = 251658240                              {pd product} {ergonomic}
     bool SegmentedCodeCache                       = true                                      {product} {ergonomic}
     bool UseCompressedClassPointers               = true                                 {lp64_product} {ergonomic}
     bool UseCompressedOops                        = true                                 {lp64_product} {ergonomic}
     bool UseG1GC                                  = true                                      {product} {ergonomic}
     bool UseLargePagesIndividualAllocation        = false                                  {pd product} {ergonomic}

Logging:
Log output configuration:
 #0: stdout all=warning uptime,level,tags
 #1: stderr all=off uptime,level,tags

Environment Variables:
JAVA_HOME=C:\Program Files\Java\jdk-11.0.6
PATH=C:/Program Files/Java/jdk-11.0.6/bin/server;C:/Program Files/Java/jdk-11.0.6/bin;C:\Program Files\Java\jdk-11.0.6\bin;C:\Users\Priya\AppData\Local\Android\Sdk;C:\Program Files (x86)\Common Files\Oracle\Java\javapath;C:\ProgramData\Oracle\Java\javapath;C:\Users\Nikhil\AppData\Local\Android\android-sdk\platform-tools;C:\Program Files (x86)\Intel\iCLS Client\;C:\Program Files\Intel\iCLS Client\;C:\WINDOWS\system32;C:\WINDOWS;C:\WINDOWS\System32\Wbem;C:\WINDOWS\System32\WindowsPowerShell\v1.0\;C:\Program Files\Hewlett-Packard\SimplePass\;C:\Program Files (x86)\Windows Live\Shared;C:\Program Files\Intel\Intel(R) Management Engine Components\DAL;C:\Program Files\Intel\Intel(R) Management Engine Components\IPT;C:\Program Files (x86)\Intel\Intel(R) Management Engine Components\DAL;C:\Program Files (x86)\Intel\Intel(R) Management Engine Components\IPT;C:\Program Files (x86)\ATI Technologies\ATI.ACE\Core-Static;F:\Development\Tools;C:\Program Files (x86)\Microsoft SQL Server\100\Tools\Binn\;C:\Program Files\Microsoft SQL Server\100\Tools\Binn\;C:\Program Files\Microsoft SQL Server\100\DTS\Binn\;C:\Android;C:\Windows\System32;C:\Program Files\PuTTY\;C:\WINDOWS\System32\OpenSSH\;C:\Program Files\Git\cmd;C:\xampp\mysql\bin;C:\Program Files\nodejs\;C:\Program Files\TortoiseSVN\bin;C:\Program Files\Java\jdk-11.0.6\bin;C:\Users\Priya\AppData\Local\Microsoft\WindowsApps;C:\Users\Priya\AppData\Roaming\npm;C:\Users\Priya\Desktop;
USERNAME=Priya
OS=Windows_NT
PROCESSOR_IDENTIFIER=Intel64 Family 6 Model 69 Stepping 1, GenuineIntel



---------------  S Y S T E M  ---------------

OS: Windows 10 , 64 bit Build 18362 (10.0.18362.329)

CPU:total 4 (initial active 4) (2 cores per cpu, 2 threads per core) family 6 model 69 stepping 1, cmov, cx8, fxsr, mmx, sse, sse2, sse3, ssse3, sse4.1, sse4.2, popcnt, avx, avx2, aes, clmul, erms, lzcnt, ht, tsc, tscinvbit, bmi1, bmi2, fma

Memory: 4k page, system-wide physical 8122M (415M free)
TotalPageFile size 10545M (AvailPageFile size 118M)
current process WorkingSet (physical memory assigned to process): 337M, peak: 371M
current process commit charge ("private bytes"): 401M, peak: 430M

vm_info: Java HotSpot(TM) 64-Bit Server VM (11.0.6+8-LTS) for windows-amd64 JRE (11.0.6+8-LTS), built on Dec 11 2019 09:17:57 by "mach5one" with MS VC++ 15.5 (VS2017)

END.
