#
# There is insufficient memory for the Java Runtime Environment to continue.
# Native memory allocation (malloc) failed to allocate 1048576 bytes for AllocateHeap
# Possible reasons:
#   The system is out of physical RAM or swap space
#   The process is running with CompressedOops enabled, and the Java Heap may be blocking the growth of the native heap
# Possible solutions:
#   Reduce memory load on the system
#   Increase physical memory or swap space
#   Check if swap backing store is full
#   Decrease Java heap size (-Xmx/-Xms)
#   Decrease number of Java threads
#   Decrease Java thread stack sizes (-Xss)
#   Set larger code cache with -XX:ReservedCodeCacheSize=
#   JVM is running with Unscaled Compressed Oops mode in which the Java heap is
#     placed in the first 4GB address space. The Java Heap base address is the
#     maximum limit for the native heap growth. Please use -XX:HeapBaseMinAddress
#     to set the Java Heap base and to place the Java Heap above 4GB virtual address.
# This output file may be truncated or incomplete.
#
#  Out of Memory Error (t:/workspace/open/src/hotspot/share/memory/allocation.cpp:46), pid=6656, tid=12384
#
# JRE version: Java(TM) SE Runtime Environment (11.0.6+8) (build 11.0.6+8-LTS)
# Java VM: Java HotSpot(TM) 64-Bit Server VM (11.0.6+8-LTS, mixed mode, tiered, compressed oops, g1 gc, windows-amd64)
# No core dump will be written. Minidumps are not enabled by default on client versions of Windows
#

---------------  S U M M A R Y ------------

Command Line: -Dcom.sun.management.jmxremote -Dcom.sun.management.jmxremote.port=65298 -Dcom.sun.management.jmxremote.authenticate=false -Dcom.sun.management.jmxremote.ssl=false -Djava.rmi.server.hostname=localhost -Dspring.jmx.enabled=true -Dspring.application.admin.enabled=true -Xverify:none -XX:TieredStopAtLevel=1 -Dspring.boot.project.name=Bingofy -Dfile.encoding=UTF-8 com.snapshotprojects.Bingofy.BingofyApplication --spring.output.ansi.enabled=always

Host: Intel(R) Core(TM) i5-4200U CPU @ 1.60GHz, 4 cores, 7G,  Windows 10 , 64 bit Build 18362 (10.0.18362.778)
Time: Mon May  4 16:23:19 2020 India Standard Time elapsed time: 1 seconds (0d 0h 0m 1s)

---------------  T H R E A D  ---------------

Current thread (0x0000014d53059000):  VMThread "VM Thread" [stack: 0x0000001131800000,0x0000001131900000] [id=12384]

Stack: [0x0000001131800000,0x0000001131900000]
[error occurred during error reporting (printing stack bounds), id 0xc0000005, EXCEPTION_ACCESS_VIOLATION (0xc0000005) at pc=0x0000014d3c8d0bad]

Native frames: (J=compiled Java code, j=interpreted, Vv=VM code, C=native code)
V  [jvm.dll+0x63679a]
V  [jvm.dll+0x7755bf]
V  [jvm.dll+0x776c65]
V  [jvm.dll+0x777235]
V  [jvm.dll+0x7771eb]
V  [jvm.dll+0x635e96]
V  [jvm.dll+0x636268]
C  [ntdll.dll+0xa11cf]
C  [ntdll.dll+0x6a209]
C  [ntdll.dll+0x9fe3e]
C  0x0000014d3c8d0bad

VM_Operation (0x00000011312fce90): CollectForMetadataAllocation, mode: safepoint, requested by thread 0x0000014d32d2c000


---------------  P R O C E S S  ---------------

Threads class SMR info:
_java_thread_list=0x0000014d54218f90, length=12, elements={
0x0000014d32d2c000, 0x0000014d53082800, 0x0000014d5308b800, 0x0000014d5309c000,
0x0000014d5309f000, 0x0000014d530a1000, 0x0000014d53a0c000, 0x0000014d53b31000,
0x0000014d53baa800, 0x0000014d54205800, 0x0000014d541ff800, 0x0000014d54274800
}

Java Threads: ( => current thread )
  0x0000014d32d2c000 JavaThread "main" [_thread_blocked, id=15336, stack(0x0000001131200000,0x0000001131300000)]
  0x0000014d53082800 JavaThread "Reference Handler" daemon [_thread_blocked, id=11396, stack(0x0000001131900000,0x0000001131a00000)]
  0x0000014d5308b800 JavaThread "Finalizer" daemon [_thread_blocked, id=15344, stack(0x0000001131a00000,0x0000001131b00000)]
  0x0000014d5309c000 JavaThread "Signal Dispatcher" daemon [_thread_blocked, id=8824, stack(0x0000001131b00000,0x0000001131c00000)]
  0x0000014d5309f000 JavaThread "Attach Listener" daemon [_thread_blocked, id=12948, stack(0x0000001131c00000,0x0000001131d00000)]
  0x0000014d530a1000 JavaThread "C1 CompilerThread0" daemon [_thread_blocked, id=1608, stack(0x0000001131d00000,0x0000001131e00000)]
  0x0000014d53a0c000 JavaThread "Sweeper thread" daemon [_thread_blocked, id=12668, stack(0x0000001131e00000,0x0000001131f00000)]
  0x0000014d53b31000 JavaThread "Common-Cleaner" daemon [_thread_blocked, id=9388, stack(0x0000001131f00000,0x0000001132000000)]
  0x0000014d53baa800 JavaThread "Service Thread" daemon [_thread_blocked, id=11188, stack(0x0000001132000000,0x0000001132100000)]
  0x0000014d54205800 JavaThread "RMI TCP Accept-0" daemon [_thread_in_native, id=11760, stack(0x0000001132100000,0x0000001132200000)]
  0x0000014d541ff800 JavaThread "RMI TCP Accept-65298" daemon [_thread_in_native, id=14848, stack(0x0000001132200000,0x0000001132300000)]
  0x0000014d54274800 JavaThread "RMI TCP Accept-0" daemon [_thread_in_native, id=7144, stack(0x0000001132300000,0x0000001132400000)]

Other Threads:
=>0x0000014d53059000 VMThread "VM Thread" [stack: 0x0000001131800000,0x0000001131900000] [id=12384]
  0x0000014d54276000 WatcherThread [stack: 0x0000001132400000,0x0000001132500000] [id=7988]
  0x0000014d32cea000 GCTaskThread "GC Thread#0" [stack: 0x0000001131300000,0x0000001131400000] [id=8396]
  0x0000014d542f0000 GCTaskThread "GC Thread#1" [stack: 0x0000001132500000,0x0000001132600000] [id=12564]
  0x0000014d542f1000 GCTaskThread "GC Thread#2" [stack: 0x0000001132600000,0x0000001132700000] [id=7244]
  0x0000014d32d6e000 ConcurrentGCThread "G1 Main Marker" [stack: 0x0000001131400000,0x0000001131500000] [id=2136]
  0x0000014d32d70800 ConcurrentGCThread "G1 Conc#0" [stack: 0x0000001131500000,0x0000001131600000] [id=9756]
  0x0000014d32dee800 ConcurrentGCThread "G1 Refine#0" [stack: 0x0000001131600000,0x0000001131700000] [id=15008]
  0x0000014d542fd800 ConcurrentGCThread "G1 Refine#1" [stack: 0x0000001132700000,0x0000001132800000] [id=12776]
  0x0000014d52ec9800 ConcurrentGCThread "G1 Young RemSet Sampling" [stack: 0x0000001131700000,0x0000001131800000] [id=15232]

Threads with active compile tasks:
C1 CompilerThread01142       1       java.util.jar.JarFile::maybeInstantiateVerifier (112 bytes)

VM state:at safepoint (normal execution)

VM Mutex/Monitor currently owned by a thread:  ([mutex/lock_event])
[0x0000014d32d2b5b0] Threads_lock - owner thread: 0x0000014d53059000
[0x0000014d32d29b40] Heap_lock - owner thread: 0x0000014d32d2c000

Heap address: 0x0000000081000000, size: 2032 MB, Compressed Oops mode: 32-bit
Narrow klass base: 0x0000000000000000, Narrow klass shift: 3
Compressed class space size: 1073741824 Address: 0x0000000100000000

Heap:
 garbage-first heap   total 131072K, used 8286K [0x0000000081000000, 0x0000000100000000)
  region size 1024K, 1 young (1024K), 1 survivors (1024K)
 Metaspace       used 13227K, capacity 13505K, committed 13568K, reserved 1069056K
  class space    used 1388K, capacity 1506K, committed 1536K, reserved 1048576K
Heap Regions: E=young(eden), S=young(survivor), O=old, HS=humongous(starts), HC=humongous(continues), CS=collection set, F=free, A=archive, TAMS=top-at-mark-start (previous, next)
|   0|0x0000000081000000, 0x0000000081100000, 0x0000000081100000|100%|HS|  |TAMS 0x0000000081000000, 0x0000000081100000| Complete 
|   1|0x0000000081100000, 0x0000000081200000, 0x0000000081200000|100%| O|  |TAMS 0x0000000081100000, 0x0000000081200000| Untracked 
|   2|0x0000000081200000, 0x0000000081300000, 0x0000000081300000|100%| O|  |TAMS 0x0000000081200000, 0x0000000081300000| Untracked 
|   3|0x0000000081300000, 0x0000000081400000, 0x0000000081400000|100%| O|  |TAMS 0x0000000081300000, 0x0000000081400000| Untracked 
|   4|0x0000000081400000, 0x0000000081500000, 0x0000000081500000|100%| O|  |TAMS 0x0000000081400000, 0x0000000081500000| Untracked 
|   5|0x0000000081500000, 0x0000000081600000, 0x0000000081600000|100%| O|  |TAMS 0x0000000081500000, 0x0000000081600000| Untracked 
|   6|0x0000000081600000, 0x0000000081700000, 0x0000000081700000|100%| O|  |TAMS 0x0000000081600000, 0x0000000081700000| Untracked 
|   7|0x0000000081700000, 0x0000000081769200, 0x0000000081800000| 41%| O|  |TAMS 0x0000000081700000, 0x0000000081769200| Untracked 
|   8|0x0000000081800000, 0x0000000081800000, 0x0000000081900000|  0%| F|  |TAMS 0x0000000081800000, 0x0000000081800000| Untracked 
|   9|0x0000000081900000, 0x0000000081900000, 0x0000000081a00000|  0%| F|  |TAMS 0x0000000081900000, 0x0000000081900000| Untracked 
|  10|0x0000000081a00000, 0x0000000081a00000, 0x0000000081b00000|  0%| F|  |TAMS 0x0000000081a00000, 0x0000000081a00000| Untracked 
|  11|0x0000000081b00000, 0x0000000081b00000, 0x0000000081c00000|  0%| F|  |TAMS 0x0000000081b00000, 0x0000000081b00000| Untracked 
|  12|0x0000000081c00000, 0x0000000081c00000, 0x0000000081d00000|  0%| F|  |TAMS 0x0000000081c00000, 0x0000000081c00000| Untracked 
|  13|0x0000000081d00000, 0x0000000081d00000, 0x0000000081e00000|  0%| F|  |TAMS 0x0000000081d00000, 0x0000000081d00000| Untracked 
|  14|0x0000000081e00000, 0x0000000081e00000, 0x0000000081f00000|  0%| F|  |TAMS 0x0000000081e00000, 0x0000000081e00000| Untracked 
|  15|0x0000000081f00000, 0x0000000081f00000, 0x0000000082000000|  0%| F|  |TAMS 0x0000000081f00000, 0x0000000081f00000| Untracked 
|  16|0x0000000082000000, 0x0000000082000000, 0x0000000082100000|  0%| F|  |TAMS 0x0000000082000000, 0x0000000082000000| Untracked 
|  17|0x0000000082100000, 0x0000000082100000, 0x0000000082200000|  0%| F|  |TAMS 0x0000000082100000, 0x0000000082100000| Untracked 
|  18|0x0000000082200000, 0x0000000082200000, 0x0000000082300000|  0%| F|  |TAMS 0x0000000082200000, 0x0000000082200000| Untracked 
|  19|0x0000000082300000, 0x0000000082300000, 0x0000000082400000|  0%| F|  |TAMS 0x0000000082300000, 0x0000000082300000| Untracked 
|  20|0x0000000082400000, 0x0000000082400000, 0x0000000082500000|  0%| F|  |TAMS 0x0000000082400000, 0x0000000082400000| Untracked 
|  21|0x0000000082500000, 0x0000000082500000, 0x0000000082600000|  0%| F|  |TAMS 0x0000000082500000, 0x0000000082500000| Untracked 
|  22|0x0000000082600000, 0x0000000082600000, 0x0000000082700000|  0%| F|  |TAMS 0x0000000082600000, 0x0000000082600000| Untracked 
|  23|0x0000000082700000, 0x0000000082700000, 0x0000000082800000|  0%| F|  |TAMS 0x0000000082700000, 0x0000000082700000| Untracked 
|  24|0x0000000082800000, 0x0000000082800000, 0x0000000082900000|  0%| F|  |TAMS 0x0000000082800000, 0x0000000082800000| Untracked 
|  25|0x0000000082900000, 0x0000000082900000, 0x0000000082a00000|  0%| F|  |TAMS 0x0000000082900000, 0x0000000082900000| Untracked 
|  26|0x0000000082a00000, 0x0000000082a00000, 0x0000000082b00000|  0%| F|  |TAMS 0x0000000082a00000, 0x0000000082a00000| Untracked 
|  27|0x0000000082b00000, 0x0000000082b00000, 0x0000000082c00000|  0%| F|  |TAMS 0x0000000082b00000, 0x0000000082b00000| Untracked 
|  28|0x0000000082c00000, 0x0000000082c00000, 0x0000000082d00000|  0%| F|  |TAMS 0x0000000082c00000, 0x0000000082c00000| Untracked 
|  29|0x0000000082d00000, 0x0000000082d00000, 0x0000000082e00000|  0%| F|  |TAMS 0x0000000082d00000, 0x0000000082d00000| Untracked 
|  30|0x0000000082e00000, 0x0000000082e00000, 0x0000000082f00000|  0%| F|  |TAMS 0x0000000082e00000, 0x0000000082e00000| Untracked 
|  31|0x0000000082f00000, 0x0000000082f00000, 0x0000000083000000|  0%| F|  |TAMS 0x0000000082f00000, 0x0000000082f00000| Untracked 
|  32|0x0000000083000000, 0x0000000083000000, 0x0000000083100000|  0%| F|  |TAMS 0x0000000083000000, 0x0000000083000000| Untracked 
|  33|0x0000000083100000, 0x0000000083100000, 0x0000000083200000|  0%| F|  |TAMS 0x0000000083100000, 0x0000000083100000| Untracked 
|  34|0x0000000083200000, 0x0000000083200000, 0x0000000083300000|  0%| F|  |TAMS 0x0000000083200000, 0x0000000083200000| Untracked 
|  35|0x0000000083300000, 0x0000000083300000, 0x0000000083400000|  0%| F|  |TAMS 0x0000000083300000, 0x0000000083300000| Untracked 
|  36|0x0000000083400000, 0x0000000083400000, 0x0000000083500000|  0%| F|  |TAMS 0x0000000083400000, 0x0000000083400000| Untracked 
|  37|0x0000000083500000, 0x0000000083500000, 0x0000000083600000|  0%| F|  |TAMS 0x0000000083500000, 0x0000000083500000| Untracked 
|  38|0x0000000083600000, 0x0000000083600000, 0x0000000083700000|  0%| F|  |TAMS 0x0000000083600000, 0x0000000083600000| Untracked 
|  39|0x0000000083700000, 0x0000000083700000, 0x0000000083800000|  0%| F|  |TAMS 0x0000000083700000, 0x0000000083700000| Untracked 
|  40|0x0000000083800000, 0x0000000083800000, 0x0000000083900000|  0%| F|  |TAMS 0x0000000083800000, 0x0000000083800000| Untracked 
|  41|0x0000000083900000, 0x0000000083900000, 0x0000000083a00000|  0%| F|  |TAMS 0x0000000083900000, 0x0000000083900000| Untracked 
|  42|0x0000000083a00000, 0x0000000083a00000, 0x0000000083b00000|  0%| F|  |TAMS 0x0000000083a00000, 0x0000000083a00000| Untracked 
|  43|0x0000000083b00000, 0x0000000083b00000, 0x0000000083c00000|  0%| F|  |TAMS 0x0000000083b00000, 0x0000000083b00000| Untracked 
|  44|0x0000000083c00000, 0x0000000083c00000, 0x0000000083d00000|  0%| F|  |TAMS 0x0000000083c00000, 0x0000000083c00000| Untracked 
|  45|0x0000000083d00000, 0x0000000083d00000, 0x0000000083e00000|  0%| F|  |TAMS 0x0000000083d00000, 0x0000000083d00000| Untracked 
|  46|0x0000000083e00000, 0x0000000083e00000, 0x0000000083f00000|  0%| F|  |TAMS 0x0000000083e00000, 0x0000000083e00000| Untracked 
|  47|0x0000000083f00000, 0x0000000083f00000, 0x0000000084000000|  0%| F|  |TAMS 0x0000000083f00000, 0x0000000083f00000| Untracked 
|  48|0x0000000084000000, 0x0000000084000000, 0x0000000084100000|  0%| F|  |TAMS 0x0000000084000000, 0x0000000084000000| Untracked 
|  49|0x0000000084100000, 0x0000000084100000, 0x0000000084200000|  0%| F|  |TAMS 0x0000000084100000, 0x0000000084100000| Untracked 
|  50|0x0000000084200000, 0x0000000084200000, 0x0000000084300000|  0%| F|  |TAMS 0x0000000084200000, 0x0000000084200000| Untracked 
|  51|0x0000000084300000, 0x0000000084300000, 0x0000000084400000|  0%| F|  |TAMS 0x0000000084300000, 0x0000000084300000| Untracked 
|  52|0x0000000084400000, 0x0000000084400000, 0x0000000084500000|  0%| F|  |TAMS 0x0000000084400000, 0x0000000084400000| Untracked 
|  53|0x0000000084500000, 0x0000000084500000, 0x0000000084600000|  0%| F|  |TAMS 0x0000000084500000, 0x0000000084500000| Untracked 
|  54|0x0000000084600000, 0x0000000084600000, 0x0000000084700000|  0%| F|  |TAMS 0x0000000084600000, 0x0000000084600000| Untracked 
|  55|0x0000000084700000, 0x0000000084700000, 0x0000000084800000|  0%| F|  |TAMS 0x0000000084700000, 0x0000000084700000| Untracked 
|  56|0x0000000084800000, 0x0000000084800000, 0x0000000084900000|  0%| F|  |TAMS 0x0000000084800000, 0x0000000084800000| Untracked 
|  57|0x0000000084900000, 0x0000000084900000, 0x0000000084a00000|  0%| F|  |TAMS 0x0000000084900000, 0x0000000084900000| Untracked 
|  58|0x0000000084a00000, 0x0000000084a00000, 0x0000000084b00000|  0%| F|  |TAMS 0x0000000084a00000, 0x0000000084a00000| Untracked 
|  59|0x0000000084b00000, 0x0000000084b00000, 0x0000000084c00000|  0%| F|  |TAMS 0x0000000084b00000, 0x0000000084b00000| Untracked 
|  60|0x0000000084c00000, 0x0000000084c00000, 0x0000000084d00000|  0%| F|  |TAMS 0x0000000084c00000, 0x0000000084c00000| Untracked 
|  61|0x0000000084d00000, 0x0000000084d00000, 0x0000000084e00000|  0%| F|  |TAMS 0x0000000084d00000, 0x0000000084d00000| Untracked 
|  62|0x0000000084e00000, 0x0000000084e00000, 0x0000000084f00000|  0%| F|  |TAMS 0x0000000084e00000, 0x0000000084e00000| Untracked 
|  63|0x0000000084f00000, 0x0000000084f00000, 0x0000000085000000|  0%| F|  |TAMS 0x0000000084f00000, 0x0000000084f00000| Untracked 
|  64|0x0000000085000000, 0x0000000085000000, 0x0000000085100000|  0%| F|  |TAMS 0x0000000085000000, 0x0000000085000000| Untracked 
|  65|0x0000000085100000, 0x0000000085100000, 0x0000000085200000|  0%| F|  |TAMS 0x0000000085100000, 0x0000000085100000| Untracked 
|  66|0x0000000085200000, 0x0000000085200000, 0x0000000085300000|  0%| F|  |TAMS 0x0000000085200000, 0x0000000085200000| Untracked 
|  67|0x0000000085300000, 0x0000000085300000, 0x0000000085400000|  0%| F|  |TAMS 0x0000000085300000, 0x0000000085300000| Untracked 
|  68|0x0000000085400000, 0x0000000085400000, 0x0000000085500000|  0%| F|  |TAMS 0x0000000085400000, 0x0000000085400000| Untracked 
|  69|0x0000000085500000, 0x0000000085500000, 0x0000000085600000|  0%| F|  |TAMS 0x0000000085500000, 0x0000000085500000| Untracked 
|  70|0x0000000085600000, 0x0000000085600000, 0x0000000085700000|  0%| F|  |TAMS 0x0000000085600000, 0x0000000085600000| Untracked 
|  71|0x0000000085700000, 0x0000000085700000, 0x0000000085800000|  0%| F|  |TAMS 0x0000000085700000, 0x0000000085700000| Untracked 
|  72|0x0000000085800000, 0x0000000085800000, 0x0000000085900000|  0%| F|  |TAMS 0x0000000085800000, 0x0000000085800000| Untracked 
|  73|0x0000000085900000, 0x0000000085900000, 0x0000000085a00000|  0%| F|  |TAMS 0x0000000085900000, 0x0000000085900000| Untracked 
|  74|0x0000000085a00000, 0x0000000085a00000, 0x0000000085b00000|  0%| F|  |TAMS 0x0000000085a00000, 0x0000000085a00000| Untracked 
|  75|0x0000000085b00000, 0x0000000085b00000, 0x0000000085c00000|  0%| F|  |TAMS 0x0000000085b00000, 0x0000000085b00000| Untracked 
|  76|0x0000000085c00000, 0x0000000085c00000, 0x0000000085d00000|  0%| F|  |TAMS 0x0000000085c00000, 0x0000000085c00000| Untracked 
|  77|0x0000000085d00000, 0x0000000085d00000, 0x0000000085e00000|  0%| F|  |TAMS 0x0000000085d00000, 0x0000000085d00000| Untracked 
|  78|0x0000000085e00000, 0x0000000085e00000, 0x0000000085f00000|  0%| F|  |TAMS 0x0000000085e00000, 0x0000000085e00000| Untracked 
|  79|0x0000000085f00000, 0x0000000085f00000, 0x0000000086000000|  0%| F|  |TAMS 0x0000000085f00000, 0x0000000085f00000| Untracked 
|  80|0x0000000086000000, 0x0000000086000000, 0x0000000086100000|  0%| F|  |TAMS 0x0000000086000000, 0x0000000086000000| Untracked 
|  81|0x0000000086100000, 0x0000000086100000, 0x0000000086200000|  0%| F|  |TAMS 0x0000000086100000, 0x0000000086100000| Untracked 
|  82|0x0000000086200000, 0x0000000086200000, 0x0000000086300000|  0%| F|  |TAMS 0x0000000086200000, 0x0000000086200000| Untracked 
|  83|0x0000000086300000, 0x0000000086300000, 0x0000000086400000|  0%| F|  |TAMS 0x0000000086300000, 0x0000000086300000| Untracked 
|  84|0x0000000086400000, 0x0000000086400000, 0x0000000086500000|  0%| F|  |TAMS 0x0000000086400000, 0x0000000086400000| Untracked 
|  85|0x0000000086500000, 0x0000000086500000, 0x0000000086600000|  0%| F|  |TAMS 0x0000000086500000, 0x0000000086500000| Untracked 
|  86|0x0000000086600000, 0x0000000086600000, 0x0000000086700000|  0%| F|  |TAMS 0x0000000086600000, 0x0000000086600000| Untracked 
|  87|0x0000000086700000, 0x0000000086700000, 0x0000000086800000|  0%| F|  |TAMS 0x0000000086700000, 0x0000000086700000| Untracked 
|  88|0x0000000086800000, 0x0000000086800000, 0x0000000086900000|  0%| F|  |TAMS 0x0000000086800000, 0x0000000086800000| Untracked 
|  89|0x0000000086900000, 0x0000000086900000, 0x0000000086a00000|  0%| F|  |TAMS 0x0000000086900000, 0x0000000086900000| Untracked 
|  90|0x0000000086a00000, 0x0000000086a00000, 0x0000000086b00000|  0%| F|  |TAMS 0x0000000086a00000, 0x0000000086a00000| Untracked 
|  91|0x0000000086b00000, 0x0000000086b00000, 0x0000000086c00000|  0%| F|  |TAMS 0x0000000086b00000, 0x0000000086b00000| Untracked 
|  92|0x0000000086c00000, 0x0000000086c00000, 0x0000000086d00000|  0%| F|  |TAMS 0x0000000086c00000, 0x0000000086c00000| Untracked 
|  93|0x0000000086d00000, 0x0000000086d00000, 0x0000000086e00000|  0%| F|  |TAMS 0x0000000086d00000, 0x0000000086d00000| Untracked 
|  94|0x0000000086e00000, 0x0000000086e00000, 0x0000000086f00000|  0%| F|  |TAMS 0x0000000086e00000, 0x0000000086e00000| Untracked 
|  95|0x0000000086f00000, 0x0000000086f00000, 0x0000000087000000|  0%| F|  |TAMS 0x0000000086f00000, 0x0000000086f00000| Untracked 
|  96|0x0000000087000000, 0x0000000087000000, 0x0000000087100000|  0%| F|  |TAMS 0x0000000087000000, 0x0000000087000000| Untracked 
|  97|0x0000000087100000, 0x0000000087100000, 0x0000000087200000|  0%| F|  |TAMS 0x0000000087100000, 0x0000000087100000| Untracked 
|  98|0x0000000087200000, 0x0000000087200000, 0x0000000087300000|  0%| F|  |TAMS 0x0000000087200000, 0x0000000087200000| Untracked 
|  99|0x0000000087300000, 0x0000000087300000, 0x0000000087400000|  0%| F|  |TAMS 0x0000000087300000, 0x0000000087300000| Untracked 
| 100|0x0000000087400000, 0x0000000087400000, 0x0000000087500000|  0%| F|  |TAMS 0x0000000087400000, 0x0000000087400000| Untracked 
| 101|0x0000000087500000, 0x0000000087500000, 0x0000000087600000|  0%| F|  |TAMS 0x0000000087500000, 0x0000000087500000| Untracked 
| 102|0x0000000087600000, 0x0000000087600000, 0x0000000087700000|  0%| F|  |TAMS 0x0000000087600000, 0x0000000087600000| Untracked 
| 103|0x0000000087700000, 0x0000000087700000, 0x0000000087800000|  0%| F|  |TAMS 0x0000000087700000, 0x0000000087700000| Untracked 
| 104|0x0000000087800000, 0x0000000087800000, 0x0000000087900000|  0%| F|  |TAMS 0x0000000087800000, 0x0000000087800000| Untracked 
| 105|0x0000000087900000, 0x0000000087900000, 0x0000000087a00000|  0%| F|  |TAMS 0x0000000087900000, 0x0000000087900000| Untracked 
| 106|0x0000000087a00000, 0x0000000087a00000, 0x0000000087b00000|  0%| F|  |TAMS 0x0000000087a00000, 0x0000000087a00000| Untracked 
| 107|0x0000000087b00000, 0x0000000087b00000, 0x0000000087c00000|  0%| F|  |TAMS 0x0000000087b00000, 0x0000000087b00000| Untracked 
| 108|0x0000000087c00000, 0x0000000087c00000, 0x0000000087d00000|  0%| F|  |TAMS 0x0000000087c00000, 0x0000000087c00000| Untracked 
| 109|0x0000000087d00000, 0x0000000087d00000, 0x0000000087e00000|  0%| F|  |TAMS 0x0000000087d00000, 0x0000000087d00000| Untracked 
| 110|0x0000000087e00000, 0x0000000087e00000, 0x0000000087f00000|  0%| F|  |TAMS 0x0000000087e00000, 0x0000000087e00000| Untracked 
| 111|0x0000000087f00000, 0x0000000087f00000, 0x0000000088000000|  0%| F|  |TAMS 0x0000000087f00000, 0x0000000087f00000| Untracked 
| 112|0x0000000088000000, 0x0000000088000000, 0x0000000088100000|  0%| F|  |TAMS 0x0000000088000000, 0x0000000088000000| Untracked 
| 113|0x0000000088100000, 0x0000000088100000, 0x0000000088200000|  0%| F|  |TAMS 0x0000000088100000, 0x0000000088100000| Untracked 
| 114|0x0000000088200000, 0x0000000088200000, 0x0000000088300000|  0%| F|  |TAMS 0x0000000088200000, 0x0000000088200000| Untracked 
| 115|0x0000000088300000, 0x0000000088300000, 0x0000000088400000|  0%| F|  |TAMS 0x0000000088300000, 0x0000000088300000| Untracked 
| 116|0x0000000088400000, 0x0000000088400000, 0x0000000088500000|  0%| F|  |TAMS 0x0000000088400000, 0x0000000088400000| Untracked 
| 117|0x0000000088500000, 0x0000000088500000, 0x0000000088600000|  0%| F|  |TAMS 0x0000000088500000, 0x0000000088500000| Untracked 
| 118|0x0000000088600000, 0x0000000088600000, 0x0000000088700000|  0%| F|  |TAMS 0x0000000088600000, 0x0000000088600000| Untracked 
| 119|0x0000000088700000, 0x0000000088700000, 0x0000000088800000|  0%| F|  |TAMS 0x0000000088700000, 0x0000000088700000| Untracked 
| 120|0x0000000088800000, 0x0000000088800000, 0x0000000088900000|  0%| F|  |TAMS 0x0000000088800000, 0x0000000088800000| Untracked 
| 121|0x0000000088900000, 0x0000000088900000, 0x0000000088a00000|  0%| F|  |TAMS 0x0000000088900000, 0x0000000088900000| Untracked 
| 122|0x0000000088a00000, 0x0000000088a00000, 0x0000000088b00000|  0%| F|  |TAMS 0x0000000088a00000, 0x0000000088a00000| Untracked 
| 123|0x0000000088b00000, 0x0000000088b00000, 0x0000000088c00000|  0%| F|  |TAMS 0x0000000088b00000, 0x0000000088b00000| Untracked 
| 124|0x0000000088c00000, 0x0000000088cae660, 0x0000000088d00000| 68%| S|CS|TAMS 0x0000000088c00000, 0x0000000088c00000| Complete 
| 125|0x0000000088d00000, 0x0000000088d00000, 0x0000000088e00000|  0%| F|  |TAMS 0x0000000088d00000, 0x0000000088d00000| Untracked 
| 126|0x0000000088e00000, 0x0000000088e00000, 0x0000000088f00000|  0%| F|  |TAMS 0x0000000088e00000, 0x0000000088e00000| Untracked 
| 127|0x0000000088f00000, 0x0000000088f00000, 0x0000000089000000|  0%| F|  |TAMS 0x0000000088f00000, 0x0000000088f00000| Untracked 

Card table byte_map: [0x0000014d4c2f0000,0x0000014d4c6f0000] _byte_map_base: 0x0000014d4bee8000

Marking Bits (Prev, Next): (CMBitMap*) 0x0000014d32d65738, (CMBitMap*) 0x0000014d32d65770
 Prev Bits: [0x0000014d4caf0000, 0x0000014d4eab0000)
 Next Bits: [0x0000014d4eab0000, 0x0000014d50a70000)

Polling page: 0x0000014d32df0000

Metaspace:

Usage:
  Non-class:     11.72 MB capacity,    11.56 MB ( 99%) used,   128.61 KB (  1%) free+waste,    31.06 KB ( <1%) overhead. 
      Class:      1.47 MB capacity,     1.36 MB ( 92%) used,   102.58 KB (  7%) free+waste,    15.31 KB (  1%) overhead. 
       Both:     13.19 MB capacity,    12.92 MB ( 98%) used,   231.19 KB (  2%) free+waste,    46.38 KB ( <1%) overhead. 

Virtual space:
  Non-class space:       20.00 MB reserved,      11.75 MB ( 59%) committed 
      Class space:        1.00 GB reserved,       1.50 MB ( <1%) committed 
             Both:        1.02 GB reserved,      13.25 MB (  1%) committed 

Chunk freelists:
   Non-Class:  4.13 KB
       Class:  0 bytes
        Both:  4.13 KB

CodeHeap 'non-profiled nmethods': size=238912Kb used=1580Kb max_used=1580Kb free=237331Kb
 bounds [0x0000014d3cf80000, 0x0000014d3d1f0000, 0x0000014d4b8d0000]
CodeHeap 'non-nmethods': size=6848Kb used=1104Kb max_used=1104Kb free=5743Kb
 bounds [0x0000014d3c8d0000, 0x0000014d3cb40000, 0x0000014d3cf80000]
 total_blobs=1568 nmethods=1141 adapters=338
 compilation: enabled
              stopped_count=0, restarted_count=0
 full_count=0

Compilation events (10 events):
Event: 1.848 Thread 0x0000014d530a1000 nmethod 1137 0x0000014d3d109c10 code [0x0000014d3d109de0, 0x0000014d3d10a020]
Event: 1.848 Thread 0x0000014d530a1000 1125       1       sun.util.locale.BaseLocale$Cache::normalizeKey (9 bytes)
Event: 1.848 Thread 0x0000014d530a1000 nmethod 1125 0x0000014d3d10a110 code [0x0000014d3d10a2c0, 0x0000014d3d10a430]
Event: 1.848 Thread 0x0000014d530a1000 1126       1       sun.util.locale.BaseLocale$Cache::normalizeKey (5 bytes)
Event: 1.848 Thread 0x0000014d530a1000 nmethod 1126 0x0000014d3d10a510 code [0x0000014d3d10a6c0, 0x0000014d3d10a7f0]
Event: 1.855 Thread 0x0000014d530a1000 1140       1       jdk.internal.access.SharedSecrets::javaUtilJarAccess (18 bytes)
Event: 1.856 Thread 0x0000014d530a1000 nmethod 1140 0x0000014d3d10ac90 code [0x0000014d3d10ae40, 0x0000014d3d10af90]
Event: 1.858 Thread 0x0000014d530a1000 1141       1       java.util.ArrayDeque::poll (5 bytes)
Event: 1.858 Thread 0x0000014d530a1000 nmethod 1141 0x0000014d3d10b010 code [0x0000014d3d10b1c0, 0x0000014d3d10b2f0]
Event: 1.878 Thread 0x0000014d530a1000 1142       1       java.util.jar.JarFile::maybeInstantiateVerifier (112 bytes)

GC Heap History (4 events):
Event: 1.727 GC heap before
{Heap before GC invocations=0 (full 0):
 garbage-first heap   total 131072K, used 14336K [0x0000000081000000, 0x0000000100000000)
  region size 1024K, 14 young (14336K), 0 survivors (0K)
 Metaspace       used 12150K, capacity 12437K, committed 12672K, reserved 1060864K
  class space    used 1279K, capacity 1406K, committed 1408K, reserved 1048576K
}
Event: 1.736 GC heap after
{Heap after GC invocations=1 (full 0):
 garbage-first heap   total 131072K, used 7419K [0x0000000081000000, 0x0000000100000000)
  region size 1024K, 2 young (2048K), 2 survivors (2048K)
 Metaspace       used 12150K, capacity 12437K, committed 12672K, reserved 1060864K
  class space    used 1279K, capacity 1406K, committed 1408K, reserved 1048576K
}
Event: 1.878 GC heap before
{Heap before GC invocations=1 (full 0):
 garbage-first heap   total 131072K, used 9467K [0x0000000081000000, 0x0000000100000000)
  region size 1024K, 5 young (5120K), 2 survivors (2048K)
 Metaspace       used 13227K, capacity 13505K, committed 13568K, reserved 1067008K
  class space    used 1388K, capacity 1506K, committed 1536K, reserved 1048576K
}
Event: 1.883 GC heap after
{Heap after GC invocations=2 (full 0):
 garbage-first heap   total 131072K, used 8286K [0x0000000081000000, 0x0000000100000000)
  region size 1024K, 1 young (1024K), 1 survivors (1024K)
 Metaspace       used 13227K, capacity 13505K, committed 13568K, reserved 1067008K
  class space    used 1388K, capacity 1506K, committed 1536K, reserved 1048576K
}

Deoptimization events (0 events):
No events

Classes redefined (0 events):
No events

Internal exceptions (10 events):
Event: 1.062 Thread 0x0000014d32d2c000 Exception <a 'java/lang/NoSuchMethodError'{0x00000000885bbd58}: java.lang.invoke.DirectMethodHandle$Holder.invokeStaticInit(Ljava/lang/Object;IIII)Ljava/lang/Object;> (0x00000000885bbd58) thrown at [t:/workspace/open/src/hotspot/share/interpreter/linkReso
Event: 1.460 Thread 0x0000014d32d2c000 Exception <a 'java/lang/NoSuchMethodError'{0x00000000885f0058}: java.lang.invoke.DirectMethodHandle$Holder.invokeStatic(Ljava/lang/Object;Ljava/lang/Object;IIII)Ljava/lang/Object;> (0x00000000885f0058) thrown at [t:/workspace/open/src/hotspot/share/interp
Event: 1.461 Thread 0x0000014d32d2c000 Exception <a 'java/lang/NoSuchMethodError'{0x00000000885f33a0}: java.lang.invoke.DirectMethodHandle$Holder.invokeStaticInit(Ljava/lang/Object;Ljava/lang/Object;IIII)Ljava/lang/Object;> (0x00000000885f33a0) thrown at [t:/workspace/open/src/hotspot/share/in
Event: 1.512 Thread 0x0000014d32d2c000 Exception <a 'java/lang/ClassNotFoundException'{0x0000000088410e00}: javax/management/remote/rmi/RMIServerImpl_Skel> (0x0000000088410e00) thrown at [t:/workspace/open/src/hotspot/share/classfile/systemDictionary.cpp, line 231]
Event: 1.597 Thread 0x0000014d32d2c000 Exception <a 'java/lang/ClassNotFoundException'{0x000000008830a1c0}: jdk/internal/agent/resources/spi/agentProvider> (0x000000008830a1c0) thrown at [t:/workspace/open/src/hotspot/share/classfile/systemDictionary.cpp, line 231]
Event: 1.607 Thread 0x0000014d32d2c000 Exception <a 'java/lang/NoSuchMethodError'{0x000000008835fa50}: java.lang.invoke.DirectMethodHandle$Holder.invokeStatic(Ljava/lang/Object;Ljava/lang/Object;Ljava/lang/Object;Ljava/lang/Object;Ljava/lang/Object;Ljava/lang/Object;Ljava/lang/Object;Ljava/lan
Event: 1.609 Thread 0x0000014d32d2c000 Exception <a 'java/lang/NoSuchMethodError'{0x000000008836c270}: java.lang.invoke.DirectMethodHandle$Holder.invokeStatic(Ljava/lang/Object;Ljava/lang/Object;Ljava/lang/Object;Ljava/lang/Object;Ljava/lang/Object;Ljava/lang/Object;Ljava/lang/Object;Ljava/lan
Event: 1.611 Thread 0x0000014d32d2c000 Exception <a 'java/lang/NoSuchMethodError'{0x0000000088385d48}: java.lang.invoke.DelegatingMethodHandle$Holder.reinvoke_L(Ljava/lang/Object;ILjava/lang/Object;)Ljava/lang/Object;> (0x0000000088385d48) thrown at [t:/workspace/open/src/hotspot/share/interpr
Event: 1.787 Thread 0x0000014d32d2c000 Exception <a 'java/lang/ClassNotFoundException'{0x0000000088f9d758}: javax/smartcardio/CardPermission> (0x0000000088f9d758) thrown at [t:/workspace/open/src/hotspot/share/classfile/systemDictionary.cpp, line 231]
Event: 1.791 Thread 0x0000014d32d2c000 Exception <a 'java/io/FileNotFoundException'{0x0000000088faba58}> (0x0000000088faba58) thrown at [t:/workspace/open/src/hotspot/share/prims/jni.cpp, line 615]

Events (10 events):
Event: 1.858 loading class org/apache/commons/logging/Log done
Event: 1.858 loading class org/springframework/boot/Banner$Mode
Event: 1.858 loading class org/springframework/boot/Banner$Mode done
Event: 1.872 loading class org/springframework/util/Assert
Event: 1.872 loading class org/springframework/util/Assert done
Event: 1.874 loading class org/springframework/boot/WebApplicationType
Event: 1.874 loading class org/springframework/boot/WebApplicationType done
Event: 1.877 loading class org/springframework/util/ClassUtils
Event: 1.877 loading class org/springframework/util/ClassUtils done
Event: 1.878 Executing VM operation: CollectForMetadataAllocation


Dynamic libraries:
0x00007ff6097a0000 - 0x00007ff6097e7000 	C:\Program Files\Java\jdk-11.0.6\bin\javaw.exe
0x00007ffeed400000 - 0x00007ffeed5f0000 	C:\WINDOWS\SYSTEM32\ntdll.dll
0x00007ffeec700000 - 0x00007ffeec7b2000 	C:\WINDOWS\System32\KERNEL32.DLL
0x00007ffeea5f0000 - 0x00007ffeea893000 	C:\WINDOWS\System32\KERNELBASE.dll
0x00007ffeecba0000 - 0x00007ffeecc43000 	C:\WINDOWS\System32\ADVAPI32.dll
0x00007ffeec900000 - 0x00007ffeec99e000 	C:\WINDOWS\System32\msvcrt.dll
0x00007ffeecb00000 - 0x00007ffeecb97000 	C:\WINDOWS\System32\sechost.dll
0x00007ffeed2a0000 - 0x00007ffeed3c0000 	C:\WINDOWS\System32\RPCRT4.dll
0x00007ffeeb960000 - 0x00007ffeebaf4000 	C:\WINDOWS\System32\USER32.dll
0x00007ffeea390000 - 0x00007ffeea3b1000 	C:\WINDOWS\System32\win32u.dll
0x00007ffeeb930000 - 0x00007ffeeb956000 	C:\WINDOWS\System32\GDI32.dll
0x00007ffeeb310000 - 0x00007ffeeb4a4000 	C:\WINDOWS\System32\gdi32full.dll
0x00007ffeea980000 - 0x00007ffeeaa1e000 	C:\WINDOWS\System32\msvcp_win.dll
0x00007ffeeaa70000 - 0x00007ffeeab6a000 	C:\WINDOWS\System32\ucrtbase.dll
0x00007ffeddf00000 - 0x00007ffede185000 	C:\WINDOWS\WinSxS\amd64_microsoft.windows.common-controls_6595b64144ccf1df_6.0.18362.778_none_e6c6b761130d4fb8\COMCTL32.dll
0x00007ffeda3e0000 - 0x00007ffeda3ea000 	C:\WINDOWS\SYSTEM32\VERSION.dll
0x00007ffeebcd0000 - 0x00007ffeec006000 	C:\WINDOWS\System32\combase.dll
0x00007ffeea570000 - 0x00007ffeea5f0000 	C:\WINDOWS\System32\bcryptPrimitives.dll
0x00007ffeecac0000 - 0x00007ffeecaee000 	C:\WINDOWS\System32\IMM32.DLL
0x00007ffedc000000 - 0x00007ffedc016000 	C:\Program Files\Java\jdk-11.0.6\bin\vcruntime140.dll
0x00007ffebd0d0000 - 0x00007ffebd17a000 	C:\Program Files\Java\jdk-11.0.6\bin\msvcp140.dll
0x00007ffeb5130000 - 0x00007ffeb5c59000 	C:\Program Files\Java\jdk-11.0.6\bin\server\jvm.dll
0x00007ffeeb4b0000 - 0x00007ffeeb4b8000 	C:\WINDOWS\System32\PSAPI.DLL
0x00007ffed7540000 - 0x00007ffed7549000 	C:\WINDOWS\SYSTEM32\WSOCK32.dll
0x00007ffee6f80000 - 0x00007ffee6fa4000 	C:\WINDOWS\SYSTEM32\WINMM.dll
0x00007ffeed1b0000 - 0x00007ffeed21f000 	C:\WINDOWS\System32\WS2_32.dll
0x00007ffee6f50000 - 0x00007ffee6f7d000 	C:\WINDOWS\SYSTEM32\winmmbase.dll
0x00007ffeeaa20000 - 0x00007ffeeaa6a000 	C:\WINDOWS\System32\cfgmgr32.dll
0x00007ffeea2f0000 - 0x00007ffeea301000 	C:\WINDOWS\System32\kernel.appcore.dll
0x00007ffed7520000 - 0x00007ffed7531000 	C:\Program Files\Java\jdk-11.0.6\bin\verify.dll
0x00007ffed8b40000 - 0x00007ffed8d34000 	C:\WINDOWS\SYSTEM32\DBGHELP.DLL
0x00007ffed8ac0000 - 0x00007ffed8aea000 	C:\WINDOWS\SYSTEM32\dbgcore.DLL
0x00007ffed5ca0000 - 0x00007ffed5cc9000 	C:\Program Files\Java\jdk-11.0.6\bin\java.dll
0x00007ffed5c80000 - 0x00007ffed5c96000 	C:\Program Files\Java\jdk-11.0.6\bin\zip.dll
0x00007ffed59f0000 - 0x00007ffed59fa000 	C:\Program Files\Java\jdk-11.0.6\bin\jimage.dll
0x00007ffeec010000 - 0x00007ffeec6f5000 	C:\WINDOWS\System32\SHELL32.dll
0x00007ffeec9a0000 - 0x00007ffeeca49000 	C:\WINDOWS\System32\shcore.dll
0x00007ffeeab70000 - 0x00007ffeeb2f0000 	C:\WINDOWS\System32\windows.storage.dll
0x00007ffeea360000 - 0x00007ffeea383000 	C:\WINDOWS\System32\profapi.dll
0x00007ffeea310000 - 0x00007ffeea35a000 	C:\WINDOWS\System32\powrprof.dll
0x00007ffeea2c0000 - 0x00007ffeea2d0000 	C:\WINDOWS\System32\UMPDC.dll
0x00007ffeeb4c0000 - 0x00007ffeeb512000 	C:\WINDOWS\System32\shlwapi.dll
0x00007ffeeb2f0000 - 0x00007ffeeb307000 	C:\WINDOWS\System32\cryptsp.dll
0x00007ffed59d0000 - 0x00007ffed59e9000 	C:\Program Files\Java\jdk-11.0.6\bin\net.dll
0x00007ffedbd60000 - 0x00007ffedbe50000 	C:\WINDOWS\SYSTEM32\WINHTTP.dll
0x00007ffee9b30000 - 0x00007ffee9b97000 	C:\WINDOWS\system32\mswsock.dll
0x00007ffed5710000 - 0x00007ffed5723000 	C:\Program Files\Java\jdk-11.0.6\bin\nio.dll
0x00007ffee6c50000 - 0x00007ffee6c59000 	C:\Program Files\Java\jdk-11.0.6\bin\management.dll
0x00007ffee5d20000 - 0x00007ffee5d2c000 	C:\Program Files\Java\jdk-11.0.6\bin\management_ext.dll
0x00007ffed8590000 - 0x00007ffed85a6000 	C:\WINDOWS\system32\napinsp.dll
0x00007ffed8520000 - 0x00007ffed853a000 	C:\WINDOWS\system32\pnrpnsp.dll
0x00007ffee9880000 - 0x00007ffee994a000 	C:\WINDOWS\SYSTEM32\DNSAPI.dll
0x00007ffeecaf0000 - 0x00007ffeecaf8000 	C:\WINDOWS\System32\NSI.dll
0x00007ffee9840000 - 0x00007ffee987a000 	C:\WINDOWS\SYSTEM32\IPHLPAPI.DLL
0x00007ffed8510000 - 0x00007ffed851e000 	C:\WINDOWS\System32\winrnr.dll
0x00007ffee6b00000 - 0x00007ffee6b1c000 	C:\WINDOWS\system32\NLAapi.dll
0x00007ffedde70000 - 0x00007ffedde85000 	C:\WINDOWS\system32\wshbth.dll
0x00007ffedc470000 - 0x00007ffedc47a000 	C:\Windows\System32\rasadhlp.dll
0x00007ffedfb10000 - 0x00007ffedfb87000 	C:\WINDOWS\System32\fwpuclnt.dll
0x00007ffeea950000 - 0x00007ffeea976000 	C:\WINDOWS\System32\bcrypt.dll
0x00007ffee96a0000 - 0x00007ffee96d3000 	C:\WINDOWS\system32\rsaenh.dll
0x00007ffeea1b0000 - 0x00007ffeea1d5000 	C:\WINDOWS\SYSTEM32\USERENV.dll
0x00007ffee9d00000 - 0x00007ffee9d0c000 	C:\WINDOWS\SYSTEM32\CRYPTBASE.dll
0x00007ffee0d00000 - 0x00007ffee0d16000 	C:\WINDOWS\SYSTEM32\dhcpcsvc6.DLL
0x00007ffee1e40000 - 0x00007ffee1e5c000 	C:\WINDOWS\SYSTEM32\dhcpcsvc.DLL

dbghelp: loaded successfully - version: 4.0.5 - missing functions: none
symbol engine: initialized successfully - sym options: 0x614 - pdb path: .;C:\Program Files\Java\jdk-11.0.6\bin;C:\WINDOWS\SYSTEM32;C:\WINDOWS\WinSxS\amd64_microsoft.windows.common-controls_6595b64144ccf1df_6.0.18362.778_none_e6c6b761130d4fb8;C:\Program Files\Java\jdk-11.0.6\bin\server

VM Arguments:
jvm_args: -Dcom.sun.management.jmxremote -Dcom.sun.management.jmxremote.port=65298 -Dcom.sun.management.jmxremote.authenticate=false -Dcom.sun.management.jmxremote.ssl=false -Djava.rmi.server.hostname=localhost -Dspring.jmx.enabled=true -Dspring.application.admin.enabled=true -Xverify:none -XX:TieredStopAtLevel=1 -Dspring.boot.project.name=Bingofy -Dfile.encoding=UTF-8 
java_command: com.snapshotprojects.Bingofy.BingofyApplication --spring.output.ansi.enabled=always
java_class_path (initial): C:\Users\Priya\Downloads\Bingofy\target\classes;C:\Users\Priya\.m2\repository\org\springframework\boot\spring-boot-starter-data-jpa\2.2.6.RELEASE\spring-boot-starter-data-jpa-2.2.6.RELEASE.jar;C:\Users\Priya\.m2\repository\org\springframework\boot\spring-boot-starter-aop\2.2.6.RELEASE\spring-boot-starter-aop-2.2.6.RELEASE.jar;C:\Users\Priya\.m2\repository\org\aspectj\aspectjweaver\1.9.5\aspectjweaver-1.9.5.jar;C:\Users\Priya\.m2\repository\org\springframework\boot\spring-boot-starter-jdbc\2.2.6.RELEASE\spring-boot-starter-jdbc-2.2.6.RELEASE.jar;C:\Users\Priya\.m2\repository\com\zaxxer\HikariCP\3.4.2\HikariCP-3.4.2.jar;C:\Users\Priya\.m2\repository\org\springframework\spring-jdbc\5.2.5.RELEASE\spring-jdbc-5.2.5.RELEASE.jar;C:\Users\Priya\.m2\repository\jakarta\activation\jakarta.activation-api\1.2.2\jakarta.activation-api-1.2.2.jar;C:\Users\Priya\.m2\repository\jakarta\persistence\jakarta.persistence-api\2.2.3\jakarta.persistence-api-2.2.3.jar;C:\Users\Priya\.m2\repository\jakarta\transaction\jakarta.transaction-api\1.3.3\jakarta.transaction-api-1.3.3.jar;C:\Users\Priya\.m2\repository\org\hibernate\hibernate-core\5.4.12.Final\hibernate-core-5.4.12.Final.jar;C:\Users\Priya\.m2\repository\org\jboss\logging\jboss-logging\3.4.1.Final\jboss-logging-3.4.1.Final.jar;C:\Users\Priya\.m2\repository\org\javassist\javassist\3.24.0-GA\javassist-3.24.0-GA.jar;C:\Users\Priya\.m2\repository\net\bytebuddy\byte-buddy\1.10.8\byte-buddy-1.10.8.jar;C:\Users\Priya\.m2\repository\antlr\antlr\2.7.7\antlr-2.7.7.jar;C:\Users\Priya\.m2\repository\org\jboss\jandex\2.1.1.Final\jandex-2.1.1.Final.jar;C:\Users\Priya\.m2\repository\com\fasterxml\classmate\1.5.1\classmate-1.5.1.jar;C:\Users\Priya\.m2\repository\org\dom4j\dom4j\2.1.1\dom4j-2.1.1.jar;C:\Users\Priya\.m2\repository\org\hibernate\common\hibernate-commons-annotations\5.1.0.Final\hibernate-commons-annotations-5.1.0.Final.jar;C:\Users\Priya\.m2\repository\org\glassfish\jaxb\jaxb-runtime\2.3.2\jaxb-runtime-2.3.2.
Launcher Type: SUN_STANDARD

[Global flags]
     bool BytecodeVerificationLocal                = false                                     {product} {command line}
     bool BytecodeVerificationRemote               = false                                     {product} {command line}
     intx CICompilerCount                          = 3                                         {product} {ergonomic}
     uint ConcGCThreads                            = 1                                         {product} {ergonomic}
     uint G1ConcRefinementThreads                  = 4                                         {product} {ergonomic}
   size_t G1HeapRegionSize                         = 1048576                                   {product} {ergonomic}
    uintx GCDrainStackTargetSize                   = 64                                        {product} {ergonomic}
   size_t InitialHeapSize                          = 134217728                                 {product} {ergonomic}
     bool ManagementServer                         = true                                      {product} {command line}
   size_t MarkStackSize                            = 4194304                                   {product} {ergonomic}
   size_t MaxHeapSize                              = 2130706432                                {product} {ergonomic}
   size_t MaxNewSize                               = 1278214144                                {product} {ergonomic}
   size_t MinHeapDeltaBytes                        = 1048576                                   {product} {ergonomic}
    uintx NonNMethodCodeHeapSize                   = 6973028                                {pd product} {ergonomic}
    uintx NonProfiledCodeHeapSize                  = 244685212                              {pd product} {ergonomic}
    uintx ProfiledCodeHeapSize                     = 0                                      {pd product} {ergonomic}
    uintx ReservedCodeCacheSize                    = 251658240                              {pd product} {ergonomic}
     bool SegmentedCodeCache                       = true                                      {product} {ergonomic}
     intx TieredStopAtLevel                        = 1                                         {product} {command line}
     bool UseCompressedClassPointers               = true                                 {lp64_product} {ergonomic}
     bool UseCompressedOops                        = true                                 {lp64_product} {ergonomic}
     bool UseG1GC                                  = true                                      {product} {ergonomic}
     bool UseLargePagesIndividualAllocation        = false                                  {pd product} {ergonomic}

Logging:
Log output configuration:
 #0: stdout all=warning uptime,level,tags
 #1: stderr all=off uptime,level,tags

Environment Variables:
JAVA_HOME=C:\Program Files\Java\jdk-11.0.6
PATH=C:/Program Files/Java/jdk-11.0.6/bin/server;C:/Program Files/Java/jdk-11.0.6/bin;C:\Program Files\Java\jdk-11.0.6\bin;C:\Users\Priya\AppData\Local\Android\Sdk;C:\Program Files (x86)\Common Files\Oracle\Java\javapath;C:\ProgramData\Oracle\Java\javapath;C:\Users\Nikhil\AppData\Local\Android\android-sdk\platform-tools;C:\Program Files (x86)\Intel\iCLS Client\;C:\Program Files\Intel\iCLS Client\;C:\WINDOWS\system32;C:\WINDOWS;C:\WINDOWS\System32\Wbem;C:\WINDOWS\System32\WindowsPowerShell\v1.0\;C:\Program Files\Hewlett-Packard\SimplePass\;C:\Program Files (x86)\Windows Live\Shared;C:\Program Files\Intel\Intel(R) Management Engine Components\DAL;C:\Program Files\Intel\Intel(R) Management Engine Components\IPT;C:\Program Files (x86)\Intel\Intel(R) Management Engine Components\DAL;C:\Program Files (x86)\Intel\Intel(R) Management Engine Components\IPT;C:\Program Files (x86)\ATI Technologies\ATI.ACE\Core-Static;F:\Development\Tools;C:\Program Files (x86)\Microsoft SQL Server\100\Tools\Binn\;C:\Program Files\Microsoft SQL Server\100\Tools\Binn\;C:\Program Files\Microsoft SQL Server\100\DTS\Binn\;C:\Android;C:\Windows\System32;C:\Program Files\PuTTY\;C:\WINDOWS\System32\OpenSSH\;C:\Program Files\Git\cmd;C:\xampp\mysql\bin;C:\Program Files\nodejs\;C:\Program Files\TortoiseSVN\bin;C:\Program Files\Java\jdk-11.0.6\bin;C:\Program Files (x86)\Yarn\bin\;C:\Program Files\Microsoft SQL Server\130\Tools\Binn\;C:\Users\Priya\AppData\Local\Microsoft\WindowsApps;C:\Users\Priya\AppData\Roaming\npm;C:\Users\Priya\AppData\Local\Yarn\bin;C:\Users\Priya\eclipse\jee-2020-03\eclipse;
USERNAME=Priya
OS=Windows_NT
PROCESSOR_IDENTIFIER=Intel64 Family 6 Model 69 Stepping 1, GenuineIntel



---------------  S Y S T E M  ---------------

OS: Windows 10 , 64 bit Build 18362 (10.0.18362.778)

CPU:total 4 (initial active 4) (2 cores per cpu, 2 threads per core) family 6 model 69 stepping 1, cmov, cx8, fxsr, mmx, sse, sse2, sse3, ssse3, sse4.1, sse4.2, popcnt, avx, avx2, aes, clmul, erms, lzcnt, ht, tsc, tscinvbit, bmi1, bmi2, fma

Memory: 4k page, system-wide physical 8122M (632M free)
TotalPageFile size 10545M (AvailPageFile size 4M)
current process WorkingSet (physical memory assigned to process): 68M, peak: 68M
current process commit charge ("private bytes"): 209M, peak: 210M

vm_info: Java HotSpot(TM) 64-Bit Server VM (11.0.6+8-LTS) for windows-amd64 JRE (11.0.6+8-LTS), built on Dec 11 2019 09:17:57 by "mach5one" with MS VC++ 15.5 (VS2017)

END.
