#
# There is insufficient memory for the Java Runtime Environment to continue.
# Native memory allocation (malloc) failed to allocate 32744 bytes for ChunkPool::allocate
# Possible reasons:
#   The system is out of physical RAM or swap space
#   The process is running with CompressedOops enabled, and the Java Heap may be blocking the growth of the native heap
# Possible solutions:
#   Reduce memory load on the system
#   Increase physical memory or swap space
#   Check if swap backing store is full
#   Decrease Java heap size (-Xmx/-Xms)
#   Decrease number of Java threads
#   Decrease Java thread stack sizes (-Xss)
#   Set larger code cache with -XX:ReservedCodeCacheSize=
#   JVM is running with Unscaled Compressed Oops mode in which the Java heap is
#     placed in the first 4GB address space. The Java Heap base address is the
#     maximum limit for the native heap growth. Please use -XX:HeapBaseMinAddress
#     to set the Java Heap base and to place the Java Heap above 4GB virtual address.
# This output file may be truncated or incomplete.
#
#  Out of Memory Error (t:/workspace/open/src/hotspot/share/memory/arena.cpp:81), pid=1332, tid=16788
#
# JRE version: Java(TM) SE Runtime Environment (11.0.6+8) (build 11.0.6+8-LTS)
# Java VM: Java HotSpot(TM) 64-Bit Server VM (11.0.6+8-LTS, mixed mode, tiered, compressed oops, g1 gc, windows-amd64)
# No core dump will be written. Minidumps are not enabled by default on client versions of Windows
#

---------------  S U M M A R Y ------------

Command Line: -Dfile.encoding=UTF-8 com.snapshotprojects.Bingofy.BingofyApplication

Host: Intel(R) Core(TM) i5-4200U CPU @ 1.60GHz, 4 cores, 7G,  Windows 10 , 64 bit Build 18362 (10.0.18362.329)
Time: Tue Apr 14 17:00:30 2020 India Standard Time elapsed time: 1 seconds (0d 0h 0m 1s)

---------------  T H R E A D  ---------------

Current thread (0x00000263ddd94800):  JavaThread "main" [_thread_in_vm, id=16788, stack(0x000000d4d3e00000,0x000000d4d3f00000)]

Stack: [0x000000d4d3e00000,0x000000d4d3f00000]
Native frames: (J=compiled Java code, j=interpreted, Vv=VM code, C=native code)
V  [jvm.dll+0x63679a]
V  [jvm.dll+0x7755bf]
V  [jvm.dll+0x776c65]
V  [jvm.dll+0x7772d3]
V  [jvm.dll+0x25e7f8]
V  [jvm.dll+0xc1e3b]
V  [jvm.dll+0xc219c]
V  [jvm.dll+0x1d9b17]
V  [jvm.dll+0x1dcaa8]
V  [jvm.dll+0x1d1af7]
V  [jvm.dll+0x5177f5]
V  [jvm.dll+0x7103a9]
V  [jvm.dll+0x40ede5]
V  [jvm.dll+0x41586b]
C  [java.dll+0x19b8]

Java frames: (J=compiled Java code, j=interpreted, Vv=VM code)
j  java.lang.ClassLoader.defineClass1(Ljava/lang/ClassLoader;Ljava/lang/String;[BIILjava/security/ProtectionDomain;Ljava/lang/String;)Ljava/lang/Class;+0 java.base@11.0.6
j  java.lang.ClassLoader.defineClass(Ljava/lang/String;[BIILjava/security/ProtectionDomain;)Ljava/lang/Class;+27 java.base@11.0.6
j  java.security.SecureClassLoader.defineClass(Ljava/lang/String;[BIILjava/security/CodeSource;)Ljava/lang/Class;+12 java.base@11.0.6
j  jdk.internal.loader.BuiltinClassLoader.defineClass(Ljava/lang/String;Ljdk/internal/loader/Resource;)Ljava/lang/Class;+117 java.base@11.0.6
j  jdk.internal.loader.BuiltinClassLoader.findClassOnClassPathOrNull(Ljava/lang/String;)Ljava/lang/Class;+37 java.base@11.0.6
J 449 c1 jdk.internal.loader.BuiltinClassLoader.loadClassOrNull(Ljava/lang/String;Z)Ljava/lang/Class; java.base@11.0.6 (143 bytes) @ 0x00000263e7f7901c [0x00000263e7f77f00+0x000000000000111c]
j  jdk.internal.loader.BuiltinClassLoader.loadClass(Ljava/lang/String;Z)Ljava/lang/Class;+3 java.base@11.0.6
j  jdk.internal.loader.ClassLoaders$AppClassLoader.loadClass(Ljava/lang/String;Z)Ljava/lang/Class;+36 java.base@11.0.6
j  java.lang.ClassLoader.loadClass(Ljava/lang/String;)Ljava/lang/Class;+3 java.base@11.0.6
v  ~StubRoutines::call_stub
j  org.springframework.boot.SpringApplication.<init>(Lorg/springframework/core/io/ResourceLoader;[Ljava/lang/Class;)V+16
j  org.springframework.boot.SpringApplication.<init>([Ljava/lang/Class;)V+3
j  org.springframework.boot.SpringApplication.run([Ljava/lang/Class;[Ljava/lang/String;)Lorg/springframework/context/ConfigurableApplicationContext;+5
j  org.springframework.boot.SpringApplication.run(Ljava/lang/Class;[Ljava/lang/String;)Lorg/springframework/context/ConfigurableApplicationContext;+9
j  com.snapshotprojects.Bingofy.BingofyApplication.main([Ljava/lang/String;)V+3
v  ~StubRoutines::call_stub

---------------  P R O C E S S  ---------------

Threads class SMR info:
_java_thread_list=0x00000263feb9abc0, length=10, elements={
0x00000263ddd94800, 0x00000263fe0bc800, 0x00000263fe0e8000, 0x00000263fea52800,
0x00000263fe0f5800, 0x00000263fe0f6000, 0x00000263feaa5000, 0x00000263feaad000,
0x00000263febab800, 0x00000263febbb800
}

Java Threads: ( => current thread )
=>0x00000263ddd94800 JavaThread "main" [_thread_in_vm, id=16788, stack(0x000000d4d3e00000,0x000000d4d3f00000)]
  0x00000263fe0bc800 JavaThread "Reference Handler" daemon [_thread_blocked, id=23816, stack(0x000000d4d4500000,0x000000d4d4600000)]
  0x00000263fe0e8000 JavaThread "Finalizer" daemon [_thread_blocked, id=15288, stack(0x000000d4d4600000,0x000000d4d4700000)]
  0x00000263fea52800 JavaThread "Signal Dispatcher" daemon [_thread_blocked, id=8408, stack(0x000000d4d4700000,0x000000d4d4800000)]
  0x00000263fe0f5800 JavaThread "Attach Listener" daemon [_thread_blocked, id=17800, stack(0x000000d4d4800000,0x000000d4d4900000)]
  0x00000263fe0f6000 JavaThread "C2 CompilerThread0" daemon [_thread_in_native, id=19724, stack(0x000000d4d4900000,0x000000d4d4a00000)]
  0x00000263feaa5000 JavaThread "C1 CompilerThread0" daemon [_thread_blocked, id=22972, stack(0x000000d4d4a00000,0x000000d4d4b00000)]
  0x00000263feaad000 JavaThread "Sweeper thread" daemon [_thread_blocked, id=22408, stack(0x000000d4d4b00000,0x000000d4d4c00000)]
  0x00000263febab800 JavaThread "Service Thread" daemon [_thread_blocked, id=9124, stack(0x000000d4d4c00000,0x000000d4d4d00000)]
  0x00000263febbb800 JavaThread "Common-Cleaner" daemon [_thread_blocked, id=25388, stack(0x000000d4d4e00000,0x000000d4d4f00000)]

Other Threads:
  0x00000263fe0ba000 VMThread "VM Thread" [stack: 0x000000d4d4400000,0x000000d4d4500000] [id=28964]
  0x00000263febb2800 WatcherThread [stack: 0x000000d4d4d00000,0x000000d4d4e00000] [id=24336]
  0x00000263dddad000 GCTaskThread "GC Thread#0" [stack: 0x000000d4d3f00000,0x000000d4d4000000] [id=25696]
  0x00000263ddddc800 ConcurrentGCThread "G1 Main Marker" [stack: 0x000000d4d4000000,0x000000d4d4100000] [id=24992]
  0x00000263dddde800 ConcurrentGCThread "G1 Conc#0" [stack: 0x000000d4d4100000,0x000000d4d4200000] [id=1908]
  0x00000263fdf22800 ConcurrentGCThread "G1 Refine#0" [stack: 0x000000d4d4200000,0x000000d4d4300000] [id=17336]
  0x00000263fdf23800 ConcurrentGCThread "G1 Young RemSet Sampling" [stack: 0x000000d4d4300000,0x000000d4d4400000] [id=9760]

Threads with active compile tasks:
C2 CompilerThread0 543  s!   4       jdk.internal.loader.URLClassPath::getLoader (194 bytes)

VM state:not at safepoint (normal execution)

VM Mutex/Monitor currently owned by a thread: None

Heap address: 0x0000000081000000, size: 2032 MB, Compressed Oops mode: 32-bit
Narrow klass base: 0x0000000000000000, Narrow klass shift: 3
Compressed class space size: 1073741824 Address: 0x0000000100000000

Heap:
 garbage-first heap   total 131072K, used 11264K [0x0000000081000000, 0x0000000100000000)
  region size 1024K, 11 young (11264K), 0 survivors (0K)
 Metaspace       used 8242K, capacity 8361K, committed 8448K, reserved 1056768K
  class space    used 729K, capacity 763K, committed 768K, reserved 1048576K
Heap Regions: E=young(eden), S=young(survivor), O=old, HS=humongous(starts), HC=humongous(continues), CS=collection set, F=free, A=archive, TAMS=top-at-mark-start (previous, next)
|   0|0x0000000081000000, 0x0000000081100000, 0x0000000081100000|100%|HS|  |TAMS 0x0000000081000000, 0x0000000081000000| Complete 
|   1|0x0000000081100000, 0x0000000081100000, 0x0000000081200000|  0%| F|  |TAMS 0x0000000081100000, 0x0000000081100000| Untracked 
|   2|0x0000000081200000, 0x0000000081200000, 0x0000000081300000|  0%| F|  |TAMS 0x0000000081200000, 0x0000000081200000| Untracked 
|   3|0x0000000081300000, 0x0000000081300000, 0x0000000081400000|  0%| F|  |TAMS 0x0000000081300000, 0x0000000081300000| Untracked 
|   4|0x0000000081400000, 0x0000000081400000, 0x0000000081500000|  0%| F|  |TAMS 0x0000000081400000, 0x0000000081400000| Untracked 
|   5|0x0000000081500000, 0x0000000081500000, 0x0000000081600000|  0%| F|  |TAMS 0x0000000081500000, 0x0000000081500000| Untracked 
|   6|0x0000000081600000, 0x0000000081600000, 0x0000000081700000|  0%| F|  |TAMS 0x0000000081600000, 0x0000000081600000| Untracked 
|   7|0x0000000081700000, 0x0000000081700000, 0x0000000081800000|  0%| F|  |TAMS 0x0000000081700000, 0x0000000081700000| Untracked 
|   8|0x0000000081800000, 0x0000000081800000, 0x0000000081900000|  0%| F|  |TAMS 0x0000000081800000, 0x0000000081800000| Untracked 
|   9|0x0000000081900000, 0x0000000081900000, 0x0000000081a00000|  0%| F|  |TAMS 0x0000000081900000, 0x0000000081900000| Untracked 
|  10|0x0000000081a00000, 0x0000000081a00000, 0x0000000081b00000|  0%| F|  |TAMS 0x0000000081a00000, 0x0000000081a00000| Untracked 
|  11|0x0000000081b00000, 0x0000000081b00000, 0x0000000081c00000|  0%| F|  |TAMS 0x0000000081b00000, 0x0000000081b00000| Untracked 
|  12|0x0000000081c00000, 0x0000000081c00000, 0x0000000081d00000|  0%| F|  |TAMS 0x0000000081c00000, 0x0000000081c00000| Untracked 
|  13|0x0000000081d00000, 0x0000000081d00000, 0x0000000081e00000|  0%| F|  |TAMS 0x0000000081d00000, 0x0000000081d00000| Untracked 
|  14|0x0000000081e00000, 0x0000000081e00000, 0x0000000081f00000|  0%| F|  |TAMS 0x0000000081e00000, 0x0000000081e00000| Untracked 
|  15|0x0000000081f00000, 0x0000000081f00000, 0x0000000082000000|  0%| F|  |TAMS 0x0000000081f00000, 0x0000000081f00000| Untracked 
|  16|0x0000000082000000, 0x0000000082000000, 0x0000000082100000|  0%| F|  |TAMS 0x0000000082000000, 0x0000000082000000| Untracked 
|  17|0x0000000082100000, 0x0000000082100000, 0x0000000082200000|  0%| F|  |TAMS 0x0000000082100000, 0x0000000082100000| Untracked 
|  18|0x0000000082200000, 0x0000000082200000, 0x0000000082300000|  0%| F|  |TAMS 0x0000000082200000, 0x0000000082200000| Untracked 
|  19|0x0000000082300000, 0x0000000082300000, 0x0000000082400000|  0%| F|  |TAMS 0x0000000082300000, 0x0000000082300000| Untracked 
|  20|0x0000000082400000, 0x0000000082400000, 0x0000000082500000|  0%| F|  |TAMS 0x0000000082400000, 0x0000000082400000| Untracked 
|  21|0x0000000082500000, 0x0000000082500000, 0x0000000082600000|  0%| F|  |TAMS 0x0000000082500000, 0x0000000082500000| Untracked 
|  22|0x0000000082600000, 0x0000000082600000, 0x0000000082700000|  0%| F|  |TAMS 0x0000000082600000, 0x0000000082600000| Untracked 
|  23|0x0000000082700000, 0x0000000082700000, 0x0000000082800000|  0%| F|  |TAMS 0x0000000082700000, 0x0000000082700000| Untracked 
|  24|0x0000000082800000, 0x0000000082800000, 0x0000000082900000|  0%| F|  |TAMS 0x0000000082800000, 0x0000000082800000| Untracked 
|  25|0x0000000082900000, 0x0000000082900000, 0x0000000082a00000|  0%| F|  |TAMS 0x0000000082900000, 0x0000000082900000| Untracked 
|  26|0x0000000082a00000, 0x0000000082a00000, 0x0000000082b00000|  0%| F|  |TAMS 0x0000000082a00000, 0x0000000082a00000| Untracked 
|  27|0x0000000082b00000, 0x0000000082b00000, 0x0000000082c00000|  0%| F|  |TAMS 0x0000000082b00000, 0x0000000082b00000| Untracked 
|  28|0x0000000082c00000, 0x0000000082c00000, 0x0000000082d00000|  0%| F|  |TAMS 0x0000000082c00000, 0x0000000082c00000| Untracked 
|  29|0x0000000082d00000, 0x0000000082d00000, 0x0000000082e00000|  0%| F|  |TAMS 0x0000000082d00000, 0x0000000082d00000| Untracked 
|  30|0x0000000082e00000, 0x0000000082e00000, 0x0000000082f00000|  0%| F|  |TAMS 0x0000000082e00000, 0x0000000082e00000| Untracked 
|  31|0x0000000082f00000, 0x0000000082f00000, 0x0000000083000000|  0%| F|  |TAMS 0x0000000082f00000, 0x0000000082f00000| Untracked 
|  32|0x0000000083000000, 0x0000000083000000, 0x0000000083100000|  0%| F|  |TAMS 0x0000000083000000, 0x0000000083000000| Untracked 
|  33|0x0000000083100000, 0x0000000083100000, 0x0000000083200000|  0%| F|  |TAMS 0x0000000083100000, 0x0000000083100000| Untracked 
|  34|0x0000000083200000, 0x0000000083200000, 0x0000000083300000|  0%| F|  |TAMS 0x0000000083200000, 0x0000000083200000| Untracked 
|  35|0x0000000083300000, 0x0000000083300000, 0x0000000083400000|  0%| F|  |TAMS 0x0000000083300000, 0x0000000083300000| Untracked 
|  36|0x0000000083400000, 0x0000000083400000, 0x0000000083500000|  0%| F|  |TAMS 0x0000000083400000, 0x0000000083400000| Untracked 
|  37|0x0000000083500000, 0x0000000083500000, 0x0000000083600000|  0%| F|  |TAMS 0x0000000083500000, 0x0000000083500000| Untracked 
|  38|0x0000000083600000, 0x0000000083600000, 0x0000000083700000|  0%| F|  |TAMS 0x0000000083600000, 0x0000000083600000| Untracked 
|  39|0x0000000083700000, 0x0000000083700000, 0x0000000083800000|  0%| F|  |TAMS 0x0000000083700000, 0x0000000083700000| Untracked 
|  40|0x0000000083800000, 0x0000000083800000, 0x0000000083900000|  0%| F|  |TAMS 0x0000000083800000, 0x0000000083800000| Untracked 
|  41|0x0000000083900000, 0x0000000083900000, 0x0000000083a00000|  0%| F|  |TAMS 0x0000000083900000, 0x0000000083900000| Untracked 
|  42|0x0000000083a00000, 0x0000000083a00000, 0x0000000083b00000|  0%| F|  |TAMS 0x0000000083a00000, 0x0000000083a00000| Untracked 
|  43|0x0000000083b00000, 0x0000000083b00000, 0x0000000083c00000|  0%| F|  |TAMS 0x0000000083b00000, 0x0000000083b00000| Untracked 
|  44|0x0000000083c00000, 0x0000000083c00000, 0x0000000083d00000|  0%| F|  |TAMS 0x0000000083c00000, 0x0000000083c00000| Untracked 
|  45|0x0000000083d00000, 0x0000000083d00000, 0x0000000083e00000|  0%| F|  |TAMS 0x0000000083d00000, 0x0000000083d00000| Untracked 
|  46|0x0000000083e00000, 0x0000000083e00000, 0x0000000083f00000|  0%| F|  |TAMS 0x0000000083e00000, 0x0000000083e00000| Untracked 
|  47|0x0000000083f00000, 0x0000000083f00000, 0x0000000084000000|  0%| F|  |TAMS 0x0000000083f00000, 0x0000000083f00000| Untracked 
|  48|0x0000000084000000, 0x0000000084000000, 0x0000000084100000|  0%| F|  |TAMS 0x0000000084000000, 0x0000000084000000| Untracked 
|  49|0x0000000084100000, 0x0000000084100000, 0x0000000084200000|  0%| F|  |TAMS 0x0000000084100000, 0x0000000084100000| Untracked 
|  50|0x0000000084200000, 0x0000000084200000, 0x0000000084300000|  0%| F|  |TAMS 0x0000000084200000, 0x0000000084200000| Untracked 
|  51|0x0000000084300000, 0x0000000084300000, 0x0000000084400000|  0%| F|  |TAMS 0x0000000084300000, 0x0000000084300000| Untracked 
|  52|0x0000000084400000, 0x0000000084400000, 0x0000000084500000|  0%| F|  |TAMS 0x0000000084400000, 0x0000000084400000| Untracked 
|  53|0x0000000084500000, 0x0000000084500000, 0x0000000084600000|  0%| F|  |TAMS 0x0000000084500000, 0x0000000084500000| Untracked 
|  54|0x0000000084600000, 0x0000000084600000, 0x0000000084700000|  0%| F|  |TAMS 0x0000000084600000, 0x0000000084600000| Untracked 
|  55|0x0000000084700000, 0x0000000084700000, 0x0000000084800000|  0%| F|  |TAMS 0x0000000084700000, 0x0000000084700000| Untracked 
|  56|0x0000000084800000, 0x0000000084800000, 0x0000000084900000|  0%| F|  |TAMS 0x0000000084800000, 0x0000000084800000| Untracked 
|  57|0x0000000084900000, 0x0000000084900000, 0x0000000084a00000|  0%| F|  |TAMS 0x0000000084900000, 0x0000000084900000| Untracked 
|  58|0x0000000084a00000, 0x0000000084a00000, 0x0000000084b00000|  0%| F|  |TAMS 0x0000000084a00000, 0x0000000084a00000| Untracked 
|  59|0x0000000084b00000, 0x0000000084b00000, 0x0000000084c00000|  0%| F|  |TAMS 0x0000000084b00000, 0x0000000084b00000| Untracked 
|  60|0x0000000084c00000, 0x0000000084c00000, 0x0000000084d00000|  0%| F|  |TAMS 0x0000000084c00000, 0x0000000084c00000| Untracked 
|  61|0x0000000084d00000, 0x0000000084d00000, 0x0000000084e00000|  0%| F|  |TAMS 0x0000000084d00000, 0x0000000084d00000| Untracked 
|  62|0x0000000084e00000, 0x0000000084e00000, 0x0000000084f00000|  0%| F|  |TAMS 0x0000000084e00000, 0x0000000084e00000| Untracked 
|  63|0x0000000084f00000, 0x0000000084f00000, 0x0000000085000000|  0%| F|  |TAMS 0x0000000084f00000, 0x0000000084f00000| Untracked 
|  64|0x0000000085000000, 0x0000000085000000, 0x0000000085100000|  0%| F|  |TAMS 0x0000000085000000, 0x0000000085000000| Untracked 
|  65|0x0000000085100000, 0x0000000085100000, 0x0000000085200000|  0%| F|  |TAMS 0x0000000085100000, 0x0000000085100000| Untracked 
|  66|0x0000000085200000, 0x0000000085200000, 0x0000000085300000|  0%| F|  |TAMS 0x0000000085200000, 0x0000000085200000| Untracked 
|  67|0x0000000085300000, 0x0000000085300000, 0x0000000085400000|  0%| F|  |TAMS 0x0000000085300000, 0x0000000085300000| Untracked 
|  68|0x0000000085400000, 0x0000000085400000, 0x0000000085500000|  0%| F|  |TAMS 0x0000000085400000, 0x0000000085400000| Untracked 
|  69|0x0000000085500000, 0x0000000085500000, 0x0000000085600000|  0%| F|  |TAMS 0x0000000085500000, 0x0000000085500000| Untracked 
|  70|0x0000000085600000, 0x0000000085600000, 0x0000000085700000|  0%| F|  |TAMS 0x0000000085600000, 0x0000000085600000| Untracked 
|  71|0x0000000085700000, 0x0000000085700000, 0x0000000085800000|  0%| F|  |TAMS 0x0000000085700000, 0x0000000085700000| Untracked 
|  72|0x0000000085800000, 0x0000000085800000, 0x0000000085900000|  0%| F|  |TAMS 0x0000000085800000, 0x0000000085800000| Untracked 
|  73|0x0000000085900000, 0x0000000085900000, 0x0000000085a00000|  0%| F|  |TAMS 0x0000000085900000, 0x0000000085900000| Untracked 
|  74|0x0000000085a00000, 0x0000000085a00000, 0x0000000085b00000|  0%| F|  |TAMS 0x0000000085a00000, 0x0000000085a00000| Untracked 
|  75|0x0000000085b00000, 0x0000000085b00000, 0x0000000085c00000|  0%| F|  |TAMS 0x0000000085b00000, 0x0000000085b00000| Untracked 
|  76|0x0000000085c00000, 0x0000000085c00000, 0x0000000085d00000|  0%| F|  |TAMS 0x0000000085c00000, 0x0000000085c00000| Untracked 
|  77|0x0000000085d00000, 0x0000000085d00000, 0x0000000085e00000|  0%| F|  |TAMS 0x0000000085d00000, 0x0000000085d00000| Untracked 
|  78|0x0000000085e00000, 0x0000000085e00000, 0x0000000085f00000|  0%| F|  |TAMS 0x0000000085e00000, 0x0000000085e00000| Untracked 
|  79|0x0000000085f00000, 0x0000000085f00000, 0x0000000086000000|  0%| F|  |TAMS 0x0000000085f00000, 0x0000000085f00000| Untracked 
|  80|0x0000000086000000, 0x0000000086000000, 0x0000000086100000|  0%| F|  |TAMS 0x0000000086000000, 0x0000000086000000| Untracked 
|  81|0x0000000086100000, 0x0000000086100000, 0x0000000086200000|  0%| F|  |TAMS 0x0000000086100000, 0x0000000086100000| Untracked 
|  82|0x0000000086200000, 0x0000000086200000, 0x0000000086300000|  0%| F|  |TAMS 0x0000000086200000, 0x0000000086200000| Untracked 
|  83|0x0000000086300000, 0x0000000086300000, 0x0000000086400000|  0%| F|  |TAMS 0x0000000086300000, 0x0000000086300000| Untracked 
|  84|0x0000000086400000, 0x0000000086400000, 0x0000000086500000|  0%| F|  |TAMS 0x0000000086400000, 0x0000000086400000| Untracked 
|  85|0x0000000086500000, 0x0000000086500000, 0x0000000086600000|  0%| F|  |TAMS 0x0000000086500000, 0x0000000086500000| Untracked 
|  86|0x0000000086600000, 0x0000000086600000, 0x0000000086700000|  0%| F|  |TAMS 0x0000000086600000, 0x0000000086600000| Untracked 
|  87|0x0000000086700000, 0x0000000086700000, 0x0000000086800000|  0%| F|  |TAMS 0x0000000086700000, 0x0000000086700000| Untracked 
|  88|0x0000000086800000, 0x0000000086800000, 0x0000000086900000|  0%| F|  |TAMS 0x0000000086800000, 0x0000000086800000| Untracked 
|  89|0x0000000086900000, 0x0000000086900000, 0x0000000086a00000|  0%| F|  |TAMS 0x0000000086900000, 0x0000000086900000| Untracked 
|  90|0x0000000086a00000, 0x0000000086a00000, 0x0000000086b00000|  0%| F|  |TAMS 0x0000000086a00000, 0x0000000086a00000| Untracked 
|  91|0x0000000086b00000, 0x0000000086b00000, 0x0000000086c00000|  0%| F|  |TAMS 0x0000000086b00000, 0x0000000086b00000| Untracked 
|  92|0x0000000086c00000, 0x0000000086c00000, 0x0000000086d00000|  0%| F|  |TAMS 0x0000000086c00000, 0x0000000086c00000| Untracked 
|  93|0x0000000086d00000, 0x0000000086d00000, 0x0000000086e00000|  0%| F|  |TAMS 0x0000000086d00000, 0x0000000086d00000| Untracked 
|  94|0x0000000086e00000, 0x0000000086e00000, 0x0000000086f00000|  0%| F|  |TAMS 0x0000000086e00000, 0x0000000086e00000| Untracked 
|  95|0x0000000086f00000, 0x0000000086f00000, 0x0000000087000000|  0%| F|  |TAMS 0x0000000086f00000, 0x0000000086f00000| Untracked 
|  96|0x0000000087000000, 0x0000000087000000, 0x0000000087100000|  0%| F|  |TAMS 0x0000000087000000, 0x0000000087000000| Untracked 
|  97|0x0000000087100000, 0x0000000087100000, 0x0000000087200000|  0%| F|  |TAMS 0x0000000087100000, 0x0000000087100000| Untracked 
|  98|0x0000000087200000, 0x0000000087200000, 0x0000000087300000|  0%| F|  |TAMS 0x0000000087200000, 0x0000000087200000| Untracked 
|  99|0x0000000087300000, 0x0000000087300000, 0x0000000087400000|  0%| F|  |TAMS 0x0000000087300000, 0x0000000087300000| Untracked 
| 100|0x0000000087400000, 0x0000000087400000, 0x0000000087500000|  0%| F|  |TAMS 0x0000000087400000, 0x0000000087400000| Untracked 
| 101|0x0000000087500000, 0x0000000087500000, 0x0000000087600000|  0%| F|  |TAMS 0x0000000087500000, 0x0000000087500000| Untracked 
| 102|0x0000000087600000, 0x0000000087600000, 0x0000000087700000|  0%| F|  |TAMS 0x0000000087600000, 0x0000000087600000| Untracked 
| 103|0x0000000087700000, 0x0000000087700000, 0x0000000087800000|  0%| F|  |TAMS 0x0000000087700000, 0x0000000087700000| Untracked 
| 104|0x0000000087800000, 0x0000000087800000, 0x0000000087900000|  0%| F|  |TAMS 0x0000000087800000, 0x0000000087800000| Untracked 
| 105|0x0000000087900000, 0x0000000087900000, 0x0000000087a00000|  0%| F|  |TAMS 0x0000000087900000, 0x0000000087900000| Untracked 
| 106|0x0000000087a00000, 0x0000000087a00000, 0x0000000087b00000|  0%| F|  |TAMS 0x0000000087a00000, 0x0000000087a00000| Untracked 
| 107|0x0000000087b00000, 0x0000000087b00000, 0x0000000087c00000|  0%| F|  |TAMS 0x0000000087b00000, 0x0000000087b00000| Untracked 
| 108|0x0000000087c00000, 0x0000000087c00000, 0x0000000087d00000|  0%| F|  |TAMS 0x0000000087c00000, 0x0000000087c00000| Untracked 
| 109|0x0000000087d00000, 0x0000000087d00000, 0x0000000087e00000|  0%| F|  |TAMS 0x0000000087d00000, 0x0000000087d00000| Untracked 
| 110|0x0000000087e00000, 0x0000000087e00000, 0x0000000087f00000|  0%| F|  |TAMS 0x0000000087e00000, 0x0000000087e00000| Untracked 
| 111|0x0000000087f00000, 0x0000000087f00000, 0x0000000088000000|  0%| F|  |TAMS 0x0000000087f00000, 0x0000000087f00000| Untracked 
| 112|0x0000000088000000, 0x0000000088000000, 0x0000000088100000|  0%| F|  |TAMS 0x0000000088000000, 0x0000000088000000| Untracked 
| 113|0x0000000088100000, 0x0000000088100000, 0x0000000088200000|  0%| F|  |TAMS 0x0000000088100000, 0x0000000088100000| Untracked 
| 114|0x0000000088200000, 0x0000000088200000, 0x0000000088300000|  0%| F|  |TAMS 0x0000000088200000, 0x0000000088200000| Untracked 
| 115|0x0000000088300000, 0x0000000088300000, 0x0000000088400000|  0%| F|  |TAMS 0x0000000088300000, 0x0000000088300000| Untracked 
| 116|0x0000000088400000, 0x0000000088400000, 0x0000000088500000|  0%| F|  |TAMS 0x0000000088400000, 0x0000000088400000| Untracked 
| 117|0x0000000088500000, 0x00000000885d7918, 0x0000000088600000| 84%| E|  |TAMS 0x0000000088500000, 0x0000000088500000| Complete 
| 118|0x0000000088600000, 0x0000000088700000, 0x0000000088700000|100%| E|CS|TAMS 0x0000000088600000, 0x0000000088600000| Complete 
| 119|0x0000000088700000, 0x0000000088800000, 0x0000000088800000|100%| E|CS|TAMS 0x0000000088700000, 0x0000000088700000| Complete 
| 120|0x0000000088800000, 0x0000000088900000, 0x0000000088900000|100%| E|CS|TAMS 0x0000000088800000, 0x0000000088800000| Complete 
| 121|0x0000000088900000, 0x0000000088a00000, 0x0000000088a00000|100%| E|CS|TAMS 0x0000000088900000, 0x0000000088900000| Complete 
| 122|0x0000000088a00000, 0x0000000088b00000, 0x0000000088b00000|100%| E|CS|TAMS 0x0000000088a00000, 0x0000000088a00000| Complete 
| 123|0x0000000088b00000, 0x0000000088c00000, 0x0000000088c00000|100%| E|CS|TAMS 0x0000000088b00000, 0x0000000088b00000| Complete 
| 124|0x0000000088c00000, 0x0000000088d00000, 0x0000000088d00000|100%| E|CS|TAMS 0x0000000088c00000, 0x0000000088c00000| Complete 
| 125|0x0000000088d00000, 0x0000000088e00000, 0x0000000088e00000|100%| E|CS|TAMS 0x0000000088d00000, 0x0000000088d00000| Complete 
| 126|0x0000000088e00000, 0x0000000088f00000, 0x0000000088f00000|100%| E|CS|TAMS 0x0000000088e00000, 0x0000000088e00000| Complete 
| 127|0x0000000088f00000, 0x0000000089000000, 0x0000000089000000|100%| E|CS|TAMS 0x0000000088f00000, 0x0000000088f00000| Complete 

Card table byte_map: [0x00000263f7350000,0x00000263f7750000] _byte_map_base: 0x00000263f6f48000

Marking Bits (Prev, Next): (CMBitMap*) 0x00000263dddd3b18, (CMBitMap*) 0x00000263dddd3b50
 Prev Bits: [0x00000263f7b50000, 0x00000263f9b10000)
 Next Bits: [0x00000263f9b10000, 0x00000263fbad0000)

Polling page: 0x00000263ddbe0000

Metaspace:

Usage:
  Non-class:      7.42 MB capacity,     7.34 MB ( 99%) used,    79.72 KB (  1%) free+waste,     4.81 KB ( <1%) overhead. 
      Class:    763.00 KB capacity,   729.52 KB ( 96%) used,    31.66 KB (  4%) free+waste,     1.81 KB ( <1%) overhead. 
       Both:      8.17 MB capacity,     8.05 MB ( 99%) used,   111.38 KB (  1%) free+waste,     6.63 KB ( <1%) overhead. 

Virtual space:
  Non-class space:        8.00 MB reserved,       7.50 MB ( 94%) committed 
      Class space:        1.00 GB reserved,     768.00 KB ( <1%) committed 
             Both:        1.01 GB reserved,       8.25 MB ( <1%) committed 

Chunk freelists:
   Non-Class:  2.25 KB
       Class:  640 bytes
        Both:  2.88 KB

CodeHeap 'non-profiled nmethods': size=120064Kb used=165Kb max_used=165Kb free=119899Kb
 bounds [0x00000263ef3f0000, 0x00000263ef660000, 0x00000263f6930000]
CodeHeap 'profiled nmethods': size=120000Kb used=1016Kb max_used=1016Kb free=118983Kb
 bounds [0x00000263e7ec0000, 0x00000263e8130000, 0x00000263ef3f0000]
CodeHeap 'non-nmethods': size=5696Kb used=1064Kb max_used=1076Kb free=4631Kb
 bounds [0x00000263e7930000, 0x00000263e7ba0000, 0x00000263e7ec0000]
 total_blobs=1061 nmethods=541 adapters=267
 compilation: enabled
              stopped_count=0, restarted_count=0
 full_count=0

Compilation events (10 events):
Event: 1.135 Thread 0x00000263feaa5000  530       3       java.lang.invoke.MethodType::hashCode (53 bytes)
Event: 1.135 Thread 0x00000263feaa5000 nmethod 530 0x00000263e7fa3290 code [0x00000263e7fa3460, 0x00000263e7fa3820]
Event: 1.135 Thread 0x00000263feaa5000  531       3       jdk.internal.org.objectweb.asm.Item::set (219 bytes)
Event: 1.135 Thread 0x00000263feaa5000 nmethod 531 0x00000263e7fa3990 code [0x00000263e7fa3bc0, 0x00000263e7fa4340]
Event: 1.135 Thread 0x00000263feaa5000  532       3       java.lang.invoke.MethodType$ConcurrentWeakInternSet::expungeStaleElements (27 bytes)
Event: 1.136 Thread 0x00000263feaa5000 nmethod 532 0x00000263e7fa4590 code [0x00000263e7fa4780, 0x00000263e7fa4d60]
Event: 1.136 Thread 0x00000263feaa5000  533       3       java.lang.invoke.MemberName::isInvocable (7 bytes)
Event: 1.136 Thread 0x00000263feaa5000 nmethod 533 0x00000263e7fa4f10 code [0x00000263e7fa50e0, 0x00000263e7fa53b8]
Event: 1.139 Thread 0x00000263feaa5000  534       3       java.net.URLStreamHandler::parseURL (1201 bytes)
Event: 1.141 Thread 0x00000263fe0f6000  535       4       java.lang.StringLatin1::replace (196 bytes)

GC Heap History (0 events):
No events

Deoptimization events (6 events):
Event: 0.715 Thread 0x00000263ddd94800 Uncommon trap: reason=unstable_if action=reinterpret pc=0x00000263ef3f6d00 method=java.lang.String.hashCode()I @ 14 c2
Event: 0.720 Thread 0x00000263ddd94800 Uncommon trap: reason=unstable_if action=reinterpret pc=0x00000263ef3f1590 method=java.lang.String.isLatin1()Z @ 10 c2
Event: 1.019 Thread 0x00000263ddd94800 Uncommon trap: reason=unstable_if action=reinterpret pc=0x00000263ef40bae8 method=java.io.BufferedReader.read()I @ 19 c2
Event: 1.134 Thread 0x00000263ddd94800 Uncommon trap: reason=unstable_if action=reinterpret pc=0x00000263ef3fef30 method=java.lang.StringLatin1.canEncode(I)Z @ 4 c2
Event: 1.134 Thread 0x00000263ddd94800 Uncommon trap: reason=unstable_if action=reinterpret pc=0x00000263ef400488 method=java.lang.AbstractStringBuilder.isLatin1()Z @ 10 c2
Event: 1.150 Thread 0x00000263ddd94800 Uncommon trap: reason=unstable_if action=reinterpret pc=0x00000263ef3f9154 method=java.lang.StringLatin1.canEncode(I)Z @ 4 c2

Classes redefined (0 events):
No events

Internal exceptions (10 events):
Event: 0.794 Thread 0x00000263ddd94800 Exception <a 'java/security/PrivilegedActionException'{0x0000000088d8fc80}> (0x0000000088d8fc80) thrown at [t:/workspace/open/src/hotspot/share/prims/jvm.cpp, line 1296]
Event: 0.794 Thread 0x00000263ddd94800 Exception <a 'java/security/PrivilegedActionException'{0x0000000088d8ff50}> (0x0000000088d8ff50) thrown at [t:/workspace/open/src/hotspot/share/prims/jvm.cpp, line 1296]
Event: 0.794 Thread 0x00000263ddd94800 Exception <a 'java/security/PrivilegedActionException'{0x0000000088d90b98}> (0x0000000088d90b98) thrown at [t:/workspace/open/src/hotspot/share/prims/jvm.cpp, line 1296]
Event: 0.794 Thread 0x00000263ddd94800 Exception <a 'java/security/PrivilegedActionException'{0x0000000088d90e68}> (0x0000000088d90e68) thrown at [t:/workspace/open/src/hotspot/share/prims/jvm.cpp, line 1296]
Event: 0.795 Thread 0x00000263ddd94800 Exception <a 'java/security/PrivilegedActionException'{0x0000000088d91af0}> (0x0000000088d91af0) thrown at [t:/workspace/open/src/hotspot/share/prims/jvm.cpp, line 1296]
Event: 0.795 Thread 0x00000263ddd94800 Exception <a 'java/security/PrivilegedActionException'{0x0000000088d91dc0}> (0x0000000088d91dc0) thrown at [t:/workspace/open/src/hotspot/share/prims/jvm.cpp, line 1296]
Event: 0.795 Thread 0x00000263ddd94800 Exception <a 'java/security/PrivilegedActionException'{0x0000000088d92ae8}> (0x0000000088d92ae8) thrown at [t:/workspace/open/src/hotspot/share/prims/jvm.cpp, line 1296]
Event: 0.795 Thread 0x00000263ddd94800 Exception <a 'java/security/PrivilegedActionException'{0x0000000088d92db8}> (0x0000000088d92db8) thrown at [t:/workspace/open/src/hotspot/share/prims/jvm.cpp, line 1296]
Event: 1.016 Thread 0x00000263ddd94800 Exception <a 'java/lang/ClassNotFoundException'{0x00000000887b3638}: javax/smartcardio/CardPermission> (0x00000000887b3638) thrown at [t:/workspace/open/src/hotspot/share/classfile/systemDictionary.cpp, line 231]
Event: 1.021 Thread 0x00000263ddd94800 Exception <a 'java/io/FileNotFoundException'{0x00000000887c1938}> (0x00000000887c1938) thrown at [t:/workspace/open/src/hotspot/share/prims/jni.cpp, line 615]

Events (10 events):
Event: 1.151 loading class ch/qos/logback/classic/selector/DefaultContextSelector
Event: 1.151 loading class ch/qos/logback/classic/selector/DefaultContextSelector done
Event: 1.152 loading class ch/qos/logback/classic/util/LoggerNameUtil
Event: 1.152 loading class ch/qos/logback/classic/util/LoggerNameUtil done
Event: 1.153 loading class org/apache/commons/logging/LogAdapter$Slf4jLocationAwareLog
Event: 1.153 loading class org/apache/commons/logging/LogAdapter$Slf4jLocationAwareLog done
Event: 1.154 loading class org/apache/commons/logging/LogAdapter$Slf4jLog
Event: 1.154 loading class org/apache/commons/logging/LogAdapter$Slf4jLog done
Event: 1.155 loading class org/springframework/boot/Banner$Mode
Event: 1.155 loading class org/springframework/boot/Banner$Mode done


Dynamic libraries:
0x00007ff62b7b0000 - 0x00007ff62b7f7000 	C:\Program Files\Java\jdk-11.0.6\bin\javaw.exe
0x00007ffaed240000 - 0x00007ffaed430000 	C:\WINDOWS\SYSTEM32\ntdll.dll
0x00007ffaebbd0000 - 0x00007ffaebc82000 	C:\WINDOWS\System32\KERNEL32.DLL
0x00007ffaea670000 - 0x00007ffaea913000 	C:\WINDOWS\System32\KERNELBASE.dll
0x00007ffaebcb0000 - 0x00007ffaebd53000 	C:\WINDOWS\System32\ADVAPI32.dll
0x00007ffaecfe0000 - 0x00007ffaed07e000 	C:\WINDOWS\System32\msvcrt.dll
0x00007ffaec590000 - 0x00007ffaec627000 	C:\WINDOWS\System32\sechost.dll
0x00007ffaeb810000 - 0x00007ffaeb930000 	C:\WINDOWS\System32\RPCRT4.dll
0x00007ffaec9b0000 - 0x00007ffaecb44000 	C:\WINDOWS\System32\USER32.dll
0x00007ffaea940000 - 0x00007ffaea961000 	C:\WINDOWS\System32\win32u.dll
0x00007ffaed080000 - 0x00007ffaed0a6000 	C:\WINDOWS\System32\GDI32.dll
0x00007ffaeb150000 - 0x00007ffaeb2e4000 	C:\WINDOWS\System32\gdi32full.dll
0x00007ffaea3a0000 - 0x00007ffaea43e000 	C:\WINDOWS\System32\msvcp_win.dll
0x00007ffaea2a0000 - 0x00007ffaea39a000 	C:\WINDOWS\System32\ucrtbase.dll
0x00007ffadc330000 - 0x00007ffadc5b5000 	C:\WINDOWS\WinSxS\amd64_microsoft.windows.common-controls_6595b64144ccf1df_6.0.18362.720_none_e6beb5c51314836b\COMCTL32.dll
0x00007ffaecbb0000 - 0x00007ffaecee6000 	C:\WINDOWS\System32\combase.dll
0x00007ffade230000 - 0x00007ffade23a000 	C:\WINDOWS\SYSTEM32\VERSION.dll
0x00007ffaea1d0000 - 0x00007ffaea250000 	C:\WINDOWS\System32\bcryptPrimitives.dll
0x00007ffaecfb0000 - 0x00007ffaecfde000 	C:\WINDOWS\System32\IMM32.DLL
0x00007ffae2920000 - 0x00007ffae2936000 	C:\Program Files\Java\jdk-11.0.6\bin\vcruntime140.dll
0x00007ffabd910000 - 0x00007ffabd9ba000 	C:\Program Files\Java\jdk-11.0.6\bin\msvcp140.dll
0x00007ffaa5410000 - 0x00007ffaa5f39000 	C:\Program Files\Java\jdk-11.0.6\bin\server\jvm.dll
0x00007ffaed190000 - 0x00007ffaed198000 	C:\WINDOWS\System32\PSAPI.DLL
0x00007ffae6dc0000 - 0x00007ffae6de4000 	C:\WINDOWS\SYSTEM32\WINMM.dll
0x00007ffae1b20000 - 0x00007ffae1b29000 	C:\WINDOWS\SYSTEM32\WSOCK32.dll
0x00007ffaebe30000 - 0x00007ffaebe9f000 	C:\WINDOWS\System32\WS2_32.dll
0x00007ffae6d90000 - 0x00007ffae6dbd000 	C:\WINDOWS\SYSTEM32\WINMMBASE.dll
0x00007ffaea250000 - 0x00007ffaea29a000 	C:\WINDOWS\System32\cfgmgr32.dll
0x00007ffaea160000 - 0x00007ffaea171000 	C:\WINDOWS\System32\kernel.appcore.dll
0x00007ffae3110000 - 0x00007ffae3121000 	C:\Program Files\Java\jdk-11.0.6\bin\verify.dll
0x00007ffade600000 - 0x00007ffade7f4000 	C:\WINDOWS\SYSTEM32\DBGHELP.DLL
0x00007ffade5d0000 - 0x00007ffade5fa000 	C:\WINDOWS\SYSTEM32\dbgcore.DLL
0x00007ffad9830000 - 0x00007ffad9859000 	C:\Program Files\Java\jdk-11.0.6\bin\java.dll
0x00007ffae30f0000 - 0x00007ffae3106000 	C:\Program Files\Java\jdk-11.0.6\bin\zip.dll
0x00007ffae6df0000 - 0x00007ffae6dfa000 	C:\Program Files\Java\jdk-11.0.6\bin\jimage.dll
0x00007ffaebea0000 - 0x00007ffaec585000 	C:\WINDOWS\System32\SHELL32.dll
0x00007ffaecf00000 - 0x00007ffaecfa9000 	C:\WINDOWS\System32\shcore.dll
0x00007ffaea970000 - 0x00007ffaeb0f0000 	C:\WINDOWS\System32\windows.storage.dll
0x00007ffaea180000 - 0x00007ffaea1a3000 	C:\WINDOWS\System32\profapi.dll
0x00007ffaea110000 - 0x00007ffaea15a000 	C:\WINDOWS\System32\powrprof.dll
0x00007ffaea100000 - 0x00007ffaea110000 	C:\WINDOWS\System32\UMPDC.dll
0x00007ffaed130000 - 0x00007ffaed182000 	C:\WINDOWS\System32\shlwapi.dll
0x00007ffaea920000 - 0x00007ffaea937000 	C:\WINDOWS\System32\cryptsp.dll
0x00007ffadbfe0000 - 0x00007ffadbff9000 	C:\Program Files\Java\jdk-11.0.6\bin\net.dll
0x00007ffadf3a0000 - 0x00007ffadf491000 	C:\WINDOWS\SYSTEM32\WINHTTP.dll
0x00007ffae9970000 - 0x00007ffae99d7000 	C:\WINDOWS\system32\mswsock.dll
0x00007fface1d0000 - 0x00007fface1e3000 	C:\Program Files\Java\jdk-11.0.6\bin\nio.dll

dbghelp: loaded successfully - version: 4.0.5 - missing functions: none
symbol engine: initialized successfully - sym options: 0x614 - pdb path: .;C:\Program Files\Java\jdk-11.0.6\bin;C:\WINDOWS\SYSTEM32;C:\WINDOWS\WinSxS\amd64_microsoft.windows.common-controls_6595b64144ccf1df_6.0.18362.720_none_e6beb5c51314836b;C:\Program Files\Java\jdk-11.0.6\bin\server

VM Arguments:
jvm_args: -Dfile.encoding=UTF-8 
java_command: com.snapshotprojects.Bingofy.BingofyApplication
java_class_path (initial): C:\Users\Priya\Downloads\Bingofy\target\classes;C:\Users\Priya\.m2\repository\org\springframework\boot\spring-boot-starter-data-jpa\2.2.6.RELEASE\spring-boot-starter-data-jpa-2.2.6.RELEASE.jar;C:\Users\Priya\.m2\repository\org\springframework\boot\spring-boot-starter-aop\2.2.6.RELEASE\spring-boot-starter-aop-2.2.6.RELEASE.jar;C:\Users\Priya\.m2\repository\org\aspectj\aspectjweaver\1.9.5\aspectjweaver-1.9.5.jar;C:\Users\Priya\.m2\repository\org\springframework\boot\spring-boot-starter-jdbc\2.2.6.RELEASE\spring-boot-starter-jdbc-2.2.6.RELEASE.jar;C:\Users\Priya\.m2\repository\com\zaxxer\HikariCP\3.4.2\HikariCP-3.4.2.jar;C:\Users\Priya\.m2\repository\org\springframework\spring-jdbc\5.2.5.RELEASE\spring-jdbc-5.2.5.RELEASE.jar;C:\Users\Priya\.m2\repository\jakarta\activation\jakarta.activation-api\1.2.2\jakarta.activation-api-1.2.2.jar;C:\Users\Priya\.m2\repository\jakarta\persistence\jakarta.persistence-api\2.2.3\jakarta.persistence-api-2.2.3.jar;C:\Users\Priya\.m2\repository\jakarta\transaction\jakarta.transaction-api\1.3.3\jakarta.transaction-api-1.3.3.jar;C:\Users\Priya\.m2\repository\org\hibernate\hibernate-core\5.4.12.Final\hibernate-core-5.4.12.Final.jar;C:\Users\Priya\.m2\repository\org\jboss\logging\jboss-logging\3.4.1.Final\jboss-logging-3.4.1.Final.jar;C:\Users\Priya\.m2\repository\org\javassist\javassist\3.24.0-GA\javassist-3.24.0-GA.jar;C:\Users\Priya\.m2\repository\net\bytebuddy\byte-buddy\1.10.8\byte-buddy-1.10.8.jar;C:\Users\Priya\.m2\repository\antlr\antlr\2.7.7\antlr-2.7.7.jar;C:\Users\Priya\.m2\repository\org\jboss\jandex\2.1.1.Final\jandex-2.1.1.Final.jar;C:\Users\Priya\.m2\repository\com\fasterxml\classmate\1.5.1\classmate-1.5.1.jar;C:\Users\Priya\.m2\repository\org\dom4j\dom4j\2.1.1\dom4j-2.1.1.jar;C:\Users\Priya\.m2\repository\org\hibernate\common\hibernate-commons-annotations\5.1.0.Final\hibernate-commons-annotations-5.1.0.Final.jar;C:\Users\Priya\.m2\repository\org\glassfish\jaxb\jaxb-runtime\2.3.2\jaxb-runtime-2.3.2.
Launcher Type: SUN_STANDARD

[Global flags]
     intx CICompilerCount                          = 3                                         {product} {ergonomic}
     uint ConcGCThreads                            = 1                                         {product} {ergonomic}
     uint G1ConcRefinementThreads                  = 4                                         {product} {ergonomic}
   size_t G1HeapRegionSize                         = 1048576                                   {product} {ergonomic}
    uintx GCDrainStackTargetSize                   = 64                                        {product} {ergonomic}
   size_t InitialHeapSize                          = 134217728                                 {product} {ergonomic}
   size_t MarkStackSize                            = 4194304                                   {product} {ergonomic}
   size_t MaxHeapSize                              = 2130706432                                {product} {ergonomic}
   size_t MaxNewSize                               = 1278214144                                {product} {ergonomic}
   size_t MinHeapDeltaBytes                        = 1048576                                   {product} {ergonomic}
    uintx NonNMethodCodeHeapSize                   = 5830732                                {pd product} {ergonomic}
    uintx NonProfiledCodeHeapSize                  = 122913754                              {pd product} {ergonomic}
    uintx ProfiledCodeHeapSize                     = 122913754                              {pd product} {ergonomic}
    uintx ReservedCodeCacheSize                    = 251658240                              {pd product} {ergonomic}
     bool SegmentedCodeCache                       = true                                      {product} {ergonomic}
     bool UseCompressedClassPointers               = true                                 {lp64_product} {ergonomic}
     bool UseCompressedOops                        = true                                 {lp64_product} {ergonomic}
     bool UseG1GC                                  = true                                      {product} {ergonomic}
     bool UseLargePagesIndividualAllocation        = false                                  {pd product} {ergonomic}

Logging:
Log output configuration:
 #0: stdout all=warning uptime,level,tags
 #1: stderr all=off uptime,level,tags

Environment Variables:
JAVA_HOME=C:\Program Files\Java\jdk-11.0.6
PATH=C:/Program Files/Java/jdk-11.0.6/bin/server;C:/Program Files/Java/jdk-11.0.6/bin;C:\Program Files\Java\jdk-11.0.6\bin;C:\Users\Priya\AppData\Local\Android\Sdk;C:\Program Files (x86)\Common Files\Oracle\Java\javapath;C:\ProgramData\Oracle\Java\javapath;C:\Users\Nikhil\AppData\Local\Android\android-sdk\platform-tools;C:\Program Files (x86)\Intel\iCLS Client\;C:\Program Files\Intel\iCLS Client\;C:\WINDOWS\system32;C:\WINDOWS;C:\WINDOWS\System32\Wbem;C:\WINDOWS\System32\WindowsPowerShell\v1.0\;C:\Program Files\Hewlett-Packard\SimplePass\;C:\Program Files (x86)\Windows Live\Shared;C:\Program Files\Intel\Intel(R) Management Engine Components\DAL;C:\Program Files\Intel\Intel(R) Management Engine Components\IPT;C:\Program Files (x86)\Intel\Intel(R) Management Engine Components\DAL;C:\Program Files (x86)\Intel\Intel(R) Management Engine Components\IPT;C:\Program Files (x86)\ATI Technologies\ATI.ACE\Core-Static;F:\Development\Tools;C:\Program Files (x86)\Microsoft SQL Server\100\Tools\Binn\;C:\Program Files\Microsoft SQL Server\100\Tools\Binn\;C:\Program Files\Microsoft SQL Server\100\DTS\Binn\;C:\Android;C:\Windows\System32;C:\Program Files\PuTTY\;C:\WINDOWS\System32\OpenSSH\;C:\Program Files\Git\cmd;C:\xampp\mysql\bin;C:\Program Files\nodejs\;C:\Program Files\TortoiseSVN\bin;C:\Program Files\Java\jdk-11.0.6\bin;C:\Users\Priya\AppData\Local\Microsoft\WindowsApps;C:\Users\Priya\AppData\Roaming\npm;C:\Users\Priya\Desktop;
USERNAME=Priya
OS=Windows_NT
PROCESSOR_IDENTIFIER=Intel64 Family 6 Model 69 Stepping 1, GenuineIntel



---------------  S Y S T E M  ---------------

OS: Windows 10 , 64 bit Build 18362 (10.0.18362.329)

CPU:total 4 (initial active 4) (2 cores per cpu, 2 threads per core) family 6 model 69 stepping 1, cmov, cx8, fxsr, mmx, sse, sse2, sse3, ssse3, sse4.1, sse4.2, popcnt, avx, avx2, aes, clmul, erms, lzcnt, ht, tsc, tscinvbit, bmi1, bmi2, fma

Memory: 4k page, system-wide physical 8122M (1059M free)
TotalPageFile size 10545M (AvailPageFile size 4M)
current process WorkingSet (physical memory assigned to process): 56M, peak: 56M
current process commit charge ("private bytes"): 209M, peak: 209M

vm_info: Java HotSpot(TM) 64-Bit Server VM (11.0.6+8-LTS) for windows-amd64 JRE (11.0.6+8-LTS), built on Dec 11 2019 09:17:57 by "mach5one" with MS VC++ 15.5 (VS2017)

END.
